TN:
SF:src/slider/SliderError.ts
FNF:0
FNH:0
DA:2,28
LF:1
LH:1
BRF:0
BRH:0
end_of_record
TN:
SF:src/slider/common/MinMaxPosition.ts
FNF:0
FNH:0
LF:0
LH:0
BRF:0
BRH:0
end_of_record
TN:
SF:src/slider/model/Model.ts
FN:23,(anonymous_0)
FN:32,(anonymous_1)
FN:39,(anonymous_2)
FN:44,(anonymous_3)
FN:48,(anonymous_4)
FN:56,(anonymous_5)
FN:60,(anonymous_6)
FN:71,(anonymous_7)
FN:78,(anonymous_8)
FN:90,(anonymous_9)
FN:99,(anonymous_10)
FN:103,(anonymous_11)
FN:112,(anonymous_12)
FN:118,(anonymous_13)
FN:125,(anonymous_14)
FN:133,(anonymous_15)
FN:137,(anonymous_16)
FN:141,(anonymous_17)
FN:147,(anonymous_18)
FN:151,(anonymous_19)
FN:155,(anonymous_20)
FN:159,(anonymous_21)
FNF:22
FNH:22
FNDA:62,(anonymous_0)
FNDA:55,(anonymous_1)
FNDA:37,(anonymous_2)
FNDA:16,(anonymous_3)
FNDA:151,(anonymous_4)
FNDA:7,(anonymous_5)
FNDA:41,(anonymous_6)
FNDA:11,(anonymous_7)
FNDA:4,(anonymous_8)
FNDA:5,(anonymous_9)
FNDA:10,(anonymous_10)
FNDA:8,(anonymous_11)
FNDA:3,(anonymous_12)
FNDA:9,(anonymous_13)
FNDA:8,(anonymous_14)
FNDA:5,(anonymous_15)
FNDA:5,(anonymous_16)
FNDA:12,(anonymous_17)
FNDA:3,(anonymous_18)
FNDA:2,(anonymous_19)
FNDA:2,(anonymous_20)
FNDA:3,(anonymous_21)
DA:9,62
DA:11,62
DA:13,62
DA:15,62
DA:17,62
DA:19,62
DA:21,62
DA:24,62
DA:25,19
DA:26,19
DA:27,19
DA:28,19
DA:33,55
DA:34,55
DA:35,55
DA:36,55
DA:40,37
DA:41,37
DA:45,16
DA:49,151
DA:50,10
DA:57,7
DA:61,41
DA:72,11
DA:79,4
DA:91,5
DA:100,10
DA:104,8
DA:105,5
DA:106,4
DA:108,2
DA:109,2
DA:113,3
DA:114,3
DA:115,3
DA:119,9
DA:120,9
DA:121,4
DA:122,4
DA:126,8
DA:127,6
DA:129,4
DA:130,4
DA:134,5
DA:138,5
DA:142,12
DA:143,12
DA:148,3
DA:152,2
DA:156,2
DA:160,3
LF:51
LH:51
BRDA:24,0,0,19
BRDA:24,0,1,43
BRDA:25,1,0,8
BRDA:25,1,1,11
BRDA:26,2,0,13
BRDA:26,2,1,6
BRDA:27,3,0,2
BRDA:27,3,1,17
BRDA:33,4,0,38
BRDA:33,4,1,17
BRDA:34,5,0,22
BRDA:34,5,1,33
BRDA:35,6,0,21
BRDA:35,6,1,34
BRDA:36,7,0,22
BRDA:36,7,1,33
BRDA:40,8,0,22
BRDA:40,8,1,15
BRDA:41,9,0,29
BRDA:41,9,1,8
BRDA:49,10,0,141
BRDA:49,10,1,10
BRDA:104,11,0,3
BRDA:104,11,1,5
BRDA:105,12,0,1
BRDA:105,12,1,4
BRDA:106,13,0,2
BRDA:106,13,1,2
BRDA:109,14,0,1
BRDA:109,14,1,1
BRDA:120,15,0,5
BRDA:120,15,1,4
BRDA:121,16,0,2
BRDA:121,16,1,2
BRDA:122,17,0,1
BRDA:122,17,1,3
BRDA:126,18,0,2
BRDA:126,18,1,6
BRDA:127,19,0,2
BRDA:127,19,1,4
BRDA:138,20,0,5
BRDA:138,20,1,3
BRDA:143,21,0,12
BRDA:143,21,1,6
BRDA:143,21,2,11
BRDA:143,21,3,6
BRF:46
BRH:46
end_of_record
TN:
SF:src/slider/model/ValidModel.ts
FN:7,(anonymous_0)
FN:27,(anonymous_1)
FN:41,(anonymous_2)
FN:55,(anonymous_3)
FN:62,(anonymous_4)
FN:69,(anonymous_5)
FN:78,(anonymous_6)
FN:84,(anonymous_7)
FN:90,(anonymous_8)
FN:96,(anonymous_9)
FN:102,(anonymous_10)
FN:111,(anonymous_11)
FN:120,(anonymous_12)
FN:138,(anonymous_13)
FNF:14
FNH:14
FNDA:36,(anonymous_0)
FNDA:28,(anonymous_1)
FNDA:14,(anonymous_2)
FNDA:18,(anonymous_3)
FNDA:9,(anonymous_4)
FNDA:30,(anonymous_5)
FNDA:137,(anonymous_6)
FNDA:33,(anonymous_7)
FNDA:46,(anonymous_8)
FNDA:27,(anonymous_9)
FNDA:17,(anonymous_10)
FNDA:37,(anonymous_11)
FNDA:8,(anonymous_12)
FNDA:27,(anonymous_13)
DA:8,36
DA:9,36
DA:10,36
DA:11,36
DA:12,28
DA:17,36
DA:18,23
DA:19,23
DA:21,36
DA:22,21
DA:28,28
DA:29,27
DA:30,27
DA:31,26
DA:32,13
DA:33,12
DA:35,13
DA:37,24
DA:38,23
DA:42,14
DA:43,13
DA:44,11
DA:45,10
DA:46,10
DA:47,10
DA:48,9
DA:49,8
DA:50,7
DA:51,6
DA:52,5
DA:56,18
DA:57,17
DA:58,17
DA:59,14
DA:63,9
DA:64,8
DA:65,8
DA:66,4
DA:70,30
DA:71,28
DA:72,27
DA:73,27
DA:74,27
DA:75,26
DA:79,137
DA:80,9
DA:85,33
DA:86,2
DA:91,46
DA:92,3
DA:97,27
DA:98,2
DA:103,17
DA:104,2
DA:106,15
DA:107,1
DA:112,37
DA:116,3
DA:121,8
DA:122,5
DA:123,1
DA:125,4
DA:126,1
DA:129,3
DA:130,1
DA:132,2
DA:133,1
DA:139,27
DA:140,1
DA:142,26
DA:143,0
LF:71
LH:70
BRDA:9,0,0,36
BRDA:9,0,1,0
BRDA:11,1,0,28
BRDA:11,1,1,8
BRDA:13,2,0,28
BRDA:13,2,1,27
BRDA:14,3,0,28
BRDA:14,3,1,0
BRDA:17,4,0,23
BRDA:17,4,1,13
BRDA:18,5,0,23
BRDA:18,5,1,0
BRDA:19,6,0,23
BRDA:19,6,1,0
BRDA:19,7,0,23
BRDA:19,7,1,0
BRDA:21,8,0,21
BRDA:21,8,1,15
BRDA:31,9,0,13
BRDA:31,9,1,13
BRDA:79,10,0,9
BRDA:79,10,1,128
BRDA:79,11,0,137
BRDA:79,11,1,137
BRDA:79,11,2,137
BRDA:79,11,3,128
BRDA:85,12,0,2
BRDA:85,12,1,31
BRDA:91,13,0,3
BRDA:91,13,1,43
BRDA:91,14,0,46
BRDA:91,14,1,44
BRDA:97,15,0,2
BRDA:97,15,1,25
BRDA:103,16,0,2
BRDA:103,16,1,15
BRDA:106,17,0,1
BRDA:106,17,1,14
BRDA:112,18,0,3
BRDA:112,18,1,34
BRDA:112,19,0,37
BRDA:112,19,1,4
BRDA:112,19,2,4
BRDA:121,20,0,5
BRDA:121,20,1,3
BRDA:122,21,0,1
BRDA:122,21,1,4
BRDA:125,22,0,1
BRDA:125,22,1,3
BRDA:129,23,0,1
BRDA:129,23,1,2
BRDA:132,24,0,1
BRDA:132,24,1,1
BRDA:139,25,0,1
BRDA:139,25,1,26
BRDA:142,26,0,0
BRDA:142,26,1,26
BRF:57
BRH:51
end_of_record
TN:
SF:src/slider/observer/Observer.ts
FN:7,(anonymous_0)
FN:15,(anonymous_1)
FN:17,(anonymous_2)
FNF:3
FNH:3
FNDA:64,(anonymous_0)
FNDA:16,(anonymous_1)
FNDA:7,(anonymous_2)
DA:5,103
DA:8,64
DA:9,62
DA:11,64
DA:12,64
DA:16,16
DA:17,5
DA:18,7
LF:8
LH:8
BRDA:8,0,0,62
BRDA:8,0,1,2
BRDA:16,1,0,5
BRDA:16,1,1,11
BRF:4
BRH:4
end_of_record
TN:
SF:src/slider/observer/SliderEvent.ts
FNF:0
FNH:0
LF:0
LH:0
BRF:0
BRH:0
end_of_record
TN:
SF:src/slider/presenter/Presenter.ts
FN:14,(anonymous_0)
FN:20,(anonymous_1)
FN:34,(anonymous_2)
FN:45,(anonymous_3)
FN:51,(anonymous_4)
FNF:5
FNH:5
FNDA:23,(anonymous_0)
FNDA:5,(anonymous_1)
FNDA:6,(anonymous_2)
FNDA:2,(anonymous_3)
FNDA:1,(anonymous_4)
DA:15,23
DA:16,23
DA:17,23
DA:21,5
DA:22,4
DA:29,4
DA:35,6
DA:36,6
DA:37,6
DA:41,6
DA:45,23
DA:46,2
DA:47,2
DA:48,1
DA:51,23
DA:52,1
LF:16
LH:16
BRDA:21,0,0,1
BRDA:21,0,1,4
BRDA:35,1,0,6
BRDA:35,1,1,0
BRDA:46,2,0,0
BRDA:46,2,1,2
BRDA:47,3,0,1
BRDA:47,3,1,1
BRDA:53,4,0,0
BRDA:53,4,1,1
BRF:10
BRH:7
end_of_record
TN:
SF:src/slider/presenter/PresenterProxy.ts
FN:10,(anonymous_0)
FN:14,(anonymous_1)
FN:18,(anonymous_2)
FN:23,(anonymous_3)
FN:31,(anonymous_4)
FN:39,(anonymous_5)
FN:43,(anonymous_6)
FN:58,(anonymous_7)
FN:60,(anonymous_8)
FN:64,(anonymous_9)
FN:66,(anonymous_10)
FN:70,(anonymous_11)
FN:72,(anonymous_12)
FN:73,(anonymous_13)
FN:76,(anonymous_14)
FN:96,(anonymous_15)
FN:104,(anonymous_16)
FN:109,(anonymous_17)
FN:122,(anonymous_18)
FN:130,(anonymous_19)
FN:143,(anonymous_20)
FNF:21
FNH:21
FNDA:1,(anonymous_0)
FNDA:1,(anonymous_1)
FNDA:1,(anonymous_2)
FNDA:1,(anonymous_3)
FNDA:2,(anonymous_4)
FNDA:1,(anonymous_5)
FNDA:3,(anonymous_6)
FNDA:1,(anonymous_7)
FNDA:2,(anonymous_8)
FNDA:1,(anonymous_9)
FNDA:2,(anonymous_10)
FNDA:1,(anonymous_11)
FNDA:2,(anonymous_12)
FNDA:2,(anonymous_13)
FNDA:2,(anonymous_14)
FNDA:2,(anonymous_15)
FNDA:1,(anonymous_16)
FNDA:1,(anonymous_17)
FNDA:5,(anonymous_18)
FNDA:4,(anonymous_19)
FNDA:3,(anonymous_20)
DA:11,1
DA:15,1
DA:19,1
DA:20,1
DA:24,1
DA:25,1
DA:32,2
DA:33,2
DA:40,1
DA:44,3
DA:45,3
DA:46,1
DA:52,3
DA:53,3
DA:54,2
DA:59,1
DA:60,2
DA:61,1
DA:65,1
DA:66,2
DA:67,1
DA:71,1
DA:72,2
DA:73,2
DA:77,2
DA:78,2
DA:79,2
DA:80,1
DA:81,1
DA:85,1
DA:90,2
DA:97,2
DA:98,2
DA:99,2
DA:100,1
DA:105,1
DA:106,1
DA:110,1
DA:111,1
DA:112,1
DA:113,1
DA:114,1
DA:123,5
DA:124,5
DA:125,5
DA:126,4
DA:131,4
DA:132,4
DA:133,2
DA:134,2
DA:136,4
DA:137,1
DA:138,1
DA:140,4
DA:144,3
DA:145,3
LF:56
LH:56
BRDA:45,0,0,1
BRDA:45,0,1,2
BRDA:53,1,0,2
BRDA:53,1,1,1
BRDA:79,2,0,1
BRDA:79,2,1,1
BRDA:99,3,0,1
BRDA:99,3,1,1
BRDA:113,4,0,1
BRDA:113,4,1,0
BRDA:125,5,0,4
BRDA:125,5,1,1
BRDA:132,6,0,2
BRDA:132,6,1,2
BRDA:136,7,0,1
BRDA:136,7,1,3
BRDA:144,8,0,3
BRDA:144,8,1,0
BRF:18
BRH:16
end_of_record
TN:
SF:src/slider/utils/ClassNames.ts
FNF:0
FNH:0
LF:0
LH:0
BRF:0
BRH:0
end_of_record
TN:
SF:src/slider/utils/ConvertUtil.ts
FN:2,(anonymous_0)
FN:6,(anonymous_1)
FN:10,(anonymous_2)
FN:14,(anonymous_3)
FNF:4
FNH:4
FNDA:51,(anonymous_0)
FNDA:5,(anonymous_1)
FNDA:44,(anonymous_2)
FNDA:4,(anonymous_3)
DA:3,51
DA:7,5
DA:11,44
DA:15,4
LF:4
LH:4
BRF:0
BRH:0
end_of_record
TN:
SF:src/slider/utils/CssClassUtil.ts
FN:6,(anonymous_0)
FN:11,(anonymous_1)
FN:17,(anonymous_2)
FN:21,(anonymous_3)
FN:25,(anonymous_4)
FNF:5
FNH:5
FNDA:200,(anonymous_0)
FNDA:17,(anonymous_1)
FNDA:15,(anonymous_2)
FNDA:3,(anonymous_3)
FNDA:235,(anonymous_4)
DA:4,8
DA:7,200
DA:8,200
DA:12,17
DA:13,17
DA:14,17
DA:18,15
DA:22,3
DA:26,235
LF:9
LH:9
BRDA:8,0,0,163
BRDA:8,0,1,37
BRDA:26,1,0,223
BRDA:26,1,1,12
BRF:4
BRH:4
end_of_record
TN:
SF:src/slider/utils/PositionUtil.ts
FN:5,(anonymous_0)
FN:24,(anonymous_1)
FNF:2
FNH:2
FNDA:2,(anonymous_0)
FNDA:1,(anonymous_1)
DA:6,2
DA:7,1
DA:18,1
DA:27,1
DA:28,1
LF:5
LH:5
BRDA:6,0,0,1
BRDA:6,0,1,1
BRF:2
BRH:2
end_of_record
TN:
SF:src/slider/view/MockView.ts
FN:9,(anonymous_0)
FN:12,(anonymous_1)
FN:15,(anonymous_2)
FN:18,(anonymous_3)
FN:21,(anonymous_4)
FN:24,(anonymous_5)
FN:27,(anonymous_6)
FNF:7
FNH:7
FNDA:4,(anonymous_0)
FNDA:1,(anonymous_1)
FNDA:2,(anonymous_2)
FNDA:2,(anonymous_3)
FNDA:1,(anonymous_4)
FNDA:3,(anonymous_5)
FNDA:1,(anonymous_6)
LF:0
LH:0
BRF:0
BRH:0
end_of_record
TN:
SF:src/slider/view/View.ts
FN:19,(anonymous_0)
FN:52,(anonymous_1)
FN:56,(anonymous_2)
FN:60,(anonymous_3)
FN:64,(anonymous_4)
FN:70,(anonymous_5)
FN:74,(anonymous_6)
FN:78,(anonymous_7)
FN:82,(anonymous_8)
FN:86,(anonymous_9)
FNF:10
FNH:7
FNDA:10,(anonymous_0)
FNDA:1,(anonymous_1)
FNDA:1,(anonymous_2)
FNDA:1,(anonymous_3)
FNDA:1,(anonymous_4)
FNDA:1,(anonymous_5)
FNDA:11,(anonymous_6)
FNDA:0,(anonymous_7)
FNDA:0,(anonymous_8)
FNDA:0,(anonymous_9)
DA:15,10
DA:17,10
DA:29,10
DA:30,10
DA:31,10
DA:33,10
DA:38,10
DA:41,10
DA:43,10
DA:44,10
DA:46,10
DA:47,10
DA:48,10
DA:49,1
DA:53,1
DA:57,1
DA:61,1
DA:65,1
DA:66,1
DA:67,1
DA:71,1
DA:75,11
DA:78,10
DA:79,0
DA:82,10
DA:83,0
DA:86,10
DA:87,0
LF:28
LH:25
BRDA:43,0,0,1
BRDA:43,0,1,9
BRDA:47,1,0,1
BRDA:47,1,1,9
BRDA:48,2,0,9
BRDA:48,2,1,1
BRF:6
BRH:6
end_of_record
TN:
SF:src/slider/view/body/Body.ts
FN:21,(anonymous_0)
FN:25,(anonymous_1)
FN:41,(anonymous_2)
FN:45,(anonymous_3)
FN:50,(anonymous_4)
FN:57,(anonymous_5)
FN:75,(anonymous_6)
FN:79,(anonymous_7)
FN:83,(anonymous_8)
FN:87,(anonymous_9)
FNF:10
FNH:5
FNDA:0,(anonymous_0)
FNDA:15,(anonymous_1)
FNDA:3,(anonymous_2)
FNDA:3,(anonymous_3)
FNDA:2,(anonymous_4)
FNDA:13,(anonymous_5)
FNDA:0,(anonymous_6)
FNDA:0,(anonymous_7)
FNDA:0,(anonymous_8)
FNDA:0,(anonymous_9)
DA:17,15
DA:19,15
DA:22,0
DA:26,15
DA:27,15
DA:29,15
DA:30,15
DA:36,15
DA:37,15
DA:38,15
DA:42,3
DA:46,3
DA:47,3
DA:51,2
DA:52,2
DA:53,2
DA:54,2
DA:58,13
DA:59,13
DA:60,13
DA:61,13
DA:63,13
DA:64,11
DA:65,11
DA:68,13
DA:75,15
DA:76,0
DA:79,15
DA:80,0
DA:83,15
DA:84,0
DA:87,15
DA:88,0
LF:33
LH:28
BRDA:59,0,0,13
BRDA:59,0,1,0
BRDA:63,1,0,11
BRDA:63,1,1,2
BRDA:71,2,0,13
BRDA:71,2,1,0
BRDA:87,3,0,0
BRF:7
BRH:4
end_of_record
TN:
SF:src/slider/view/point/Point.ts
FN:15,(anonymous_0)
FN:19,(anonymous_1)
FN:27,(anonymous_2)
FN:35,(anonymous_3)
FN:42,(anonymous_4)
FN:46,(anonymous_5)
FN:52,(anonymous_6)
FN:56,(anonymous_7)
FN:60,(anonymous_8)
FNF:9
FNH:9
FNDA:11,(anonymous_0)
FNDA:41,(anonymous_1)
FNDA:3,(anonymous_2)
FNDA:2,(anonymous_3)
FNDA:1,(anonymous_4)
FNDA:26,(anonymous_5)
FNDA:4,(anonymous_6)
FNDA:7,(anonymous_7)
FNDA:5,(anonymous_8)
DA:13,41
DA:16,11
DA:20,41
DA:21,41
DA:22,41
DA:23,41
DA:24,41
DA:27,41
DA:28,3
DA:29,3
DA:30,3
DA:31,3
DA:32,3
DA:35,41
DA:36,2
DA:37,2
DA:38,2
DA:39,2
DA:42,41
DA:43,1
DA:47,26
DA:48,26
DA:49,26
DA:53,4
DA:57,7
DA:61,5
DA:62,5
DA:63,5
LF:28
LH:28
BRDA:48,0,0,25
BRDA:48,0,1,1
BRDA:49,1,0,21
BRDA:49,1,1,5
BRF:4
BRH:4
end_of_record
TN:
SF:src/slider/view/range/Range.ts
FN:9,(anonymous_0)
FN:13,(anonymous_1)
FN:19,(anonymous_2)
FN:30,(anonymous_3)
FNF:4
FNH:4
FNDA:8,(anonymous_0)
FNDA:20,(anonymous_1)
FNDA:15,(anonymous_2)
FNDA:3,(anonymous_3)
DA:10,8
DA:14,20
DA:15,20
DA:16,20
DA:20,15
DA:21,14
DA:22,14
DA:23,14
DA:25,1
DA:26,1
DA:31,3
LF:11
LH:11
BRDA:20,0,0,14
BRDA:20,0,1,1
BRDA:22,1,0,14
BRDA:22,1,1,0
BRDA:23,2,0,12
BRDA:23,2,1,2
BRDA:25,3,0,1
BRDA:25,3,1,0
BRDA:26,4,0,1
BRDA:26,4,1,0
BRF:10
BRH:7
end_of_record
TN:
SF:src/slider/view/scale/Scale.ts
FN:12,(anonymous_0)
FN:19,(anonymous_1)
FN:23,(anonymous_2)
FN:27,(anonymous_3)
FN:29,(anonymous_4)
FN:34,(anonymous_5)
FN:48,(anonymous_6)
FN:55,(anonymous_7)
FN:72,(anonymous_8)
FNF:9
FNH:7
FNDA:6,(anonymous_0)
FNDA:5,(anonymous_1)
FNDA:1,(anonymous_2)
FNDA:1,(anonymous_3)
FNDA:0,(anonymous_4)
FNDA:2,(anonymous_5)
FNDA:55,(anonymous_6)
FNDA:2,(anonymous_7)
FNDA:0,(anonymous_8)
DA:13,6
DA:14,6
DA:15,6
DA:16,6
DA:20,5
DA:24,1
DA:28,1
DA:29,1
DA:30,0
DA:35,2
DA:36,2
DA:37,2
DA:38,2
DA:40,2
DA:41,2
DA:42,55
DA:44,2
DA:49,55
DA:50,55
DA:51,55
DA:52,55
DA:61,2
DA:62,2
DA:63,3
DA:64,3
DA:66,2
DA:72,6
DA:73,0
LF:28
LH:26
BRDA:37,0,0,2
BRDA:37,0,1,0
BRDA:38,1,0,1
BRDA:38,1,1,1
BRDA:50,2,0,49
BRDA:50,2,1,6
BRF:6
BRH:5
end_of_record
TN:
SF:src/slider/view/tooltip/Tooltip.ts
FN:8,(anonymous_0)
FN:12,(anonymous_1)
FN:18,(anonymous_2)
FN:22,(anonymous_3)
FN:37,(anonymous_4)
FNF:5
FNH:5
FNDA:10,(anonymous_0)
FNDA:48,(anonymous_1)
FNDA:8,(anonymous_2)
FNDA:24,(anonymous_3)
FNDA:6,(anonymous_4)
DA:9,10
DA:13,48
DA:14,48
DA:15,48
DA:19,8
DA:23,24
DA:24,24
DA:25,3
DA:26,3
DA:27,3
DA:28,3
DA:29,1
DA:31,3
DA:32,1
DA:38,6
LF:15
LH:15
BRDA:24,0,0,3
BRDA:24,0,1,21
BRDA:28,1,0,1
BRDA:28,1,1,2
BRDA:31,2,0,1
BRDA:31,2,1,2
BRF:6
BRH:6
end_of_record
