{"/media/ghost/Biggie/Sync/Mega/projects/WebStorm/fsd/Slider/src/slider/SliderError.ts": {"path":"/media/ghost/Biggie/Sync/Mega/projects/WebStorm/fsd/Slider/src/slider/SliderError.ts","statementMap":{"0":{"start":{"line":2,"column":9},"end":{"line":2,"column":22}}},"fnMap":{},"branchMap":{},"s":{"0":15},"f":{},"b":{},"_coverageSchema":"1a1c01bbd47fc00a2c39e90264f33305004495a9","hash":"999c77f641454373ee3c31278578f57b13f01f30"}
,"/media/ghost/Biggie/Sync/Mega/projects/WebStorm/fsd/Slider/src/slider/model/Model.ts": {"path":"/media/ghost/Biggie/Sync/Mega/projects/WebStorm/fsd/Slider/src/slider/model/Model.ts","statementMap":{"0":{"start":{"line":7,"column":37},"end":{"line":15,"column":3}},"1":{"start":{"line":19,"column":4},"end":{"line":19,"column":73}},"2":{"start":{"line":19,"column":31},"end":{"line":19,"column":73}},"3":{"start":{"line":20,"column":4},"end":{"line":20,"column":49}},"4":{"start":{"line":24,"column":4},"end":{"line":24,"column":57}},"5":{"start":{"line":24,"column":31},"end":{"line":24,"column":57}},"6":{"start":{"line":25,"column":4},"end":{"line":25,"column":69}},"7":{"start":{"line":25,"column":43},"end":{"line":25,"column":69}},"8":{"start":{"line":26,"column":4},"end":{"line":26,"column":69}},"9":{"start":{"line":26,"column":43},"end":{"line":26,"column":69}},"10":{"start":{"line":28,"column":22},"end":{"line":28,"column":92}},"11":{"start":{"line":28,"column":50},"end":{"line":28,"column":92}},"12":{"start":{"line":29,"column":4},"end":{"line":29,"column":93}},"13":{"start":{"line":33,"column":4},"end":{"line":33,"column":51}},"14":{"start":{"line":33,"column":20},"end":{"line":33,"column":51}},"15":{"start":{"line":34,"column":4},"end":{"line":34,"column":51}},"16":{"start":{"line":34,"column":20},"end":{"line":34,"column":51}},"17":{"start":{"line":36,"column":23},"end":{"line":36,"column":71}},"18":{"start":{"line":37,"column":4},"end":{"line":37,"column":44}},"19":{"start":{"line":41,"column":4},"end":{"line":41,"column":84}},"20":{"start":{"line":45,"column":4},"end":{"line":46,"column":79}},"21":{"start":{"line":50,"column":4},"end":{"line":50,"column":65}},"22":{"start":{"line":54,"column":4},"end":{"line":60,"column":5}},"23":{"start":{"line":55,"column":6},"end":{"line":55,"column":52}},"24":{"start":{"line":56,"column":6},"end":{"line":56,"column":57}},"25":{"start":{"line":58,"column":6},"end":{"line":58,"column":31}},"26":{"start":{"line":59,"column":6},"end":{"line":59,"column":52}},"27":{"start":{"line":61,"column":4},"end":{"line":61,"column":26}},"28":{"start":{"line":62,"column":4},"end":{"line":62,"column":49}},"29":{"start":{"line":66,"column":4},"end":{"line":66,"column":57}},"30":{"start":{"line":70,"column":4},"end":{"line":70,"column":55}},"31":{"start":{"line":74,"column":4},"end":{"line":74,"column":53}},"32":{"start":{"line":78,"column":4},"end":{"line":78,"column":45}},"33":{"start":{"line":82,"column":4},"end":{"line":85,"column":6}},"34":{"start":{"line":89,"column":4},"end":{"line":92,"column":6}},"35":{"start":{"line":96,"column":4},"end":{"line":96,"column":31}},"36":{"start":{"line":100,"column":4},"end":{"line":100,"column":61}},"37":{"start":{"line":104,"column":4},"end":{"line":104,"column":35}},"38":{"start":{"line":108,"column":4},"end":{"line":108,"column":32}},"39":{"start":{"line":112,"column":4},"end":{"line":112,"column":36}},"40":{"start":{"line":116,"column":4},"end":{"line":116,"column":34}},"41":{"start":{"line":120,"column":4},"end":{"line":120,"column":42}},"42":{"start":{"line":124,"column":4},"end":{"line":124,"column":39}},"43":{"start":{"line":128,"column":4},"end":{"line":128,"column":29}},"44":{"start":{"line":132,"column":4},"end":{"line":132,"column":41}},"45":{"start":{"line":136,"column":19},"end":{"line":136,"column":24}},"46":{"start":{"line":137,"column":17},"end":{"line":137,"column":70}},"47":{"start":{"line":138,"column":4},"end":{"line":138,"column":33}},"48":{"start":{"line":138,"column":20},"end":{"line":138,"column":33}},"49":{"start":{"line":139,"column":4},"end":{"line":139,"column":80}},"50":{"start":{"line":140,"column":4},"end":{"line":140,"column":83}},"51":{"start":{"line":144,"column":17},"end":{"line":144,"column":48}},"52":{"start":{"line":145,"column":4},"end":{"line":145,"column":81}},"53":{"start":{"line":145,"column":39},"end":{"line":145,"column":81}},"54":{"start":{"line":146,"column":4},"end":{"line":146,"column":81}},"55":{"start":{"line":146,"column":39},"end":{"line":146,"column":81}},"56":{"start":{"line":147,"column":4},"end":{"line":147,"column":83}},"57":{"start":{"line":147,"column":40},"end":{"line":147,"column":83}},"58":{"start":{"line":148,"column":4},"end":{"line":148,"column":83}},"59":{"start":{"line":148,"column":40},"end":{"line":148,"column":83}},"60":{"start":{"line":149,"column":4},"end":{"line":149,"column":16}},"61":{"start":{"line":153,"column":4},"end":{"line":157,"column":5}},"62":{"start":{"line":154,"column":19},"end":{"line":154,"column":43}},"63":{"start":{"line":155,"column":6},"end":{"line":155,"column":58}},"64":{"start":{"line":156,"column":6},"end":{"line":156,"column":38}},"65":{"start":{"line":161,"column":4},"end":{"line":161,"column":99}},"66":{"start":{"line":161,"column":54},"end":{"line":161,"column":99}},"67":{"start":{"line":162,"column":4},"end":{"line":162,"column":99}},"68":{"start":{"line":162,"column":54},"end":{"line":162,"column":99}},"69":{"start":{"line":163,"column":4},"end":{"line":165,"column":5}},"70":{"start":{"line":164,"column":6},"end":{"line":164,"column":68}}},"fnMap":{"0":{"name":"(anonymous_0)","decl":{"start":{"line":18,"column":2},"end":{"line":18,"column":3}},"loc":{"start":{"line":18,"column":39},"end":{"line":21,"column":3}},"line":18},"1":{"name":"(anonymous_1)","decl":{"start":{"line":23,"column":2},"end":{"line":23,"column":3}},"loc":{"start":{"line":23,"column":32},"end":{"line":30,"column":3}},"line":23},"2":{"name":"(anonymous_2)","decl":{"start":{"line":28,"column":22},"end":{"line":28,"column":23}},"loc":{"start":{"line":28,"column":50},"end":{"line":28,"column":92}},"line":28},"3":{"name":"(anonymous_3)","decl":{"start":{"line":32,"column":2},"end":{"line":32,"column":3}},"loc":{"start":{"line":32,"column":27},"end":{"line":38,"column":3}},"line":32},"4":{"name":"(anonymous_4)","decl":{"start":{"line":40,"column":2},"end":{"line":40,"column":3}},"loc":{"start":{"line":40,"column":31},"end":{"line":42,"column":3}},"line":40},"5":{"name":"(anonymous_5)","decl":{"start":{"line":44,"column":2},"end":{"line":44,"column":3}},"loc":{"start":{"line":44,"column":63},"end":{"line":47,"column":3}},"line":44},"6":{"name":"(anonymous_6)","decl":{"start":{"line":49,"column":2},"end":{"line":49,"column":3}},"loc":{"start":{"line":49,"column":20},"end":{"line":51,"column":3}},"line":49},"7":{"name":"(anonymous_7)","decl":{"start":{"line":53,"column":2},"end":{"line":53,"column":3}},"loc":{"start":{"line":53,"column":16},"end":{"line":63,"column":3}},"line":53},"8":{"name":"(anonymous_8)","decl":{"start":{"line":65,"column":2},"end":{"line":65,"column":3}},"loc":{"start":{"line":65,"column":18},"end":{"line":67,"column":3}},"line":65},"9":{"name":"(anonymous_9)","decl":{"start":{"line":69,"column":2},"end":{"line":69,"column":3}},"loc":{"start":{"line":69,"column":22},"end":{"line":71,"column":3}},"line":69},"10":{"name":"(anonymous_10)","decl":{"start":{"line":73,"column":2},"end":{"line":73,"column":3}},"loc":{"start":{"line":73,"column":16},"end":{"line":75,"column":3}},"line":73},"11":{"name":"(anonymous_11)","decl":{"start":{"line":77,"column":2},"end":{"line":77,"column":3}},"loc":{"start":{"line":77,"column":56},"end":{"line":79,"column":3}},"line":77},"12":{"name":"(anonymous_12)","decl":{"start":{"line":81,"column":2},"end":{"line":81,"column":3}},"loc":{"start":{"line":81,"column":48},"end":{"line":86,"column":3}},"line":81},"13":{"name":"(anonymous_13)","decl":{"start":{"line":88,"column":2},"end":{"line":88,"column":3}},"loc":{"start":{"line":88,"column":33},"end":{"line":93,"column":3}},"line":88},"14":{"name":"(anonymous_14)","decl":{"start":{"line":95,"column":2},"end":{"line":95,"column":3}},"loc":{"start":{"line":95,"column":15},"end":{"line":97,"column":3}},"line":95},"15":{"name":"(anonymous_15)","decl":{"start":{"line":99,"column":2},"end":{"line":99,"column":3}},"loc":{"start":{"line":99,"column":12},"end":{"line":101,"column":3}},"line":99},"16":{"name":"(anonymous_16)","decl":{"start":{"line":103,"column":2},"end":{"line":103,"column":3}},"loc":{"start":{"line":103,"column":15},"end":{"line":105,"column":3}},"line":103},"17":{"name":"(anonymous_17)","decl":{"start":{"line":107,"column":2},"end":{"line":107,"column":3}},"loc":{"start":{"line":107,"column":12},"end":{"line":109,"column":3}},"line":107},"18":{"name":"(anonymous_18)","decl":{"start":{"line":111,"column":2},"end":{"line":111,"column":3}},"loc":{"start":{"line":111,"column":16},"end":{"line":113,"column":3}},"line":111},"19":{"name":"(anonymous_19)","decl":{"start":{"line":115,"column":2},"end":{"line":115,"column":3}},"loc":{"start":{"line":115,"column":14},"end":{"line":117,"column":3}},"line":115},"20":{"name":"(anonymous_20)","decl":{"start":{"line":119,"column":2},"end":{"line":119,"column":3}},"loc":{"start":{"line":119,"column":39},"end":{"line":121,"column":3}},"line":119},"21":{"name":"(anonymous_21)","decl":{"start":{"line":123,"column":2},"end":{"line":123,"column":3}},"loc":{"start":{"line":123,"column":16},"end":{"line":125,"column":3}},"line":123},"22":{"name":"(anonymous_22)","decl":{"start":{"line":127,"column":2},"end":{"line":127,"column":3}},"loc":{"start":{"line":127,"column":12},"end":{"line":129,"column":3}},"line":127},"23":{"name":"(anonymous_23)","decl":{"start":{"line":131,"column":2},"end":{"line":131,"column":3}},"loc":{"start":{"line":131,"column":38},"end":{"line":133,"column":3}},"line":131},"24":{"name":"(anonymous_24)","decl":{"start":{"line":135,"column":2},"end":{"line":135,"column":3}},"loc":{"start":{"line":135,"column":43},"end":{"line":141,"column":3}},"line":135},"25":{"name":"(anonymous_25)","decl":{"start":{"line":143,"column":2},"end":{"line":143,"column":3}},"loc":{"start":{"line":143,"column":47},"end":{"line":150,"column":3}},"line":143},"26":{"name":"(anonymous_26)","decl":{"start":{"line":152,"column":2},"end":{"line":152,"column":3}},"loc":{"start":{"line":152,"column":27},"end":{"line":158,"column":3}},"line":152},"27":{"name":"(anonymous_27)","decl":{"start":{"line":160,"column":2},"end":{"line":160,"column":3}},"loc":{"start":{"line":160,"column":30},"end":{"line":166,"column":3}},"line":160}},"branchMap":{"0":{"loc":{"start":{"line":19,"column":4},"end":{"line":19,"column":73}},"type":"if","locations":[{"start":{"line":19,"column":4},"end":{"line":19,"column":73}},{"start":{"line":19,"column":4},"end":{"line":19,"column":73}}],"line":19},"1":{"loc":{"start":{"line":24,"column":4},"end":{"line":24,"column":57}},"type":"if","locations":[{"start":{"line":24,"column":4},"end":{"line":24,"column":57}},{"start":{"line":24,"column":4},"end":{"line":24,"column":57}}],"line":24},"2":{"loc":{"start":{"line":25,"column":4},"end":{"line":25,"column":69}},"type":"if","locations":[{"start":{"line":25,"column":4},"end":{"line":25,"column":69}},{"start":{"line":25,"column":4},"end":{"line":25,"column":69}}],"line":25},"3":{"loc":{"start":{"line":26,"column":4},"end":{"line":26,"column":69}},"type":"if","locations":[{"start":{"line":26,"column":4},"end":{"line":26,"column":69}},{"start":{"line":26,"column":4},"end":{"line":26,"column":69}}],"line":26},"4":{"loc":{"start":{"line":29,"column":11},"end":{"line":29,"column":92}},"type":"cond-expr","locations":[{"start":{"line":29,"column":53},"end":{"line":29,"column":71}},{"start":{"line":29,"column":74},"end":{"line":29,"column":92}}],"line":29},"5":{"loc":{"start":{"line":33,"column":4},"end":{"line":33,"column":51}},"type":"if","locations":[{"start":{"line":33,"column":4},"end":{"line":33,"column":51}},{"start":{"line":33,"column":4},"end":{"line":33,"column":51}}],"line":33},"6":{"loc":{"start":{"line":34,"column":4},"end":{"line":34,"column":51}},"type":"if","locations":[{"start":{"line":34,"column":4},"end":{"line":34,"column":51}},{"start":{"line":34,"column":4},"end":{"line":34,"column":51}}],"line":34},"7":{"loc":{"start":{"line":41,"column":11},"end":{"line":41,"column":83}},"type":"binary-expr","locations":[{"start":{"line":41,"column":11},"end":{"line":41,"column":45}},{"start":{"line":41,"column":49},"end":{"line":41,"column":83}}],"line":41},"8":{"loc":{"start":{"line":45,"column":11},"end":{"line":46,"column":78}},"type":"binary-expr","locations":[{"start":{"line":45,"column":12},"end":{"line":45,"column":43}},{"start":{"line":45,"column":47},"end":{"line":45,"column":79}},{"start":{"line":46,"column":10},"end":{"line":46,"column":41}},{"start":{"line":46,"column":45},"end":{"line":46,"column":77}}],"line":45},"9":{"loc":{"start":{"line":54,"column":4},"end":{"line":60,"column":5}},"type":"if","locations":[{"start":{"line":54,"column":4},"end":{"line":60,"column":5}},{"start":{"line":54,"column":4},"end":{"line":60,"column":5}}],"line":54},"10":{"loc":{"start":{"line":138,"column":4},"end":{"line":138,"column":33}},"type":"if","locations":[{"start":{"line":138,"column":4},"end":{"line":138,"column":33}},{"start":{"line":138,"column":4},"end":{"line":138,"column":33}}],"line":138},"11":{"loc":{"start":{"line":139,"column":16},"end":{"line":139,"column":79}},"type":"cond-expr","locations":[{"start":{"line":139,"column":47},"end":{"line":139,"column":52}},{"start":{"line":139,"column":55},"end":{"line":139,"column":79}}],"line":139},"12":{"loc":{"start":{"line":140,"column":11},"end":{"line":140,"column":82}},"type":"cond-expr","locations":[{"start":{"line":140,"column":48},"end":{"line":140,"column":71}},{"start":{"line":140,"column":74},"end":{"line":140,"column":82}}],"line":140},"13":{"loc":{"start":{"line":145,"column":4},"end":{"line":145,"column":81}},"type":"if","locations":[{"start":{"line":145,"column":4},"end":{"line":145,"column":81}},{"start":{"line":145,"column":4},"end":{"line":145,"column":81}}],"line":145},"14":{"loc":{"start":{"line":146,"column":4},"end":{"line":146,"column":81}},"type":"if","locations":[{"start":{"line":146,"column":4},"end":{"line":146,"column":81}},{"start":{"line":146,"column":4},"end":{"line":146,"column":81}}],"line":146},"15":{"loc":{"start":{"line":147,"column":4},"end":{"line":147,"column":83}},"type":"if","locations":[{"start":{"line":147,"column":4},"end":{"line":147,"column":83}},{"start":{"line":147,"column":4},"end":{"line":147,"column":83}}],"line":147},"16":{"loc":{"start":{"line":148,"column":4},"end":{"line":148,"column":83}},"type":"if","locations":[{"start":{"line":148,"column":4},"end":{"line":148,"column":83}},{"start":{"line":148,"column":4},"end":{"line":148,"column":83}}],"line":148},"17":{"loc":{"start":{"line":153,"column":4},"end":{"line":157,"column":5}},"type":"if","locations":[{"start":{"line":153,"column":4},"end":{"line":157,"column":5}},{"start":{"line":153,"column":4},"end":{"line":157,"column":5}}],"line":153},"18":{"loc":{"start":{"line":161,"column":4},"end":{"line":161,"column":99}},"type":"if","locations":[{"start":{"line":161,"column":4},"end":{"line":161,"column":99}},{"start":{"line":161,"column":4},"end":{"line":161,"column":99}}],"line":161},"19":{"loc":{"start":{"line":162,"column":4},"end":{"line":162,"column":99}},"type":"if","locations":[{"start":{"line":162,"column":4},"end":{"line":162,"column":99}},{"start":{"line":162,"column":4},"end":{"line":162,"column":99}}],"line":162},"20":{"loc":{"start":{"line":163,"column":4},"end":{"line":165,"column":5}},"type":"if","locations":[{"start":{"line":163,"column":4},"end":{"line":165,"column":5}},{"start":{"line":163,"column":4},"end":{"line":165,"column":5}}],"line":163}},"s":{"0":48,"1":48,"2":44,"3":48,"4":8,"5":3,"6":5,"7":1,"8":4,"9":2,"10":2,"11":2,"12":2,"13":9,"14":2,"15":7,"16":3,"17":4,"18":4,"19":5,"20":8,"21":0,"22":7,"23":5,"24":5,"25":2,"26":2,"27":7,"28":7,"29":2,"30":2,"31":5,"32":4,"33":37,"34":13,"35":3,"36":81,"37":26,"38":7,"39":4,"40":12,"41":2,"42":17,"43":10,"44":2,"45":8,"46":8,"47":8,"48":7,"49":1,"50":1,"51":44,"52":44,"53":0,"54":44,"55":2,"56":44,"57":1,"58":44,"59":0,"60":44,"61":7,"62":1,"63":1,"64":1,"65":2,"66":0,"67":2,"68":0,"69":2,"70":0},"f":{"0":48,"1":8,"2":2,"3":9,"4":5,"5":8,"6":0,"7":7,"8":2,"9":2,"10":5,"11":4,"12":37,"13":13,"14":3,"15":81,"16":26,"17":7,"18":4,"19":12,"20":2,"21":17,"22":10,"23":2,"24":8,"25":44,"26":7,"27":2},"b":{"0":[44,4],"1":[3,5],"2":[1,4],"3":[2,2],"4":[1,1],"5":[2,7],"6":[3,4],"7":[5,3],"8":[8,4,7,4],"9":[5,2],"10":[7,1],"11":[1,0],"12":[0,1],"13":[0,44],"14":[2,42],"15":[1,43],"16":[0,44],"17":[1,6],"18":[0,2],"19":[0,2],"20":[0,2]},"_coverageSchema":"1a1c01bbd47fc00a2c39e90264f33305004495a9","hash":"f93e5c68dbfae536cdf9a40353a255ca0804850e"}
,"/media/ghost/Biggie/Sync/Mega/projects/WebStorm/fsd/Slider/src/slider/model/ValidModel.ts": {"path":"/media/ghost/Biggie/Sync/Mega/projects/WebStorm/fsd/Slider/src/slider/model/ValidModel.ts","statementMap":{"0":{"start":{"line":9,"column":4},"end":{"line":9,"column":19}},"1":{"start":{"line":10,"column":4},"end":{"line":10,"column":27}},"2":{"start":{"line":14,"column":4},"end":{"line":14,"column":40}},"3":{"start":{"line":15,"column":4},"end":{"line":20,"column":5}},"4":{"start":{"line":16,"column":6},"end":{"line":16,"column":33}},"5":{"start":{"line":17,"column":6},"end":{"line":17,"column":74}},"6":{"start":{"line":19,"column":6},"end":{"line":19,"column":74}},"7":{"start":{"line":21,"column":4},"end":{"line":21,"column":35}},"8":{"start":{"line":22,"column":4},"end":{"line":22,"column":45}},"9":{"start":{"line":26,"column":4},"end":{"line":26,"column":31}},"10":{"start":{"line":27,"column":4},"end":{"line":27,"column":43}},"11":{"start":{"line":28,"column":4},"end":{"line":28,"column":43}},"12":{"start":{"line":29,"column":4},"end":{"line":29,"column":61}},"13":{"start":{"line":30,"column":4},"end":{"line":30,"column":38}},"14":{"start":{"line":31,"column":4},"end":{"line":31,"column":38}},"15":{"start":{"line":32,"column":4},"end":{"line":32,"column":64}},"16":{"start":{"line":36,"column":4},"end":{"line":36,"column":28}},"17":{"start":{"line":37,"column":4},"end":{"line":37,"column":29}},"18":{"start":{"line":38,"column":4},"end":{"line":38,"column":78}},"19":{"start":{"line":39,"column":4},"end":{"line":39,"column":78}},"20":{"start":{"line":43,"column":4},"end":{"line":43,"column":53}},"21":{"start":{"line":44,"column":4},"end":{"line":44,"column":61}},"22":{"start":{"line":45,"column":4},"end":{"line":50,"column":5}},"23":{"start":{"line":46,"column":6},"end":{"line":46,"column":85}},"24":{"start":{"line":46,"column":48},"end":{"line":46,"column":85}},"25":{"start":{"line":47,"column":6},"end":{"line":47,"column":85}},"26":{"start":{"line":47,"column":48},"end":{"line":47,"column":85}},"27":{"start":{"line":49,"column":6},"end":{"line":49,"column":43}},"28":{"start":{"line":51,"column":4},"end":{"line":51,"column":83}},"29":{"start":{"line":51,"column":46},"end":{"line":51,"column":83}},"30":{"start":{"line":52,"column":4},"end":{"line":52,"column":83}},"31":{"start":{"line":52,"column":46},"end":{"line":52,"column":83}},"32":{"start":{"line":56,"column":4},"end":{"line":56,"column":81}},"33":{"start":{"line":57,"column":4},"end":{"line":57,"column":41}},"34":{"start":{"line":58,"column":4},"end":{"line":58,"column":57}},"35":{"start":{"line":59,"column":4},"end":{"line":59,"column":57}},"36":{"start":{"line":60,"column":4},"end":{"line":60,"column":89}},"37":{"start":{"line":60,"column":62},"end":{"line":60,"column":89}},"38":{"start":{"line":61,"column":4},"end":{"line":61,"column":89}},"39":{"start":{"line":62,"column":4},"end":{"line":62,"column":52}},"40":{"start":{"line":63,"column":4},"end":{"line":63,"column":52}},"41":{"start":{"line":67,"column":4},"end":{"line":69,"column":5}},"42":{"start":{"line":68,"column":6},"end":{"line":68,"column":44}},"43":{"start":{"line":73,"column":4},"end":{"line":73,"column":78}},"44":{"start":{"line":77,"column":4},"end":{"line":79,"column":5}},"45":{"start":{"line":78,"column":6},"end":{"line":78,"column":74}},"46":{"start":{"line":83,"column":4},"end":{"line":85,"column":5}},"47":{"start":{"line":84,"column":6},"end":{"line":84,"column":51}},"48":{"start":{"line":86,"column":4},"end":{"line":88,"column":5}},"49":{"start":{"line":87,"column":6},"end":{"line":87,"column":49}},"50":{"start":{"line":92,"column":4},"end":{"line":94,"column":5}},"51":{"start":{"line":93,"column":6},"end":{"line":93,"column":50}},"52":{"start":{"line":98,"column":4},"end":{"line":100,"column":45}},"53":{"start":{"line":104,"column":4},"end":{"line":106,"column":5}},"54":{"start":{"line":105,"column":6},"end":{"line":105,"column":46}},"55":{"start":{"line":110,"column":4},"end":{"line":112,"column":5}},"56":{"start":{"line":111,"column":6},"end":{"line":111,"column":57}},"57":{"start":{"line":113,"column":4},"end":{"line":115,"column":5}},"58":{"start":{"line":114,"column":6},"end":{"line":114,"column":58}}},"fnMap":{"0":{"name":"(anonymous_0)","decl":{"start":{"line":8,"column":2},"end":{"line":8,"column":3}},"loc":{"start":{"line":8,"column":39},"end":{"line":11,"column":3}},"line":8},"1":{"name":"(anonymous_1)","decl":{"start":{"line":13,"column":2},"end":{"line":13,"column":3}},"loc":{"start":{"line":13,"column":61},"end":{"line":23,"column":3}},"line":13},"2":{"name":"(anonymous_2)","decl":{"start":{"line":25,"column":2},"end":{"line":25,"column":3}},"loc":{"start":{"line":25,"column":59},"end":{"line":33,"column":3}},"line":25},"3":{"name":"(anonymous_3)","decl":{"start":{"line":35,"column":2},"end":{"line":35,"column":3}},"loc":{"start":{"line":35,"column":29},"end":{"line":40,"column":3}},"line":35},"4":{"name":"(anonymous_4)","decl":{"start":{"line":42,"column":2},"end":{"line":42,"column":3}},"loc":{"start":{"line":42,"column":56},"end":{"line":53,"column":3}},"line":42},"5":{"name":"(anonymous_5)","decl":{"start":{"line":55,"column":2},"end":{"line":55,"column":3}},"loc":{"start":{"line":55,"column":28},"end":{"line":64,"column":3}},"line":55},"6":{"name":"(anonymous_6)","decl":{"start":{"line":66,"column":2},"end":{"line":66,"column":3}},"loc":{"start":{"line":66,"column":49},"end":{"line":70,"column":3}},"line":66},"7":{"name":"(anonymous_7)","decl":{"start":{"line":72,"column":2},"end":{"line":72,"column":3}},"loc":{"start":{"line":72,"column":44},"end":{"line":74,"column":3}},"line":72},"8":{"name":"(anonymous_8)","decl":{"start":{"line":76,"column":2},"end":{"line":76,"column":3}},"loc":{"start":{"line":76,"column":32},"end":{"line":80,"column":3}},"line":76},"9":{"name":"(anonymous_9)","decl":{"start":{"line":82,"column":2},"end":{"line":82,"column":3}},"loc":{"start":{"line":82,"column":37},"end":{"line":89,"column":3}},"line":82},"10":{"name":"(anonymous_10)","decl":{"start":{"line":91,"column":2},"end":{"line":91,"column":3}},"loc":{"start":{"line":91,"column":44},"end":{"line":95,"column":3}},"line":91},"11":{"name":"(anonymous_11)","decl":{"start":{"line":97,"column":2},"end":{"line":97,"column":3}},"loc":{"start":{"line":97,"column":53},"end":{"line":101,"column":3}},"line":97},"12":{"name":"(anonymous_12)","decl":{"start":{"line":103,"column":2},"end":{"line":103,"column":3}},"loc":{"start":{"line":103,"column":65},"end":{"line":107,"column":3}},"line":103},"13":{"name":"(anonymous_13)","decl":{"start":{"line":109,"column":2},"end":{"line":109,"column":3}},"loc":{"start":{"line":109,"column":71},"end":{"line":116,"column":3}},"line":109}},"branchMap":{"0":{"loc":{"start":{"line":15,"column":4},"end":{"line":20,"column":5}},"type":"if","locations":[{"start":{"line":15,"column":4},"end":{"line":20,"column":5}},{"start":{"line":15,"column":4},"end":{"line":20,"column":5}}],"line":15},"1":{"loc":{"start":{"line":45,"column":4},"end":{"line":50,"column":5}},"type":"if","locations":[{"start":{"line":45,"column":4},"end":{"line":50,"column":5}},{"start":{"line":45,"column":4},"end":{"line":50,"column":5}}],"line":45},"2":{"loc":{"start":{"line":46,"column":6},"end":{"line":46,"column":85}},"type":"if","locations":[{"start":{"line":46,"column":6},"end":{"line":46,"column":85}},{"start":{"line":46,"column":6},"end":{"line":46,"column":85}}],"line":46},"3":{"loc":{"start":{"line":47,"column":6},"end":{"line":47,"column":85}},"type":"if","locations":[{"start":{"line":47,"column":6},"end":{"line":47,"column":85}},{"start":{"line":47,"column":6},"end":{"line":47,"column":85}}],"line":47},"4":{"loc":{"start":{"line":51,"column":4},"end":{"line":51,"column":83}},"type":"if","locations":[{"start":{"line":51,"column":4},"end":{"line":51,"column":83}},{"start":{"line":51,"column":4},"end":{"line":51,"column":83}}],"line":51},"5":{"loc":{"start":{"line":52,"column":4},"end":{"line":52,"column":83}},"type":"if","locations":[{"start":{"line":52,"column":4},"end":{"line":52,"column":83}},{"start":{"line":52,"column":4},"end":{"line":52,"column":83}}],"line":52},"6":{"loc":{"start":{"line":60,"column":4},"end":{"line":60,"column":89}},"type":"if","locations":[{"start":{"line":60,"column":4},"end":{"line":60,"column":89}},{"start":{"line":60,"column":4},"end":{"line":60,"column":89}}],"line":60},"7":{"loc":{"start":{"line":67,"column":4},"end":{"line":69,"column":5}},"type":"if","locations":[{"start":{"line":67,"column":4},"end":{"line":69,"column":5}},{"start":{"line":67,"column":4},"end":{"line":69,"column":5}}],"line":67},"8":{"loc":{"start":{"line":73,"column":11},"end":{"line":73,"column":77}},"type":"binary-expr","locations":[{"start":{"line":73,"column":11},"end":{"line":73,"column":42}},{"start":{"line":73,"column":46},"end":{"line":73,"column":77}}],"line":73},"9":{"loc":{"start":{"line":77,"column":4},"end":{"line":79,"column":5}},"type":"if","locations":[{"start":{"line":77,"column":4},"end":{"line":79,"column":5}},{"start":{"line":77,"column":4},"end":{"line":79,"column":5}}],"line":77},"10":{"loc":{"start":{"line":83,"column":4},"end":{"line":85,"column":5}},"type":"if","locations":[{"start":{"line":83,"column":4},"end":{"line":85,"column":5}},{"start":{"line":83,"column":4},"end":{"line":85,"column":5}}],"line":83},"11":{"loc":{"start":{"line":86,"column":4},"end":{"line":88,"column":5}},"type":"if","locations":[{"start":{"line":86,"column":4},"end":{"line":88,"column":5}},{"start":{"line":86,"column":4},"end":{"line":88,"column":5}}],"line":86},"12":{"loc":{"start":{"line":92,"column":4},"end":{"line":94,"column":5}},"type":"if","locations":[{"start":{"line":92,"column":4},"end":{"line":94,"column":5}},{"start":{"line":92,"column":4},"end":{"line":94,"column":5}}],"line":92},"13":{"loc":{"start":{"line":98,"column":11},"end":{"line":100,"column":44}},"type":"binary-expr","locations":[{"start":{"line":98,"column":11},"end":{"line":98,"column":72}},{"start":{"line":99,"column":9},"end":{"line":99,"column":44}},{"start":{"line":100,"column":9},"end":{"line":100,"column":44}}],"line":98},"14":{"loc":{"start":{"line":104,"column":4},"end":{"line":106,"column":5}},"type":"if","locations":[{"start":{"line":104,"column":4},"end":{"line":106,"column":5}},{"start":{"line":104,"column":4},"end":{"line":106,"column":5}}],"line":104},"15":{"loc":{"start":{"line":110,"column":4},"end":{"line":112,"column":5}},"type":"if","locations":[{"start":{"line":110,"column":4},"end":{"line":112,"column":5}},{"start":{"line":110,"column":4},"end":{"line":112,"column":5}}],"line":110},"16":{"loc":{"start":{"line":113,"column":4},"end":{"line":115,"column":5}},"type":"if","locations":[{"start":{"line":113,"column":4},"end":{"line":115,"column":5}},{"start":{"line":113,"column":4},"end":{"line":115,"column":5}}],"line":113}},"s":{"0":26,"1":26,"2":7,"3":6,"4":3,"5":2,"6":3,"7":4,"8":3,"9":10,"10":9,"11":8,"12":7,"13":6,"14":5,"15":4,"16":5,"17":2,"18":2,"19":2,"20":3,"21":1,"22":1,"23":1,"24":0,"25":1,"26":0,"27":0,"28":1,"29":0,"30":1,"31":0,"32":26,"33":26,"34":26,"35":26,"36":26,"37":8,"38":26,"39":26,"40":26,"41":76,"42":3,"43":76,"44":21,"45":2,"46":31,"47":2,"48":29,"49":1,"50":67,"51":3,"52":67,"53":38,"54":2,"55":29,"56":1,"57":28,"58":1},"f":{"0":26,"1":7,"2":10,"3":5,"4":3,"5":26,"6":76,"7":76,"8":21,"9":31,"10":67,"11":67,"12":38,"13":29},"b":{"0":[3,3],"1":[1,0],"2":[0,1],"3":[0,1],"4":[0,1],"5":[0,1],"6":[8,18],"7":[3,73],"8":[76,74],"9":[2,19],"10":[2,29],"11":[1,28],"12":[3,64],"13":[67,4,4],"14":[2,36],"15":[1,28],"16":[1,27]},"_coverageSchema":"1a1c01bbd47fc00a2c39e90264f33305004495a9","hash":"6b3b19ed3872307cc6c83ac9d62b4dbb4b3bf685"}
,"/media/ghost/Biggie/Sync/Mega/projects/WebStorm/fsd/Slider/src/slider/observer/Observer.ts": {"path":"/media/ghost/Biggie/Sync/Mega/projects/WebStorm/fsd/Slider/src/slider/observer/Observer.ts","statementMap":{"0":{"start":{"line":6,"column":19},"end":{"line":6,"column":59}},"1":{"start":{"line":9,"column":4},"end":{"line":11,"column":5}},"2":{"start":{"line":10,"column":6},"end":{"line":10,"column":33}},"3":{"start":{"line":12,"column":4},"end":{"line":12,"column":42}},"4":{"start":{"line":13,"column":4},"end":{"line":13,"column":16}},"5":{"start":{"line":17,"column":4},"end":{"line":21,"column":5}},"6":{"start":{"line":18,"column":6},"end":{"line":20,"column":9}},"7":{"start":{"line":19,"column":8},"end":{"line":19,"column":23}}},"fnMap":{"0":{"name":"(anonymous_0)","decl":{"start":{"line":8,"column":2},"end":{"line":8,"column":3}},"loc":{"start":{"line":8,"column":68},"end":{"line":14,"column":3}},"line":8},"1":{"name":"(anonymous_1)","decl":{"start":{"line":16,"column":2},"end":{"line":16,"column":3}},"loc":{"start":{"line":16,"column":41},"end":{"line":22,"column":3}},"line":16},"2":{"name":"(anonymous_2)","decl":{"start":{"line":18,"column":37},"end":{"line":18,"column":38}},"loc":{"start":{"line":18,"column":51},"end":{"line":20,"column":7}},"line":18}},"branchMap":{"0":{"loc":{"start":{"line":9,"column":4},"end":{"line":11,"column":5}},"type":"if","locations":[{"start":{"line":9,"column":4},"end":{"line":11,"column":5}},{"start":{"line":9,"column":4},"end":{"line":11,"column":5}}],"line":9},"1":{"loc":{"start":{"line":17,"column":4},"end":{"line":21,"column":5}},"type":"if","locations":[{"start":{"line":17,"column":4},"end":{"line":21,"column":5}},{"start":{"line":17,"column":4},"end":{"line":21,"column":5}}],"line":17}},"s":{"0":93,"1":42,"2":40,"3":42,"4":42,"5":11,"6":5,"7":7},"f":{"0":42,"1":11,"2":7},"b":{"0":[40,2],"1":[5,6]},"_coverageSchema":"1a1c01bbd47fc00a2c39e90264f33305004495a9","hash":"300ecd5944542324ae6e873b437def32720d71c7"}
,"/media/ghost/Biggie/Sync/Mega/projects/WebStorm/fsd/Slider/src/slider/observer/SliderEvent.ts": {"path":"/media/ghost/Biggie/Sync/Mega/projects/WebStorm/fsd/Slider/src/slider/observer/SliderEvent.ts","statementMap":{},"fnMap":{},"branchMap":{},"s":{},"f":{},"b":{},"_coverageSchema":"1a1c01bbd47fc00a2c39e90264f33305004495a9","hash":"cc0b4b6e27c71a307fcfb8b948e00472ac3f2026"}
,"/media/ghost/Biggie/Sync/Mega/projects/WebStorm/fsd/Slider/src/slider/presenter/Presenter.ts": {"path":"/media/ghost/Biggie/Sync/Mega/projects/WebStorm/fsd/Slider/src/slider/presenter/Presenter.ts","statementMap":{"0":{"start":{"line":11,"column":4},"end":{"line":11,"column":12}},"1":{"start":{"line":15,"column":4},"end":{"line":15,"column":80}},"2":{"start":{"line":15,"column":30},"end":{"line":15,"column":80}},"3":{"start":{"line":16,"column":4},"end":{"line":25,"column":7}},"4":{"start":{"line":26,"column":4},"end":{"line":29,"column":76}},"5":{"start":{"line":33,"column":4},"end":{"line":33,"column":68}},"6":{"start":{"line":37,"column":4},"end":{"line":46,"column":5}},"7":{"start":{"line":38,"column":6},"end":{"line":38,"column":47}},"8":{"start":{"line":39,"column":11},"end":{"line":46,"column":5}},"9":{"start":{"line":40,"column":22},"end":{"line":44,"column":7}},"10":{"start":{"line":45,"column":6},"end":{"line":45,"column":44}},"11":{"start":{"line":50,"column":4},"end":{"line":50,"column":48}},"12":{"start":{"line":51,"column":4},"end":{"line":53,"column":7}},"13":{"start":{"line":54,"column":4},"end":{"line":54,"column":30}},"14":{"start":{"line":57,"column":30},"end":{"line":61,"column":3}},"15":{"start":{"line":58,"column":23},"end":{"line":58,"column":79}},"16":{"start":{"line":59,"column":4},"end":{"line":59,"column":53}},"17":{"start":{"line":59,"column":46},"end":{"line":59,"column":53}},"18":{"start":{"line":60,"column":4},"end":{"line":60,"column":84}},"19":{"start":{"line":63,"column":28},"end":{"line":66,"column":3}},"20":{"start":{"line":64,"column":32},"end":{"line":64,"column":66}},"21":{"start":{"line":65,"column":4},"end":{"line":65,"column":72}},"22":{"start":{"line":68,"column":35},"end":{"line":75,"column":3}},"23":{"start":{"line":69,"column":31},"end":{"line":69,"column":98}},"24":{"start":{"line":70,"column":23},"end":{"line":72,"column":5}},"25":{"start":{"line":73,"column":4},"end":{"line":73,"column":53}},"26":{"start":{"line":73,"column":46},"end":{"line":73,"column":53}},"27":{"start":{"line":74,"column":4},"end":{"line":74,"column":55}}},"fnMap":{"0":{"name":"(anonymous_0)","decl":{"start":{"line":10,"column":2},"end":{"line":10,"column":3}},"loc":{"start":{"line":10,"column":60},"end":{"line":12,"column":3}},"line":10},"1":{"name":"(anonymous_1)","decl":{"start":{"line":14,"column":2},"end":{"line":14,"column":3}},"loc":{"start":{"line":14,"column":28},"end":{"line":30,"column":3}},"line":14},"2":{"name":"(anonymous_2)","decl":{"start":{"line":32,"column":2},"end":{"line":32,"column":3}},"loc":{"start":{"line":32,"column":33},"end":{"line":34,"column":3}},"line":32},"3":{"name":"(anonymous_3)","decl":{"start":{"line":36,"column":2},"end":{"line":36,"column":3}},"loc":{"start":{"line":36,"column":80},"end":{"line":47,"column":3}},"line":36},"4":{"name":"(anonymous_4)","decl":{"start":{"line":49,"column":2},"end":{"line":49,"column":3}},"loc":{"start":{"line":49,"column":70},"end":{"line":55,"column":3}},"line":49},"5":{"name":"(anonymous_5)","decl":{"start":{"line":57,"column":30},"end":{"line":57,"column":31}},"loc":{"start":{"line":57,"column":56},"end":{"line":61,"column":3}},"line":57},"6":{"name":"(anonymous_6)","decl":{"start":{"line":63,"column":28},"end":{"line":63,"column":29}},"loc":{"start":{"line":63,"column":54},"end":{"line":66,"column":3}},"line":63},"7":{"name":"(anonymous_7)","decl":{"start":{"line":68,"column":35},"end":{"line":68,"column":36}},"loc":{"start":{"line":68,"column":83},"end":{"line":75,"column":3}},"line":68}},"branchMap":{"0":{"loc":{"start":{"line":15,"column":4},"end":{"line":15,"column":80}},"type":"if","locations":[{"start":{"line":15,"column":4},"end":{"line":15,"column":80}},{"start":{"line":15,"column":4},"end":{"line":15,"column":80}}],"line":15},"1":{"loc":{"start":{"line":37,"column":4},"end":{"line":46,"column":5}},"type":"if","locations":[{"start":{"line":37,"column":4},"end":{"line":46,"column":5}},{"start":{"line":37,"column":4},"end":{"line":46,"column":5}}],"line":37},"2":{"loc":{"start":{"line":39,"column":11},"end":{"line":46,"column":5}},"type":"if","locations":[{"start":{"line":39,"column":11},"end":{"line":46,"column":5}},{"start":{"line":39,"column":11},"end":{"line":46,"column":5}}],"line":39},"3":{"loc":{"start":{"line":41,"column":8},"end":{"line":43,"column":30}},"type":"cond-expr","locations":[{"start":{"line":42,"column":12},"end":{"line":42,"column":30}},{"start":{"line":43,"column":12},"end":{"line":43,"column":30}}],"line":41},"4":{"loc":{"start":{"line":59,"column":4},"end":{"line":59,"column":53}},"type":"if","locations":[{"start":{"line":59,"column":4},"end":{"line":59,"column":53}},{"start":{"line":59,"column":4},"end":{"line":59,"column":53}}],"line":59},"5":{"loc":{"start":{"line":73,"column":4},"end":{"line":73,"column":53}},"type":"if","locations":[{"start":{"line":73,"column":4},"end":{"line":73,"column":53}},{"start":{"line":73,"column":4},"end":{"line":73,"column":53}}],"line":73}},"s":{"0":18,"1":4,"2":0,"3":4,"4":4,"5":12,"6":2,"7":2,"8":0,"9":0,"10":0,"11":2,"12":2,"13":2,"14":18,"15":2,"16":2,"17":1,"18":1,"19":18,"20":1,"21":1,"22":18,"23":0,"24":0,"25":0,"26":0,"27":0},"f":{"0":18,"1":4,"2":12,"3":2,"4":2,"5":2,"6":1,"7":0},"b":{"0":[0,4],"1":[2,0],"2":[0,0],"3":[0,0],"4":[1,1],"5":[0,0]},"_coverageSchema":"1a1c01bbd47fc00a2c39e90264f33305004495a9","hash":"1354f4ee7369e6831f2826e698a63617976584ca"}
,"/media/ghost/Biggie/Sync/Mega/projects/WebStorm/fsd/Slider/src/slider/presenter/PresenterProxy.ts": {"path":"/media/ghost/Biggie/Sync/Mega/projects/WebStorm/fsd/Slider/src/slider/presenter/PresenterProxy.ts","statementMap":{"0":{"start":{"line":13,"column":4},"end":{"line":13,"column":35}},"1":{"start":{"line":17,"column":4},"end":{"line":17,"column":55}},"2":{"start":{"line":21,"column":4},"end":{"line":21,"column":52}},"3":{"start":{"line":22,"column":4},"end":{"line":22,"column":78}},"4":{"start":{"line":23,"column":4},"end":{"line":23,"column":30}},"5":{"start":{"line":27,"column":4},"end":{"line":27,"column":58}},"6":{"start":{"line":28,"column":4},"end":{"line":30,"column":7}},"7":{"start":{"line":31,"column":4},"end":{"line":31,"column":30}},"8":{"start":{"line":35,"column":4},"end":{"line":35,"column":58}},"9":{"start":{"line":36,"column":4},"end":{"line":38,"column":7}},"10":{"start":{"line":39,"column":4},"end":{"line":39,"column":30}},"11":{"start":{"line":43,"column":4},"end":{"line":43,"column":35}},"12":{"start":{"line":47,"column":4},"end":{"line":47,"column":34}},"13":{"start":{"line":48,"column":4},"end":{"line":48,"column":78}},"14":{"start":{"line":49,"column":4},"end":{"line":49,"column":28}},"15":{"start":{"line":50,"column":4},"end":{"line":50,"column":30}},"16":{"start":{"line":54,"column":4},"end":{"line":54,"column":80}},"17":{"start":{"line":55,"column":4},"end":{"line":55,"column":78}},"18":{"start":{"line":56,"column":4},"end":{"line":56,"column":28}},"19":{"start":{"line":57,"column":4},"end":{"line":57,"column":30}},"20":{"start":{"line":61,"column":4},"end":{"line":61,"column":80}},"21":{"start":{"line":62,"column":4},"end":{"line":62,"column":78}},"22":{"start":{"line":63,"column":4},"end":{"line":63,"column":28}},"23":{"start":{"line":64,"column":4},"end":{"line":64,"column":30}},"24":{"start":{"line":68,"column":4},"end":{"line":68,"column":53}},"25":{"start":{"line":69,"column":4},"end":{"line":69,"column":78}},"26":{"start":{"line":70,"column":4},"end":{"line":70,"column":28}},"27":{"start":{"line":71,"column":4},"end":{"line":71,"column":30}},"28":{"start":{"line":75,"column":4},"end":{"line":75,"column":29}},"29":{"start":{"line":76,"column":4},"end":{"line":76,"column":28}},"30":{"start":{"line":77,"column":4},"end":{"line":77,"column":78}},"31":{"start":{"line":78,"column":4},"end":{"line":78,"column":30}},"32":{"start":{"line":82,"column":4},"end":{"line":82,"column":29}},"33":{"start":{"line":83,"column":4},"end":{"line":83,"column":28}},"34":{"start":{"line":84,"column":4},"end":{"line":84,"column":28}},"35":{"start":{"line":88,"column":4},"end":{"line":88,"column":31}},"36":{"start":{"line":89,"column":4},"end":{"line":89,"column":30}},"37":{"start":{"line":93,"column":4},"end":{"line":93,"column":35}},"38":{"start":{"line":94,"column":4},"end":{"line":94,"column":34}},"39":{"start":{"line":95,"column":4},"end":{"line":95,"column":78}},"40":{"start":{"line":96,"column":4},"end":{"line":96,"column":28}},"41":{"start":{"line":100,"column":4},"end":{"line":106,"column":5}},"42":{"start":{"line":101,"column":6},"end":{"line":105,"column":8}}},"fnMap":{"0":{"name":"(anonymous_0)","decl":{"start":{"line":12,"column":2},"end":{"line":12,"column":3}},"loc":{"start":{"line":12,"column":30},"end":{"line":14,"column":3}},"line":12},"1":{"name":"(anonymous_1)","decl":{"start":{"line":16,"column":2},"end":{"line":16,"column":3}},"loc":{"start":{"line":16,"column":61},"end":{"line":18,"column":3}},"line":16},"2":{"name":"(anonymous_2)","decl":{"start":{"line":20,"column":2},"end":{"line":20,"column":3}},"loc":{"start":{"line":20,"column":54},"end":{"line":24,"column":3}},"line":20},"3":{"name":"(anonymous_3)","decl":{"start":{"line":26,"column":2},"end":{"line":26,"column":3}},"loc":{"start":{"line":26,"column":36},"end":{"line":32,"column":3}},"line":26},"4":{"name":"(anonymous_4)","decl":{"start":{"line":34,"column":2},"end":{"line":34,"column":3}},"loc":{"start":{"line":34,"column":36},"end":{"line":40,"column":3}},"line":34},"5":{"name":"(anonymous_5)","decl":{"start":{"line":42,"column":2},"end":{"line":42,"column":3}},"loc":{"start":{"line":42,"column":28},"end":{"line":44,"column":3}},"line":42},"6":{"name":"(anonymous_6)","decl":{"start":{"line":46,"column":2},"end":{"line":46,"column":3}},"loc":{"start":{"line":46,"column":24},"end":{"line":51,"column":3}},"line":46},"7":{"name":"(anonymous_7)","decl":{"start":{"line":53,"column":2},"end":{"line":53,"column":3}},"loc":{"start":{"line":53,"column":30},"end":{"line":58,"column":3}},"line":53},"8":{"name":"(anonymous_8)","decl":{"start":{"line":60,"column":2},"end":{"line":60,"column":3}},"loc":{"start":{"line":60,"column":30},"end":{"line":65,"column":3}},"line":60},"9":{"name":"(anonymous_9)","decl":{"start":{"line":67,"column":2},"end":{"line":67,"column":3}},"loc":{"start":{"line":67,"column":51},"end":{"line":72,"column":3}},"line":67},"10":{"name":"(anonymous_10)","decl":{"start":{"line":74,"column":2},"end":{"line":74,"column":3}},"loc":{"start":{"line":74,"column":16},"end":{"line":79,"column":3}},"line":74},"11":{"name":"(anonymous_11)","decl":{"start":{"line":81,"column":2},"end":{"line":81,"column":3}},"loc":{"start":{"line":81,"column":16},"end":{"line":85,"column":3}},"line":81},"12":{"name":"(anonymous_12)","decl":{"start":{"line":87,"column":2},"end":{"line":87,"column":3}},"loc":{"start":{"line":87,"column":18},"end":{"line":90,"column":3}},"line":87},"13":{"name":"(anonymous_13)","decl":{"start":{"line":92,"column":2},"end":{"line":92,"column":3}},"loc":{"start":{"line":92,"column":22},"end":{"line":97,"column":3}},"line":92},"14":{"name":"(anonymous_14)","decl":{"start":{"line":99,"column":2},"end":{"line":99,"column":3}},"loc":{"start":{"line":99,"column":29},"end":{"line":107,"column":3}},"line":99}},"branchMap":{"0":{"loc":{"start":{"line":100,"column":4},"end":{"line":106,"column":5}},"type":"if","locations":[{"start":{"line":100,"column":4},"end":{"line":106,"column":5}},{"start":{"line":100,"column":4},"end":{"line":106,"column":5}}],"line":100}},"s":{"0":0,"1":1,"2":1,"3":1,"4":1,"5":1,"6":1,"7":1,"8":2,"9":2,"10":2,"11":1,"12":2,"13":2,"14":2,"15":2,"16":1,"17":1,"18":1,"19":1,"20":1,"21":1,"22":1,"23":1,"24":1,"25":1,"26":1,"27":1,"28":1,"29":1,"30":1,"31":1,"32":2,"33":2,"34":2,"35":1,"36":1,"37":1,"38":1,"39":1,"40":1,"41":8,"42":6},"f":{"0":0,"1":1,"2":1,"3":1,"4":2,"5":1,"6":2,"7":1,"8":1,"9":1,"10":1,"11":2,"12":1,"13":1,"14":8},"b":{"0":[6,2]},"_coverageSchema":"1a1c01bbd47fc00a2c39e90264f33305004495a9","hash":"4ae3b4ad51ddd9386f6aef0da89b1e7e976ae973"}
,"/media/ghost/Biggie/Sync/Mega/projects/WebStorm/fsd/Slider/src/slider/types/MinMaxPosition.ts": {"path":"/media/ghost/Biggie/Sync/Mega/projects/WebStorm/fsd/Slider/src/slider/types/MinMaxPosition.ts","statementMap":{},"fnMap":{},"branchMap":{},"s":{},"f":{},"b":{},"_coverageSchema":"1a1c01bbd47fc00a2c39e90264f33305004495a9","hash":"fd4ab5d271b9347d15cb8592e8300e20786764cf"}
,"/media/ghost/Biggie/Sync/Mega/projects/WebStorm/fsd/Slider/src/slider/utils/ClassNames.ts": {"path":"/media/ghost/Biggie/Sync/Mega/projects/WebStorm/fsd/Slider/src/slider/utils/ClassNames.ts","statementMap":{},"fnMap":{},"branchMap":{},"s":{},"f":{},"b":{},"_coverageSchema":"1a1c01bbd47fc00a2c39e90264f33305004495a9","hash":"e5558af5aaac48a9b01003c59c02182c72073ca5"}
,"/media/ghost/Biggie/Sync/Mega/projects/WebStorm/fsd/Slider/src/slider/utils/CssClassUtil.ts": {"path":"/media/ghost/Biggie/Sync/Mega/projects/WebStorm/fsd/Slider/src/slider/utils/CssClassUtil.ts","statementMap":{"0":{"start":{"line":4,"column":32},"end":{"line":4,"column":40}},"1":{"start":{"line":11,"column":21},"end":{"line":11,"column":51}},"2":{"start":{"line":12,"column":4},"end":{"line":15,"column":6}},"3":{"start":{"line":19,"column":21},"end":{"line":19,"column":51}},"4":{"start":{"line":20,"column":4},"end":{"line":20,"column":53}},"5":{"start":{"line":21,"column":4},"end":{"line":21,"column":55}},"6":{"start":{"line":25,"column":4},"end":{"line":25,"column":73}},"7":{"start":{"line":29,"column":4},"end":{"line":29,"column":60}},"8":{"start":{"line":33,"column":4},"end":{"line":33,"column":63}},"9":{"start":{"line":37,"column":4},"end":{"line":39,"column":33}}},"fnMap":{"0":{"name":"(anonymous_0)","decl":{"start":{"line":6,"column":2},"end":{"line":6,"column":3}},"loc":{"start":{"line":10,"column":4},"end":{"line":16,"column":3}},"line":10},"1":{"name":"(anonymous_1)","decl":{"start":{"line":18,"column":2},"end":{"line":18,"column":3}},"loc":{"start":{"line":18,"column":68},"end":{"line":22,"column":3}},"line":18},"2":{"name":"(anonymous_2)","decl":{"start":{"line":24,"column":2},"end":{"line":24,"column":3}},"loc":{"start":{"line":24,"column":63},"end":{"line":26,"column":3}},"line":24},"3":{"name":"(anonymous_3)","decl":{"start":{"line":28,"column":2},"end":{"line":28,"column":3}},"loc":{"start":{"line":28,"column":23},"end":{"line":30,"column":3}},"line":28},"4":{"name":"(anonymous_4)","decl":{"start":{"line":32,"column":2},"end":{"line":32,"column":3}},"loc":{"start":{"line":32,"column":26},"end":{"line":34,"column":3}},"line":32},"5":{"name":"(anonymous_5)","decl":{"start":{"line":36,"column":2},"end":{"line":36,"column":3}},"loc":{"start":{"line":36,"column":48},"end":{"line":40,"column":3}},"line":36}},"branchMap":{"0":{"loc":{"start":{"line":14,"column":18},"end":{"line":14,"column":58}},"type":"cond-expr","locations":[{"start":{"line":14,"column":31},"end":{"line":14,"column":42}},{"start":{"line":14,"column":45},"end":{"line":14,"column":58}}],"line":14},"1":{"loc":{"start":{"line":37,"column":11},"end":{"line":39,"column":32}},"type":"cond-expr","locations":[{"start":{"line":38,"column":8},"end":{"line":38,"column":72}},{"start":{"line":39,"column":8},"end":{"line":39,"column":32}}],"line":37}},"s":{"0":11,"1":145,"2":145,"3":12,"4":12,"5":12,"6":9,"7":3,"8":2,"9":166},"f":{"0":145,"1":12,"2":9,"3":3,"4":2,"5":166},"b":{"0":[108,37],"1":[154,12]},"_coverageSchema":"1a1c01bbd47fc00a2c39e90264f33305004495a9","hash":"4fb392c42850476f2593cae6ac54797a6e25ee48"}
,"/media/ghost/Biggie/Sync/Mega/projects/WebStorm/fsd/Slider/src/slider/utils/PositionUtil.ts": {"path":"/media/ghost/Biggie/Sync/Mega/projects/WebStorm/fsd/Slider/src/slider/utils/PositionUtil.ts","statementMap":{"0":{"start":{"line":3,"column":4},"end":{"line":7,"column":5}},"1":{"start":{"line":4,"column":6},"end":{"line":6,"column":68}},"2":{"start":{"line":8,"column":4},"end":{"line":8,"column":65}},"3":{"start":{"line":18,"column":8},"end":{"line":18,"column":39}},"4":{"start":{"line":19,"column":4},"end":{"line":21,"column":39}}},"fnMap":{"0":{"name":"(anonymous_0)","decl":{"start":{"line":2,"column":2},"end":{"line":2,"column":3}},"loc":{"start":{"line":2,"column":76},"end":{"line":9,"column":3}},"line":2},"1":{"name":"(anonymous_1)","decl":{"start":{"line":11,"column":2},"end":{"line":11,"column":3}},"loc":{"start":{"line":15,"column":4},"end":{"line":22,"column":3}},"line":15}},"branchMap":{"0":{"loc":{"start":{"line":3,"column":4},"end":{"line":7,"column":5}},"type":"if","locations":[{"start":{"line":3,"column":4},"end":{"line":7,"column":5}},{"start":{"line":3,"column":4},"end":{"line":7,"column":5}}],"line":3},"1":{"loc":{"start":{"line":4,"column":13},"end":{"line":6,"column":67}},"type":"cond-expr","locations":[{"start":{"line":5,"column":10},"end":{"line":5,"column":72}},{"start":{"line":6,"column":10},"end":{"line":6,"column":67}}],"line":4},"2":{"loc":{"start":{"line":19,"column":11},"end":{"line":21,"column":38}},"type":"cond-expr","locations":[{"start":{"line":20,"column":8},"end":{"line":20,"column":42}},{"start":{"line":21,"column":8},"end":{"line":21,"column":38}}],"line":19}},"s":{"0":3,"1":2,"2":1,"3":1,"4":1},"f":{"0":3,"1":1},"b":{"0":[2,1],"1":[1,1],"2":[0,1]},"_coverageSchema":"1a1c01bbd47fc00a2c39e90264f33305004495a9","hash":"d23c9545055878841f44b0840fc5b0bcfec6b4c5"}
,"/media/ghost/Biggie/Sync/Mega/projects/WebStorm/fsd/Slider/src/slider/view/MockView.ts": {"path":"/media/ghost/Biggie/Sync/Mega/projects/WebStorm/fsd/Slider/src/slider/view/MockView.ts","statementMap":{},"fnMap":{"0":{"name":"(anonymous_0)","decl":{"start":{"line":9,"column":2},"end":{"line":9,"column":3}},"loc":{"start":{"line":9,"column":30},"end":{"line":9,"column":32}},"line":9},"1":{"name":"(anonymous_1)","decl":{"start":{"line":11,"column":2},"end":{"line":11,"column":3}},"loc":{"start":{"line":11,"column":28},"end":{"line":11,"column":30}},"line":11},"2":{"name":"(anonymous_2)","decl":{"start":{"line":13,"column":2},"end":{"line":13,"column":3}},"loc":{"start":{"line":13,"column":16},"end":{"line":13,"column":18}},"line":13},"3":{"name":"(anonymous_3)","decl":{"start":{"line":15,"column":2},"end":{"line":15,"column":3}},"loc":{"start":{"line":15,"column":16},"end":{"line":15,"column":18}},"line":15},"4":{"name":"(anonymous_4)","decl":{"start":{"line":17,"column":2},"end":{"line":17,"column":3}},"loc":{"start":{"line":17,"column":18},"end":{"line":17,"column":20}},"line":17},"5":{"name":"(anonymous_5)","decl":{"start":{"line":19,"column":2},"end":{"line":19,"column":3}},"loc":{"start":{"line":19,"column":65},"end":{"line":19,"column":67}},"line":19},"6":{"name":"(anonymous_6)","decl":{"start":{"line":21,"column":2},"end":{"line":21,"column":3}},"loc":{"start":{"line":21,"column":68},"end":{"line":21,"column":70}},"line":21}},"branchMap":{},"s":{},"f":{"0":4,"1":1,"2":1,"3":2,"4":1,"5":2,"6":0},"b":{},"_coverageSchema":"1a1c01bbd47fc00a2c39e90264f33305004495a9","hash":"dc0113040de7ecb5539d9d59ca067add3934c9e6"}
,"/media/ghost/Biggie/Sync/Mega/projects/WebStorm/fsd/Slider/src/slider/view/View.ts": {"path":"/media/ghost/Biggie/Sync/Mega/projects/WebStorm/fsd/Slider/src/slider/view/View.ts","statementMap":{"0":{"start":{"line":14,"column":23},"end":{"line":14,"column":33}},"1":{"start":{"line":15,"column":25},"end":{"line":15,"column":36}},"2":{"start":{"line":20,"column":4},"end":{"line":20,"column":27}},"3":{"start":{"line":21,"column":21},"end":{"line":21,"column":54}},"4":{"start":{"line":22,"column":4},"end":{"line":22,"column":53}},"5":{"start":{"line":24,"column":4},"end":{"line":27,"column":6}},"6":{"start":{"line":29,"column":4},"end":{"line":29,"column":71}},"7":{"start":{"line":30,"column":4},"end":{"line":30,"column":69}},"8":{"start":{"line":31,"column":4},"end":{"line":31,"column":73}},"9":{"start":{"line":33,"column":4},"end":{"line":33,"column":48}},"10":{"start":{"line":33,"column":22},"end":{"line":33,"column":48}},"11":{"start":{"line":34,"column":4},"end":{"line":34,"column":29}},"12":{"start":{"line":36,"column":4},"end":{"line":36,"column":44}},"13":{"start":{"line":37,"column":4},"end":{"line":37,"column":42}},"14":{"start":{"line":37,"column":18},"end":{"line":37,"column":42}},"15":{"start":{"line":38,"column":4},"end":{"line":39,"column":35}},"16":{"start":{"line":38,"column":19},"end":{"line":38,"column":66}},"17":{"start":{"line":39,"column":9},"end":{"line":39,"column":35}},"18":{"start":{"line":43,"column":4},"end":{"line":43,"column":28}},"19":{"start":{"line":47,"column":4},"end":{"line":47,"column":30}},"20":{"start":{"line":51,"column":4},"end":{"line":51,"column":30}},"21":{"start":{"line":55,"column":4},"end":{"line":55,"column":49}},"22":{"start":{"line":56,"column":4},"end":{"line":56,"column":34}},"23":{"start":{"line":57,"column":4},"end":{"line":57,"column":35}},"24":{"start":{"line":61,"column":4},"end":{"line":61,"column":51}},"25":{"start":{"line":65,"column":4},"end":{"line":65,"column":49}},"26":{"start":{"line":68,"column":28},"end":{"line":70,"column":3}},"27":{"start":{"line":69,"column":4},"end":{"line":69,"column":50}},"28":{"start":{"line":72,"column":29},"end":{"line":75,"column":3}},"29":{"start":{"line":73,"column":4},"end":{"line":73,"column":31}},"30":{"start":{"line":74,"column":4},"end":{"line":74,"column":52}},"31":{"start":{"line":77,"column":28},"end":{"line":79,"column":3}},"32":{"start":{"line":78,"column":4},"end":{"line":78,"column":52}}},"fnMap":{"0":{"name":"(anonymous_0)","decl":{"start":{"line":17,"column":2},"end":{"line":17,"column":3}},"loc":{"start":{"line":19,"column":18},"end":{"line":40,"column":3}},"line":19},"1":{"name":"(anonymous_1)","decl":{"start":{"line":42,"column":2},"end":{"line":42,"column":3}},"loc":{"start":{"line":42,"column":16},"end":{"line":44,"column":3}},"line":42},"2":{"name":"(anonymous_2)","decl":{"start":{"line":46,"column":2},"end":{"line":46,"column":3}},"loc":{"start":{"line":46,"column":18},"end":{"line":48,"column":3}},"line":46},"3":{"name":"(anonymous_3)","decl":{"start":{"line":50,"column":2},"end":{"line":50,"column":3}},"loc":{"start":{"line":50,"column":16},"end":{"line":52,"column":3}},"line":50},"4":{"name":"(anonymous_4)","decl":{"start":{"line":54,"column":2},"end":{"line":54,"column":3}},"loc":{"start":{"line":54,"column":22},"end":{"line":58,"column":3}},"line":54},"5":{"name":"(anonymous_5)","decl":{"start":{"line":60,"column":2},"end":{"line":60,"column":3}},"loc":{"start":{"line":60,"column":68},"end":{"line":62,"column":3}},"line":60},"6":{"name":"(anonymous_6)","decl":{"start":{"line":64,"column":2},"end":{"line":64,"column":3}},"loc":{"start":{"line":64,"column":65},"end":{"line":66,"column":3}},"line":64},"7":{"name":"(anonymous_7)","decl":{"start":{"line":68,"column":28},"end":{"line":68,"column":29}},"loc":{"start":{"line":68,"column":54},"end":{"line":70,"column":3}},"line":68},"8":{"name":"(anonymous_8)","decl":{"start":{"line":72,"column":29},"end":{"line":72,"column":30}},"loc":{"start":{"line":72,"column":55},"end":{"line":75,"column":3}},"line":72},"9":{"name":"(anonymous_9)","decl":{"start":{"line":77,"column":28},"end":{"line":77,"column":29}},"loc":{"start":{"line":77,"column":54},"end":{"line":79,"column":3}},"line":77}},"branchMap":{"0":{"loc":{"start":{"line":33,"column":4},"end":{"line":33,"column":48}},"type":"if","locations":[{"start":{"line":33,"column":4},"end":{"line":33,"column":48}},{"start":{"line":33,"column":4},"end":{"line":33,"column":48}}],"line":33},"1":{"loc":{"start":{"line":37,"column":4},"end":{"line":37,"column":42}},"type":"if","locations":[{"start":{"line":37,"column":4},"end":{"line":37,"column":42}},{"start":{"line":37,"column":4},"end":{"line":37,"column":42}}],"line":37},"2":{"loc":{"start":{"line":38,"column":4},"end":{"line":39,"column":35}},"type":"if","locations":[{"start":{"line":38,"column":4},"end":{"line":39,"column":35}},{"start":{"line":38,"column":4},"end":{"line":39,"column":35}}],"line":38}},"s":{"0":15,"1":15,"2":10,"3":10,"4":10,"5":10,"6":10,"7":10,"8":10,"9":10,"10":9,"11":10,"12":10,"13":10,"14":8,"15":10,"16":3,"17":7,"18":1,"19":1,"20":1,"21":1,"22":1,"23":1,"24":1,"25":11,"26":15,"27":0,"28":15,"29":0,"30":0,"31":15,"32":0},"f":{"0":10,"1":1,"2":1,"3":1,"4":1,"5":1,"6":11,"7":0,"8":0,"9":0},"b":{"0":[9,1],"1":[8,2],"2":[3,7]},"_coverageSchema":"1a1c01bbd47fc00a2c39e90264f33305004495a9","hash":"83dc5bcf608e0079d80126e8a3fa2d805d831b30"}
,"/media/ghost/Biggie/Sync/Mega/projects/WebStorm/fsd/Slider/src/slider/view/body/Body.ts": {"path":"/media/ghost/Biggie/Sync/Mega/projects/WebStorm/fsd/Slider/src/slider/view/body/Body.ts","statementMap":{"0":{"start":{"line":16,"column":25},"end":{"line":16,"column":36}},"1":{"start":{"line":17,"column":34},"end":{"line":17,"column":72}},"2":{"start":{"line":19,"column":26},"end":{"line":19,"column":31}},"3":{"start":{"line":22,"column":4},"end":{"line":22,"column":49}},"4":{"start":{"line":23,"column":4},"end":{"line":23,"column":70}},"5":{"start":{"line":25,"column":4},"end":{"line":25,"column":79}},"6":{"start":{"line":26,"column":4},"end":{"line":30,"column":6}},"7":{"start":{"line":32,"column":4},"end":{"line":32,"column":78}},"8":{"start":{"line":33,"column":4},"end":{"line":33,"column":83}},"9":{"start":{"line":34,"column":4},"end":{"line":34,"column":78}},"10":{"start":{"line":35,"column":4},"end":{"line":35,"column":83}},"11":{"start":{"line":36,"column":4},"end":{"line":36,"column":24}},"12":{"start":{"line":40,"column":4},"end":{"line":40,"column":24}},"13":{"start":{"line":44,"column":4},"end":{"line":44,"column":35}},"14":{"start":{"line":48,"column":4},"end":{"line":48,"column":36}},"15":{"start":{"line":49,"column":4},"end":{"line":49,"column":36}},"16":{"start":{"line":53,"column":4},"end":{"line":53,"column":66}},"17":{"start":{"line":54,"column":4},"end":{"line":54,"column":40}},"18":{"start":{"line":55,"column":4},"end":{"line":55,"column":40}},"19":{"start":{"line":56,"column":4},"end":{"line":56,"column":35}},"20":{"start":{"line":60,"column":37},"end":{"line":60,"column":39}},"21":{"start":{"line":61,"column":4},"end":{"line":65,"column":5}},"22":{"start":{"line":62,"column":6},"end":{"line":62,"column":54}},"23":{"start":{"line":63,"column":6},"end":{"line":63,"column":33}},"24":{"start":{"line":64,"column":6},"end":{"line":64,"column":62}},"25":{"start":{"line":64,"column":30},"end":{"line":64,"column":62}},"26":{"start":{"line":66,"column":4},"end":{"line":70,"column":5}},"27":{"start":{"line":67,"column":6},"end":{"line":67,"column":54}},"28":{"start":{"line":68,"column":6},"end":{"line":68,"column":33}},"29":{"start":{"line":69,"column":6},"end":{"line":69,"column":62}},"30":{"start":{"line":69,"column":30},"end":{"line":69,"column":62}},"31":{"start":{"line":72,"column":4},"end":{"line":76,"column":6}},"32":{"start":{"line":80,"column":4},"end":{"line":80,"column":30}},"33":{"start":{"line":83,"column":32},"end":{"line":85,"column":3}},"34":{"start":{"line":84,"column":4},"end":{"line":84,"column":31}},"35":{"start":{"line":87,"column":31},"end":{"line":89,"column":3}},"36":{"start":{"line":88,"column":4},"end":{"line":88,"column":39}},"37":{"start":{"line":91,"column":31},"end":{"line":93,"column":3}},"38":{"start":{"line":92,"column":4},"end":{"line":92,"column":59}},"39":{"start":{"line":95,"column":38},"end":{"line":107,"column":3}},"40":{"start":{"line":96,"column":4},"end":{"line":106,"column":5}},"41":{"start":{"line":97,"column":6},"end":{"line":97,"column":28}},"42":{"start":{"line":98,"column":6},"end":{"line":105,"column":8}},"43":{"start":{"line":100,"column":33},"end":{"line":104,"column":9}},"44":{"start":{"line":110,"column":4},"end":{"line":112,"column":6}},"45":{"start":{"line":115,"column":28},"end":{"line":126,"column":3}},"46":{"start":{"line":119,"column":4},"end":{"line":125,"column":6}},"47":{"start":{"line":121,"column":47},"end":{"line":124,"column":7}},"48":{"start":{"line":131,"column":8},"end":{"line":131,"column":44}},"49":{"start":{"line":132,"column":4},"end":{"line":134,"column":36}}},"fnMap":{"0":{"name":"(anonymous_0)","decl":{"start":{"line":21,"column":2},"end":{"line":21,"column":3}},"loc":{"start":{"line":21,"column":33},"end":{"line":37,"column":3}},"line":21},"1":{"name":"(anonymous_1)","decl":{"start":{"line":39,"column":2},"end":{"line":39,"column":3}},"loc":{"start":{"line":39,"column":15},"end":{"line":41,"column":3}},"line":39},"2":{"name":"(anonymous_2)","decl":{"start":{"line":43,"column":2},"end":{"line":43,"column":3}},"loc":{"start":{"line":43,"column":16},"end":{"line":45,"column":3}},"line":43},"3":{"name":"(anonymous_3)","decl":{"start":{"line":47,"column":2},"end":{"line":47,"column":3}},"loc":{"start":{"line":47,"column":18},"end":{"line":50,"column":3}},"line":47},"4":{"name":"(anonymous_4)","decl":{"start":{"line":52,"column":2},"end":{"line":52,"column":3}},"loc":{"start":{"line":52,"column":22},"end":{"line":57,"column":3}},"line":52},"5":{"name":"(anonymous_5)","decl":{"start":{"line":59,"column":2},"end":{"line":59,"column":3}},"loc":{"start":{"line":59,"column":71},"end":{"line":77,"column":3}},"line":59},"6":{"name":"(anonymous_6)","decl":{"start":{"line":79,"column":2},"end":{"line":79,"column":3}},"loc":{"start":{"line":79,"column":19},"end":{"line":81,"column":3}},"line":79},"7":{"name":"(anonymous_7)","decl":{"start":{"line":83,"column":32},"end":{"line":83,"column":33}},"loc":{"start":{"line":83,"column":38},"end":{"line":85,"column":3}},"line":83},"8":{"name":"(anonymous_8)","decl":{"start":{"line":87,"column":31},"end":{"line":87,"column":32}},"loc":{"start":{"line":87,"column":63},"end":{"line":89,"column":3}},"line":87},"9":{"name":"(anonymous_9)","decl":{"start":{"line":91,"column":31},"end":{"line":91,"column":32}},"loc":{"start":{"line":91,"column":63},"end":{"line":93,"column":3}},"line":91},"10":{"name":"(anonymous_10)","decl":{"start":{"line":95,"column":38},"end":{"line":95,"column":39}},"loc":{"start":{"line":95,"column":61},"end":{"line":107,"column":3}},"line":95},"11":{"name":"(anonymous_11)","decl":{"start":{"line":100,"column":8},"end":{"line":100,"column":9}},"loc":{"start":{"line":100,"column":33},"end":{"line":104,"column":9}},"line":100},"12":{"name":"(anonymous_12)","decl":{"start":{"line":109,"column":2},"end":{"line":109,"column":3}},"loc":{"start":{"line":109,"column":45},"end":{"line":113,"column":3}},"line":109},"13":{"name":"(anonymous_13)","decl":{"start":{"line":115,"column":28},"end":{"line":115,"column":29}},"loc":{"start":{"line":118,"column":7},"end":{"line":126,"column":3}},"line":118},"14":{"name":"(anonymous_14)","decl":{"start":{"line":121,"column":6},"end":{"line":121,"column":7}},"loc":{"start":{"line":121,"column":47},"end":{"line":124,"column":7}},"line":121},"15":{"name":"(anonymous_15)","decl":{"start":{"line":128,"column":2},"end":{"line":128,"column":3}},"loc":{"start":{"line":128,"column":61},"end":{"line":135,"column":3}},"line":128}},"branchMap":{"0":{"loc":{"start":{"line":61,"column":4},"end":{"line":65,"column":5}},"type":"if","locations":[{"start":{"line":61,"column":4},"end":{"line":65,"column":5}},{"start":{"line":61,"column":4},"end":{"line":65,"column":5}}],"line":61},"1":{"loc":{"start":{"line":64,"column":6},"end":{"line":64,"column":62}},"type":"if","locations":[{"start":{"line":64,"column":6},"end":{"line":64,"column":62}},{"start":{"line":64,"column":6},"end":{"line":64,"column":62}}],"line":64},"2":{"loc":{"start":{"line":66,"column":4},"end":{"line":70,"column":5}},"type":"if","locations":[{"start":{"line":66,"column":4},"end":{"line":70,"column":5}},{"start":{"line":66,"column":4},"end":{"line":70,"column":5}}],"line":66},"3":{"loc":{"start":{"line":69,"column":6},"end":{"line":69,"column":62}},"type":"if","locations":[{"start":{"line":69,"column":6},"end":{"line":69,"column":62}},{"start":{"line":69,"column":6},"end":{"line":69,"column":62}}],"line":69},"4":{"loc":{"start":{"line":75,"column":6},"end":{"line":75,"column":56}},"type":"cond-expr","locations":[{"start":{"line":75,"column":19},"end":{"line":75,"column":44}},{"start":{"line":75,"column":47},"end":{"line":75,"column":56}}],"line":75},"5":{"loc":{"start":{"line":96,"column":4},"end":{"line":106,"column":5}},"type":"if","locations":[{"start":{"line":96,"column":4},"end":{"line":106,"column":5}},{"start":{"line":96,"column":4},"end":{"line":106,"column":5}}],"line":96},"6":{"loc":{"start":{"line":111,"column":6},"end":{"line":111,"column":79}},"type":"binary-expr","locations":[{"start":{"line":111,"column":6},"end":{"line":111,"column":35}},{"start":{"line":111,"column":39},"end":{"line":111,"column":79}}],"line":111},"7":{"loc":{"start":{"line":117,"column":4},"end":{"line":117,"column":33}},"type":"default-arg","locations":[{"start":{"line":117,"column":15},"end":{"line":117,"column":33}}],"line":117},"8":{"loc":{"start":{"line":132,"column":11},"end":{"line":134,"column":35}},"type":"cond-expr","locations":[{"start":{"line":133,"column":8},"end":{"line":133,"column":39}},{"start":{"line":134,"column":8},"end":{"line":134,"column":35}}],"line":132}},"s":{"0":12,"1":12,"2":12,"3":7,"4":7,"5":7,"6":7,"7":7,"8":7,"9":7,"10":7,"11":7,"12":2,"13":1,"14":1,"15":1,"16":1,"17":1,"18":1,"19":1,"20":2,"21":2,"22":2,"23":2,"24":2,"25":1,"26":2,"27":1,"28":1,"29":1,"30":1,"31":2,"32":1,"33":12,"34":0,"35":12,"36":0,"37":12,"38":0,"39":12,"40":1,"41":1,"42":1,"43":0,"44":1,"45":12,"46":0,"47":0,"48":0,"49":0},"f":{"0":7,"1":2,"2":1,"3":1,"4":1,"5":2,"6":1,"7":0,"8":0,"9":0,"10":1,"11":0,"12":1,"13":0,"14":0,"15":0},"b":{"0":[2,0],"1":[1,1],"2":[1,1],"3":[1,0],"4":[2,0],"5":[1,0],"6":[1,0],"7":[0],"8":[0,0]},"_coverageSchema":"1a1c01bbd47fc00a2c39e90264f33305004495a9","hash":"c71f2817c721ddc39d2ac546bb669566afacd17f"}
,"/media/ghost/Biggie/Sync/Mega/projects/WebStorm/fsd/Slider/src/slider/view/point/Point.ts": {"path":"/media/ghost/Biggie/Sync/Mega/projects/WebStorm/fsd/Slider/src/slider/view/point/Point.ts","statementMap":{"0":{"start":{"line":12,"column":36},"end":{"line":12,"column":50}},"1":{"start":{"line":13,"column":20},"end":{"line":13,"column":33}},"2":{"start":{"line":16,"column":4},"end":{"line":16,"column":49}},"3":{"start":{"line":17,"column":4},"end":{"line":17,"column":71}},"4":{"start":{"line":18,"column":4},"end":{"line":18,"column":74}},"5":{"start":{"line":19,"column":4},"end":{"line":19,"column":60}},"6":{"start":{"line":20,"column":4},"end":{"line":20,"column":24}},"7":{"start":{"line":24,"column":4},"end":{"line":24,"column":24}},"8":{"start":{"line":28,"column":4},"end":{"line":28,"column":31}},"9":{"start":{"line":29,"column":4},"end":{"line":29,"column":61}},"10":{"start":{"line":30,"column":4},"end":{"line":30,"column":65}},"11":{"start":{"line":34,"column":19},"end":{"line":34,"column":47}},"12":{"start":{"line":35,"column":4},"end":{"line":37,"column":48}},"13":{"start":{"line":38,"column":4},"end":{"line":38,"column":84}},"14":{"start":{"line":38,"column":37},"end":{"line":38,"column":84}},"15":{"start":{"line":42,"column":4},"end":{"line":42,"column":62}},"16":{"start":{"line":46,"column":4},"end":{"line":46,"column":32}},"17":{"start":{"line":50,"column":4},"end":{"line":50,"column":42}},"18":{"start":{"line":51,"column":4},"end":{"line":51,"column":67}},"19":{"start":{"line":52,"column":4},"end":{"line":52,"column":37}},"20":{"start":{"line":55,"column":33},"end":{"line":58,"column":3}},"21":{"start":{"line":56,"column":4},"end":{"line":56,"column":54}},"22":{"start":{"line":57,"column":4},"end":{"line":57,"column":25}},"23":{"start":{"line":63,"column":8},"end":{"line":63,"column":44}},"24":{"start":{"line":64,"column":4},"end":{"line":64,"column":80}},"25":{"start":{"line":67,"column":26},"end":{"line":73,"column":3}},"26":{"start":{"line":68,"column":4},"end":{"line":68,"column":34}},"27":{"start":{"line":69,"column":4},"end":{"line":69,"column":64}},"28":{"start":{"line":70,"column":4},"end":{"line":70,"column":68}},"29":{"start":{"line":71,"column":4},"end":{"line":71,"column":35}},"30":{"start":{"line":72,"column":4},"end":{"line":72,"column":43}},"31":{"start":{"line":75,"column":28},"end":{"line":80,"column":3}},"32":{"start":{"line":76,"column":4},"end":{"line":79,"column":6}},"33":{"start":{"line":78,"column":31},"end":{"line":78,"column":67}},"34":{"start":{"line":83,"column":4},"end":{"line":85,"column":40}}},"fnMap":{"0":{"name":"(anonymous_0)","decl":{"start":{"line":15,"column":2},"end":{"line":15,"column":3}},"loc":{"start":{"line":15,"column":33},"end":{"line":21,"column":3}},"line":15},"1":{"name":"(anonymous_1)","decl":{"start":{"line":23,"column":2},"end":{"line":23,"column":3}},"loc":{"start":{"line":23,"column":15},"end":{"line":25,"column":3}},"line":23},"2":{"name":"(anonymous_2)","decl":{"start":{"line":27,"column":2},"end":{"line":27,"column":3}},"loc":{"start":{"line":27,"column":18},"end":{"line":31,"column":3}},"line":27},"3":{"name":"(anonymous_3)","decl":{"start":{"line":33,"column":2},"end":{"line":33,"column":3}},"loc":{"start":{"line":33,"column":56},"end":{"line":39,"column":3}},"line":33},"4":{"name":"(anonymous_4)","decl":{"start":{"line":41,"column":2},"end":{"line":41,"column":3}},"loc":{"start":{"line":41,"column":17},"end":{"line":43,"column":3}},"line":41},"5":{"name":"(anonymous_5)","decl":{"start":{"line":45,"column":2},"end":{"line":45,"column":3}},"loc":{"start":{"line":45,"column":18},"end":{"line":47,"column":3}},"line":45},"6":{"name":"(anonymous_6)","decl":{"start":{"line":49,"column":2},"end":{"line":49,"column":3}},"loc":{"start":{"line":49,"column":22},"end":{"line":53,"column":3}},"line":49},"7":{"name":"(anonymous_7)","decl":{"start":{"line":55,"column":33},"end":{"line":55,"column":34}},"loc":{"start":{"line":55,"column":56},"end":{"line":58,"column":3}},"line":55},"8":{"name":"(anonymous_8)","decl":{"start":{"line":60,"column":2},"end":{"line":60,"column":3}},"loc":{"start":{"line":60,"column":59},"end":{"line":65,"column":3}},"line":60},"9":{"name":"(anonymous_9)","decl":{"start":{"line":67,"column":26},"end":{"line":67,"column":27}},"loc":{"start":{"line":67,"column":32},"end":{"line":73,"column":3}},"line":67},"10":{"name":"(anonymous_10)","decl":{"start":{"line":75,"column":28},"end":{"line":75,"column":29}},"loc":{"start":{"line":75,"column":51},"end":{"line":80,"column":3}},"line":75},"11":{"name":"(anonymous_11)","decl":{"start":{"line":78,"column":6},"end":{"line":78,"column":7}},"loc":{"start":{"line":78,"column":31},"end":{"line":78,"column":67}},"line":78},"12":{"name":"(anonymous_12)","decl":{"start":{"line":82,"column":2},"end":{"line":82,"column":3}},"loc":{"start":{"line":82,"column":63},"end":{"line":86,"column":3}},"line":82}},"branchMap":{"0":{"loc":{"start":{"line":36,"column":6},"end":{"line":36,"column":36}},"type":"cond-expr","locations":[{"start":{"line":36,"column":19},"end":{"line":36,"column":27}},{"start":{"line":36,"column":30},"end":{"line":36,"column":36}}],"line":36},"1":{"loc":{"start":{"line":38,"column":4},"end":{"line":38,"column":84}},"type":"if","locations":[{"start":{"line":38,"column":4},"end":{"line":38,"column":84}},{"start":{"line":38,"column":4},"end":{"line":38,"column":84}}],"line":38},"2":{"loc":{"start":{"line":83,"column":11},"end":{"line":85,"column":39}},"type":"cond-expr","locations":[{"start":{"line":84,"column":8},"end":{"line":84,"column":39}},{"start":{"line":85,"column":8},"end":{"line":85,"column":39}}],"line":83}},"s":{"0":35,"1":35,"2":23,"3":23,"4":23,"5":23,"6":23,"7":11,"8":5,"9":5,"10":5,"11":5,"12":5,"13":5,"14":1,"15":2,"16":3,"17":3,"18":3,"19":3,"20":35,"21":3,"22":3,"23":3,"24":3,"25":35,"26":2,"27":2,"28":2,"29":2,"30":2,"31":35,"32":1,"33":0,"34":0},"f":{"0":23,"1":11,"2":5,"3":5,"4":2,"5":3,"6":3,"7":3,"8":3,"9":2,"10":1,"11":0,"12":0},"b":{"0":[4,1],"1":[1,4],"2":[0,0]},"_coverageSchema":"1a1c01bbd47fc00a2c39e90264f33305004495a9","hash":"d542e632f178508d2cb6f4a4db35b6df10b76ab0"}
,"/media/ghost/Biggie/Sync/Mega/projects/WebStorm/fsd/Slider/src/slider/view/range/Range.ts": {"path":"/media/ghost/Biggie/Sync/Mega/projects/WebStorm/fsd/Slider/src/slider/view/range/Range.ts","statementMap":{"0":{"start":{"line":9,"column":4},"end":{"line":9,"column":49}},"1":{"start":{"line":10,"column":4},"end":{"line":10,"column":71}},"2":{"start":{"line":11,"column":4},"end":{"line":11,"column":24}},"3":{"start":{"line":15,"column":4},"end":{"line":15,"column":24}},"4":{"start":{"line":23,"column":4},"end":{"line":30,"column":5}},"5":{"start":{"line":24,"column":25},"end":{"line":24,"column":37}},"6":{"start":{"line":25,"column":6},"end":{"line":25,"column":103}},"7":{"start":{"line":25,"column":37},"end":{"line":25,"column":103}},"8":{"start":{"line":26,"column":6},"end":{"line":26,"column":108}},"9":{"start":{"line":26,"column":37},"end":{"line":26,"column":108}},"10":{"start":{"line":28,"column":6},"end":{"line":28,"column":87}},"11":{"start":{"line":28,"column":37},"end":{"line":28,"column":87}},"12":{"start":{"line":29,"column":6},"end":{"line":29,"column":94}},"13":{"start":{"line":29,"column":37},"end":{"line":29,"column":94}},"14":{"start":{"line":34,"column":4},"end":{"line":34,"column":42}}},"fnMap":{"0":{"name":"(anonymous_0)","decl":{"start":{"line":8,"column":2},"end":{"line":8,"column":3}},"loc":{"start":{"line":8,"column":33},"end":{"line":12,"column":3}},"line":8},"1":{"name":"(anonymous_1)","decl":{"start":{"line":14,"column":2},"end":{"line":14,"column":3}},"loc":{"start":{"line":14,"column":15},"end":{"line":16,"column":3}},"line":14},"2":{"name":"(anonymous_2)","decl":{"start":{"line":18,"column":2},"end":{"line":18,"column":3}},"loc":{"start":{"line":22,"column":4},"end":{"line":31,"column":3}},"line":22},"3":{"name":"(anonymous_3)","decl":{"start":{"line":33,"column":2},"end":{"line":33,"column":3}},"loc":{"start":{"line":33,"column":22},"end":{"line":35,"column":3}},"line":33}},"branchMap":{"0":{"loc":{"start":{"line":23,"column":4},"end":{"line":30,"column":5}},"type":"if","locations":[{"start":{"line":23,"column":4},"end":{"line":30,"column":5}},{"start":{"line":23,"column":4},"end":{"line":30,"column":5}}],"line":23},"1":{"loc":{"start":{"line":25,"column":6},"end":{"line":25,"column":103}},"type":"if","locations":[{"start":{"line":25,"column":6},"end":{"line":25,"column":103}},{"start":{"line":25,"column":6},"end":{"line":25,"column":103}}],"line":25},"2":{"loc":{"start":{"line":26,"column":6},"end":{"line":26,"column":108}},"type":"if","locations":[{"start":{"line":26,"column":6},"end":{"line":26,"column":108}},{"start":{"line":26,"column":6},"end":{"line":26,"column":108}}],"line":26},"3":{"loc":{"start":{"line":28,"column":6},"end":{"line":28,"column":87}},"type":"if","locations":[{"start":{"line":28,"column":6},"end":{"line":28,"column":87}},{"start":{"line":28,"column":6},"end":{"line":28,"column":87}}],"line":28},"4":{"loc":{"start":{"line":29,"column":6},"end":{"line":29,"column":94}},"type":"if","locations":[{"start":{"line":29,"column":6},"end":{"line":29,"column":94}},{"start":{"line":29,"column":6},"end":{"line":29,"column":94}}],"line":29}},"s":{"0":11,"1":11,"2":11,"3":8,"4":4,"5":3,"6":3,"7":3,"8":3,"9":2,"10":1,"11":1,"12":1,"13":1,"14":2},"f":{"0":11,"1":8,"2":4,"3":2},"b":{"0":[3,1],"1":[3,0],"2":[2,1],"3":[1,0],"4":[1,0]},"_coverageSchema":"1a1c01bbd47fc00a2c39e90264f33305004495a9","hash":"1edf74adb5d3a65033bf3b8e6e217ea8858823c1"}
,"/media/ghost/Biggie/Sync/Mega/projects/WebStorm/fsd/Slider/src/slider/view/scale/Scale.ts": {"path":"/media/ghost/Biggie/Sync/Mega/projects/WebStorm/fsd/Slider/src/slider/view/scale/Scale.ts","statementMap":{"0":{"start":{"line":11,"column":4},"end":{"line":11,"column":49}},"1":{"start":{"line":12,"column":4},"end":{"line":12,"column":71}},"2":{"start":{"line":13,"column":4},"end":{"line":13,"column":74}},"3":{"start":{"line":14,"column":4},"end":{"line":14,"column":24}},"4":{"start":{"line":18,"column":4},"end":{"line":18,"column":24}},"5":{"start":{"line":22,"column":4},"end":{"line":22,"column":62}},"6":{"start":{"line":26,"column":4},"end":{"line":26,"column":67}},"7":{"start":{"line":27,"column":4},"end":{"line":30,"column":7}},"8":{"start":{"line":28,"column":6},"end":{"line":28,"column":76}},"9":{"start":{"line":29,"column":6},"end":{"line":29,"column":18}},"10":{"start":{"line":34,"column":4},"end":{"line":34,"column":32}},"11":{"start":{"line":35,"column":18},"end":{"line":35,"column":69}},"12":{"start":{"line":36,"column":4},"end":{"line":49,"column":5}},"13":{"start":{"line":37,"column":43},"end":{"line":42,"column":7}},"14":{"start":{"line":44,"column":23},"end":{"line":44,"column":56}},"15":{"start":{"line":45,"column":6},"end":{"line":47,"column":7}},"16":{"start":{"line":45,"column":19},"end":{"line":45,"column":20}},"17":{"start":{"line":46,"column":8},"end":{"line":46,"column":76}},"18":{"start":{"line":48,"column":6},"end":{"line":48,"column":36}},"19":{"start":{"line":57,"column":17},"end":{"line":57,"column":46}},"20":{"start":{"line":58,"column":4},"end":{"line":58,"column":67}},"21":{"start":{"line":59,"column":4},"end":{"line":59,"column":62}},"22":{"start":{"line":60,"column":4},"end":{"line":60,"column":16}},"23":{"start":{"line":69,"column":16},"end":{"line":69,"column":26}},"24":{"start":{"line":70,"column":16},"end":{"line":70,"column":53}},"25":{"start":{"line":71,"column":4},"end":{"line":74,"column":5}},"26":{"start":{"line":72,"column":6},"end":{"line":72,"column":17}},"27":{"start":{"line":73,"column":6},"end":{"line":73,"column":17}},"28":{"start":{"line":75,"column":4},"end":{"line":78,"column":6}},"29":{"start":{"line":81,"column":33},"end":{"line":86,"column":3}},"30":{"start":{"line":82,"column":4},"end":{"line":85,"column":6}},"31":{"start":{"line":84,"column":31},"end":{"line":84,"column":81}}},"fnMap":{"0":{"name":"(anonymous_0)","decl":{"start":{"line":10,"column":2},"end":{"line":10,"column":3}},"loc":{"start":{"line":10,"column":33},"end":{"line":15,"column":3}},"line":10},"1":{"name":"(anonymous_1)","decl":{"start":{"line":17,"column":2},"end":{"line":17,"column":3}},"loc":{"start":{"line":17,"column":15},"end":{"line":19,"column":3}},"line":17},"2":{"name":"(anonymous_2)","decl":{"start":{"line":21,"column":2},"end":{"line":21,"column":3}},"loc":{"start":{"line":21,"column":17},"end":{"line":23,"column":3}},"line":21},"3":{"name":"(anonymous_3)","decl":{"start":{"line":25,"column":2},"end":{"line":25,"column":3}},"loc":{"start":{"line":25,"column":22},"end":{"line":31,"column":3}},"line":25},"4":{"name":"(anonymous_4)","decl":{"start":{"line":27,"column":36},"end":{"line":27,"column":37}},"loc":{"start":{"line":27,"column":58},"end":{"line":30,"column":5}},"line":27},"5":{"name":"(anonymous_5)","decl":{"start":{"line":33,"column":2},"end":{"line":33,"column":3}},"loc":{"start":{"line":33,"column":63},"end":{"line":50,"column":3}},"line":33},"6":{"name":"(anonymous_6)","decl":{"start":{"line":52,"column":2},"end":{"line":52,"column":3}},"loc":{"start":{"line":56,"column":4},"end":{"line":61,"column":3}},"line":56},"7":{"name":"(anonymous_7)","decl":{"start":{"line":63,"column":2},"end":{"line":63,"column":3}},"loc":{"start":{"line":68,"column":4},"end":{"line":79,"column":3}},"line":68},"8":{"name":"(anonymous_8)","decl":{"start":{"line":81,"column":33},"end":{"line":81,"column":34}},"loc":{"start":{"line":81,"column":56},"end":{"line":86,"column":3}},"line":81},"9":{"name":"(anonymous_9)","decl":{"start":{"line":84,"column":6},"end":{"line":84,"column":7}},"loc":{"start":{"line":84,"column":31},"end":{"line":84,"column":81}},"line":84}},"branchMap":{"0":{"loc":{"start":{"line":36,"column":4},"end":{"line":49,"column":5}},"type":"if","locations":[{"start":{"line":36,"column":4},"end":{"line":49,"column":5}},{"start":{"line":36,"column":4},"end":{"line":49,"column":5}}],"line":36},"1":{"loc":{"start":{"line":39,"column":21},"end":{"line":39,"column":64}},"type":"cond-expr","locations":[{"start":{"line":39,"column":34},"end":{"line":39,"column":48}},{"start":{"line":39,"column":51},"end":{"line":39,"column":64}}],"line":39},"2":{"loc":{"start":{"line":58,"column":15},"end":{"line":58,"column":45}},"type":"cond-expr","locations":[{"start":{"line":58,"column":28},"end":{"line":58,"column":36}},{"start":{"line":58,"column":39},"end":{"line":58,"column":45}}],"line":58}},"s":{"0":6,"1":6,"2":6,"3":6,"4":5,"5":1,"6":1,"7":1,"8":0,"9":0,"10":2,"11":2,"12":2,"13":2,"14":2,"15":2,"16":2,"17":55,"18":2,"19":55,"20":55,"21":55,"22":55,"23":2,"24":2,"25":2,"26":3,"27":3,"28":2,"29":11,"30":0,"31":0},"f":{"0":6,"1":5,"2":1,"3":1,"4":0,"5":2,"6":55,"7":2,"8":0,"9":0},"b":{"0":[2,0],"1":[1,1],"2":[49,6]},"_coverageSchema":"1a1c01bbd47fc00a2c39e90264f33305004495a9","hash":"e5e181305276f71ca2270524e95d8ca0a0ba9102"}
,"/media/ghost/Biggie/Sync/Mega/projects/WebStorm/fsd/Slider/src/slider/view/tooltip/Tooltip.ts": {"path":"/media/ghost/Biggie/Sync/Mega/projects/WebStorm/fsd/Slider/src/slider/view/tooltip/Tooltip.ts","statementMap":{"0":{"start":{"line":8,"column":4},"end":{"line":8,"column":24}},"1":{"start":{"line":12,"column":4},"end":{"line":12,"column":49}},"2":{"start":{"line":13,"column":4},"end":{"line":13,"column":73}},"3":{"start":{"line":14,"column":4},"end":{"line":14,"column":24}},"4":{"start":{"line":18,"column":4},"end":{"line":18,"column":64}},"5":{"start":{"line":22,"column":4},"end":{"line":22,"column":45}},"6":{"start":{"line":23,"column":4},"end":{"line":33,"column":5}},"7":{"start":{"line":24,"column":6},"end":{"line":24,"column":35}},"8":{"start":{"line":25,"column":6},"end":{"line":25,"column":36}},"9":{"start":{"line":26,"column":19},"end":{"line":26,"column":55}},"10":{"start":{"line":27,"column":6},"end":{"line":29,"column":7}},"11":{"start":{"line":28,"column":8},"end":{"line":28,"column":38}},"12":{"start":{"line":30,"column":6},"end":{"line":32,"column":7}},"13":{"start":{"line":31,"column":8},"end":{"line":31,"column":39}},"14":{"start":{"line":37,"column":4},"end":{"line":37,"column":69}}},"fnMap":{"0":{"name":"(anonymous_0)","decl":{"start":{"line":7,"column":2},"end":{"line":7,"column":3}},"loc":{"start":{"line":7,"column":15},"end":{"line":9,"column":3}},"line":7},"1":{"name":"(anonymous_1)","decl":{"start":{"line":11,"column":2},"end":{"line":11,"column":3}},"loc":{"start":{"line":11,"column":33},"end":{"line":15,"column":3}},"line":11},"2":{"name":"(anonymous_2)","decl":{"start":{"line":17,"column":2},"end":{"line":17,"column":3}},"loc":{"start":{"line":17,"column":17},"end":{"line":19,"column":3}},"line":17},"3":{"name":"(anonymous_3)","decl":{"start":{"line":21,"column":2},"end":{"line":21,"column":3}},"loc":{"start":{"line":21,"column":41},"end":{"line":34,"column":3}},"line":21},"4":{"name":"(anonymous_4)","decl":{"start":{"line":36,"column":2},"end":{"line":36,"column":3}},"loc":{"start":{"line":36,"column":22},"end":{"line":38,"column":3}},"line":36}},"branchMap":{"0":{"loc":{"start":{"line":23,"column":4},"end":{"line":33,"column":5}},"type":"if","locations":[{"start":{"line":23,"column":4},"end":{"line":33,"column":5}},{"start":{"line":23,"column":4},"end":{"line":33,"column":5}}],"line":23},"1":{"loc":{"start":{"line":27,"column":6},"end":{"line":29,"column":7}},"type":"if","locations":[{"start":{"line":27,"column":6},"end":{"line":29,"column":7}},{"start":{"line":27,"column":6},"end":{"line":29,"column":7}}],"line":27},"2":{"loc":{"start":{"line":30,"column":6},"end":{"line":32,"column":7}},"type":"if","locations":[{"start":{"line":30,"column":6},"end":{"line":32,"column":7}},{"start":{"line":30,"column":6},"end":{"line":32,"column":7}}],"line":30}},"s":{"0":10,"1":30,"2":30,"3":30,"4":4,"5":4,"6":4,"7":3,"8":3,"9":3,"10":3,"11":1,"12":3,"13":1,"14":4},"f":{"0":10,"1":30,"2":4,"3":4,"4":4},"b":{"0":[3,1],"1":[1,2],"2":[1,2]},"_coverageSchema":"1a1c01bbd47fc00a2c39e90264f33305004495a9","hash":"eab84105c52500f857379791ce0d47a5dcf1dcd0"}
}
