{"/media/ghost/Biggie/Sync/Mega/projects/WebStorm/fsd/Slider/src/slider/SliderError.ts": {"path":"/media/ghost/Biggie/Sync/Mega/projects/WebStorm/fsd/Slider/src/slider/SliderError.ts","statementMap":{"0":{"start":{"line":2,"column":9},"end":{"line":2,"column":22}}},"fnMap":{},"branchMap":{},"s":{"0":28},"f":{},"b":{},"_coverageSchema":"1a1c01bbd47fc00a2c39e90264f33305004495a9","hash":"999c77f641454373ee3c31278578f57b13f01f30"}
,"/media/ghost/Biggie/Sync/Mega/projects/WebStorm/fsd/Slider/src/slider/model/DefaultModel.ts": {"path":"/media/ghost/Biggie/Sync/Mega/projects/WebStorm/fsd/Slider/src/slider/model/DefaultModel.ts","statementMap":{"0":{"start":{"line":9,"column":38},"end":{"line":9,"column":55}},"1":{"start":{"line":11,"column":27},"end":{"line":11,"column":45}},"2":{"start":{"line":13,"column":9},"end":{"line":13,"column":10}},"3":{"start":{"line":15,"column":12},"end":{"line":15,"column":16}},"4":{"start":{"line":17,"column":15},"end":{"line":17,"column":20}},"5":{"start":{"line":19,"column":16},"end":{"line":19,"column":20}},"6":{"start":{"line":21,"column":14},"end":{"line":21,"column":18}},"7":{"start":{"line":24,"column":4},"end":{"line":29,"column":5}},"8":{"start":{"line":25,"column":6},"end":{"line":25,"column":93}},"9":{"start":{"line":25,"column":40},"end":{"line":25,"column":93}},"10":{"start":{"line":26,"column":6},"end":{"line":26,"column":96}},"11":{"start":{"line":26,"column":41},"end":{"line":26,"column":96}},"12":{"start":{"line":27,"column":6},"end":{"line":27,"column":63}},"13":{"start":{"line":27,"column":38},"end":{"line":27,"column":63}},"14":{"start":{"line":28,"column":6},"end":{"line":28,"column":29}},"15":{"start":{"line":33,"column":4},"end":{"line":33,"column":54}},"16":{"start":{"line":33,"column":31},"end":{"line":33,"column":54}},"17":{"start":{"line":34,"column":4},"end":{"line":34,"column":63}},"18":{"start":{"line":34,"column":34},"end":{"line":34,"column":63}},"19":{"start":{"line":35,"column":4},"end":{"line":35,"column":66}},"20":{"start":{"line":35,"column":35},"end":{"line":35,"column":66}},"21":{"start":{"line":36,"column":4},"end":{"line":36,"column":60}},"22":{"start":{"line":36,"column":33},"end":{"line":36,"column":60}},"23":{"start":{"line":41,"column":4},"end":{"line":41,"column":48}},"24":{"start":{"line":41,"column":27},"end":{"line":41,"column":48}},"25":{"start":{"line":43,"column":4},"end":{"line":43,"column":48}},"26":{"start":{"line":43,"column":27},"end":{"line":43,"column":48}},"27":{"start":{"line":47,"column":4},"end":{"line":47,"column":51}},"28":{"start":{"line":51,"column":4},"end":{"line":51,"column":42}},"29":{"start":{"line":51,"column":22},"end":{"line":51,"column":42}},"30":{"start":{"line":52,"column":4},"end":{"line":55,"column":6}},"31":{"start":{"line":59,"column":4},"end":{"line":59,"column":24}},"32":{"start":{"line":63,"column":4},"end":{"line":66,"column":6}},"33":{"start":{"line":70,"column":4},"end":{"line":73,"column":6}},"34":{"start":{"line":77,"column":4},"end":{"line":85,"column":6}},"35":{"start":{"line":89,"column":4},"end":{"line":94,"column":6}},"36":{"start":{"line":98,"column":4},"end":{"line":98,"column":45}},"37":{"start":{"line":102,"column":4},"end":{"line":102,"column":49}},"38":{"start":{"line":102,"column":23},"end":{"line":102,"column":49}},"39":{"start":{"line":103,"column":4},"end":{"line":103,"column":61}},"40":{"start":{"line":103,"column":35},"end":{"line":103,"column":61}},"41":{"start":{"line":104,"column":4},"end":{"line":104,"column":61}},"42":{"start":{"line":104,"column":35},"end":{"line":104,"column":61}},"43":{"start":{"line":106,"column":19},"end":{"line":106,"column":79}},"44":{"start":{"line":107,"column":4},"end":{"line":107,"column":68}},"45":{"start":{"line":111,"column":17},"end":{"line":111,"column":33}},"46":{"start":{"line":112,"column":4},"end":{"line":112,"column":40}},"47":{"start":{"line":113,"column":4},"end":{"line":113,"column":28}},"48":{"start":{"line":117,"column":19},"end":{"line":117,"column":24}},"49":{"start":{"line":118,"column":17},"end":{"line":118,"column":54}},"50":{"start":{"line":119,"column":4},"end":{"line":119,"column":33}},"51":{"start":{"line":119,"column":20},"end":{"line":119,"column":33}},"52":{"start":{"line":120,"column":4},"end":{"line":120,"column":64}},"53":{"start":{"line":121,"column":4},"end":{"line":121,"column":67}},"54":{"start":{"line":125,"column":4},"end":{"line":125,"column":43}},"55":{"start":{"line":125,"column":20},"end":{"line":125,"column":43}},"56":{"start":{"line":126,"column":4},"end":{"line":126,"column":43}},"57":{"start":{"line":126,"column":20},"end":{"line":126,"column":43}},"58":{"start":{"line":128,"column":23},"end":{"line":128,"column":84}},"59":{"start":{"line":129,"column":4},"end":{"line":129,"column":44}},"60":{"start":{"line":133,"column":4},"end":{"line":133,"column":57}},"61":{"start":{"line":137,"column":4},"end":{"line":137,"column":78}},"62":{"start":{"line":141,"column":20},"end":{"line":141,"column":37}},"63":{"start":{"line":142,"column":4},"end":{"line":143,"column":66}},"64":{"start":{"line":147,"column":20},"end":{"line":147,"column":37}},"65":{"start":{"line":148,"column":4},"end":{"line":148,"column":39}},"66":{"start":{"line":152,"column":4},"end":{"line":152,"column":33}},"67":{"start":{"line":156,"column":4},"end":{"line":156,"column":41}},"68":{"start":{"line":160,"column":4},"end":{"line":160,"column":39}},"69":{"start":{"line":164,"column":4},"end":{"line":164,"column":37}}},"fnMap":{"0":{"name":"(anonymous_0)","decl":{"start":{"line":23,"column":2},"end":{"line":23,"column":3}},"loc":{"start":{"line":23,"column":39},"end":{"line":30,"column":3}},"line":23},"1":{"name":"(anonymous_1)","decl":{"start":{"line":32,"column":2},"end":{"line":32,"column":3}},"loc":{"start":{"line":32,"column":83},"end":{"line":37,"column":3}},"line":32},"2":{"name":"(anonymous_2)","decl":{"start":{"line":39,"column":2},"end":{"line":39,"column":3}},"loc":{"start":{"line":39,"column":78},"end":{"line":44,"column":3}},"line":39},"3":{"name":"(anonymous_3)","decl":{"start":{"line":46,"column":2},"end":{"line":46,"column":3}},"loc":{"start":{"line":46,"column":38},"end":{"line":48,"column":3}},"line":46},"4":{"name":"(anonymous_4)","decl":{"start":{"line":50,"column":2},"end":{"line":50,"column":3}},"loc":{"start":{"line":50,"column":31},"end":{"line":56,"column":3}},"line":50},"5":{"name":"(anonymous_5)","decl":{"start":{"line":58,"column":2},"end":{"line":58,"column":3}},"loc":{"start":{"line":58,"column":35},"end":{"line":60,"column":3}},"line":58},"6":{"name":"(anonymous_6)","decl":{"start":{"line":62,"column":2},"end":{"line":62,"column":3}},"loc":{"start":{"line":62,"column":48},"end":{"line":67,"column":3}},"line":62},"7":{"name":"(anonymous_7)","decl":{"start":{"line":69,"column":2},"end":{"line":69,"column":3}},"loc":{"start":{"line":69,"column":40},"end":{"line":74,"column":3}},"line":69},"8":{"name":"(anonymous_8)","decl":{"start":{"line":76,"column":2},"end":{"line":76,"column":3}},"loc":{"start":{"line":76,"column":30},"end":{"line":86,"column":3}},"line":76},"9":{"name":"(anonymous_9)","decl":{"start":{"line":88,"column":2},"end":{"line":88,"column":3}},"loc":{"start":{"line":88,"column":36},"end":{"line":95,"column":3}},"line":88},"10":{"name":"(anonymous_10)","decl":{"start":{"line":97,"column":2},"end":{"line":97,"column":3}},"loc":{"start":{"line":97,"column":25},"end":{"line":99,"column":3}},"line":97},"11":{"name":"(anonymous_11)","decl":{"start":{"line":101,"column":2},"end":{"line":101,"column":3}},"loc":{"start":{"line":101,"column":48},"end":{"line":108,"column":3}},"line":101},"12":{"name":"(anonymous_12)","decl":{"start":{"line":110,"column":2},"end":{"line":110,"column":3}},"loc":{"start":{"line":110,"column":26},"end":{"line":114,"column":3}},"line":110},"13":{"name":"(anonymous_13)","decl":{"start":{"line":116,"column":2},"end":{"line":116,"column":3}},"loc":{"start":{"line":116,"column":41},"end":{"line":122,"column":3}},"line":116},"14":{"name":"(anonymous_14)","decl":{"start":{"line":124,"column":2},"end":{"line":124,"column":3}},"loc":{"start":{"line":124,"column":35},"end":{"line":130,"column":3}},"line":124},"15":{"name":"(anonymous_15)","decl":{"start":{"line":132,"column":2},"end":{"line":132,"column":3}},"loc":{"start":{"line":132,"column":38},"end":{"line":134,"column":3}},"line":132},"16":{"name":"(anonymous_16)","decl":{"start":{"line":136,"column":2},"end":{"line":136,"column":3}},"loc":{"start":{"line":136,"column":40},"end":{"line":138,"column":3}},"line":136},"17":{"name":"(anonymous_17)","decl":{"start":{"line":140,"column":2},"end":{"line":140,"column":3}},"loc":{"start":{"line":140,"column":72},"end":{"line":144,"column":3}},"line":140},"18":{"name":"(anonymous_18)","decl":{"start":{"line":146,"column":2},"end":{"line":146,"column":3}},"loc":{"start":{"line":146,"column":29},"end":{"line":149,"column":3}},"line":146},"19":{"name":"(anonymous_19)","decl":{"start":{"line":151,"column":2},"end":{"line":151,"column":3}},"loc":{"start":{"line":151,"column":16},"end":{"line":153,"column":3}},"line":151},"20":{"name":"(anonymous_20)","decl":{"start":{"line":155,"column":2},"end":{"line":155,"column":3}},"loc":{"start":{"line":155,"column":18},"end":{"line":157,"column":3}},"line":155},"21":{"name":"(anonymous_21)","decl":{"start":{"line":159,"column":2},"end":{"line":159,"column":3}},"loc":{"start":{"line":159,"column":22},"end":{"line":161,"column":3}},"line":159},"22":{"name":"(anonymous_22)","decl":{"start":{"line":163,"column":2},"end":{"line":163,"column":3}},"loc":{"start":{"line":163,"column":16},"end":{"line":165,"column":3}},"line":163}},"branchMap":{"0":{"loc":{"start":{"line":24,"column":4},"end":{"line":29,"column":5}},"type":"if","locations":[{"start":{"line":24,"column":4},"end":{"line":29,"column":5}},{"start":{"line":24,"column":4},"end":{"line":29,"column":5}}],"line":24},"1":{"loc":{"start":{"line":25,"column":6},"end":{"line":25,"column":93}},"type":"if","locations":[{"start":{"line":25,"column":6},"end":{"line":25,"column":93}},{"start":{"line":25,"column":6},"end":{"line":25,"column":93}}],"line":25},"2":{"loc":{"start":{"line":26,"column":6},"end":{"line":26,"column":96}},"type":"if","locations":[{"start":{"line":26,"column":6},"end":{"line":26,"column":96}},{"start":{"line":26,"column":6},"end":{"line":26,"column":96}}],"line":26},"3":{"loc":{"start":{"line":27,"column":6},"end":{"line":27,"column":63}},"type":"if","locations":[{"start":{"line":27,"column":6},"end":{"line":27,"column":63}},{"start":{"line":27,"column":6},"end":{"line":27,"column":63}}],"line":27},"4":{"loc":{"start":{"line":33,"column":4},"end":{"line":33,"column":54}},"type":"if","locations":[{"start":{"line":33,"column":4},"end":{"line":33,"column":54}},{"start":{"line":33,"column":4},"end":{"line":33,"column":54}}],"line":33},"5":{"loc":{"start":{"line":34,"column":4},"end":{"line":34,"column":63}},"type":"if","locations":[{"start":{"line":34,"column":4},"end":{"line":34,"column":63}},{"start":{"line":34,"column":4},"end":{"line":34,"column":63}}],"line":34},"6":{"loc":{"start":{"line":35,"column":4},"end":{"line":35,"column":66}},"type":"if","locations":[{"start":{"line":35,"column":4},"end":{"line":35,"column":66}},{"start":{"line":35,"column":4},"end":{"line":35,"column":66}}],"line":35},"7":{"loc":{"start":{"line":36,"column":4},"end":{"line":36,"column":60}},"type":"if","locations":[{"start":{"line":36,"column":4},"end":{"line":36,"column":60}},{"start":{"line":36,"column":4},"end":{"line":36,"column":60}}],"line":36},"8":{"loc":{"start":{"line":41,"column":4},"end":{"line":41,"column":48}},"type":"if","locations":[{"start":{"line":41,"column":4},"end":{"line":41,"column":48}},{"start":{"line":41,"column":4},"end":{"line":41,"column":48}}],"line":41},"9":{"loc":{"start":{"line":43,"column":4},"end":{"line":43,"column":48}},"type":"if","locations":[{"start":{"line":43,"column":4},"end":{"line":43,"column":48}},{"start":{"line":43,"column":4},"end":{"line":43,"column":48}}],"line":43},"10":{"loc":{"start":{"line":51,"column":4},"end":{"line":51,"column":42}},"type":"if","locations":[{"start":{"line":51,"column":4},"end":{"line":51,"column":42}},{"start":{"line":51,"column":4},"end":{"line":51,"column":42}}],"line":51},"11":{"loc":{"start":{"line":102,"column":4},"end":{"line":102,"column":49}},"type":"if","locations":[{"start":{"line":102,"column":4},"end":{"line":102,"column":49}},{"start":{"line":102,"column":4},"end":{"line":102,"column":49}}],"line":102},"12":{"loc":{"start":{"line":103,"column":4},"end":{"line":103,"column":61}},"type":"if","locations":[{"start":{"line":103,"column":4},"end":{"line":103,"column":61}},{"start":{"line":103,"column":4},"end":{"line":103,"column":61}}],"line":103},"13":{"loc":{"start":{"line":104,"column":4},"end":{"line":104,"column":61}},"type":"if","locations":[{"start":{"line":104,"column":4},"end":{"line":104,"column":61}},{"start":{"line":104,"column":4},"end":{"line":104,"column":61}}],"line":104},"14":{"loc":{"start":{"line":107,"column":11},"end":{"line":107,"column":67}},"type":"cond-expr","locations":[{"start":{"line":107,"column":28},"end":{"line":107,"column":46}},{"start":{"line":107,"column":49},"end":{"line":107,"column":67}}],"line":107},"15":{"loc":{"start":{"line":119,"column":4},"end":{"line":119,"column":33}},"type":"if","locations":[{"start":{"line":119,"column":4},"end":{"line":119,"column":33}},{"start":{"line":119,"column":4},"end":{"line":119,"column":33}}],"line":119},"16":{"loc":{"start":{"line":120,"column":16},"end":{"line":120,"column":63}},"type":"cond-expr","locations":[{"start":{"line":120,"column":39},"end":{"line":120,"column":44}},{"start":{"line":120,"column":47},"end":{"line":120,"column":63}}],"line":120},"17":{"loc":{"start":{"line":121,"column":11},"end":{"line":121,"column":66}},"type":"cond-expr","locations":[{"start":{"line":121,"column":40},"end":{"line":121,"column":55}},{"start":{"line":121,"column":58},"end":{"line":121,"column":66}}],"line":121},"18":{"loc":{"start":{"line":125,"column":4},"end":{"line":125,"column":43}},"type":"if","locations":[{"start":{"line":125,"column":4},"end":{"line":125,"column":43}},{"start":{"line":125,"column":4},"end":{"line":125,"column":43}}],"line":125},"19":{"loc":{"start":{"line":126,"column":4},"end":{"line":126,"column":43}},"type":"if","locations":[{"start":{"line":126,"column":4},"end":{"line":126,"column":43}},{"start":{"line":126,"column":4},"end":{"line":126,"column":43}}],"line":126},"20":{"loc":{"start":{"line":137,"column":11},"end":{"line":137,"column":77}},"type":"binary-expr","locations":[{"start":{"line":137,"column":11},"end":{"line":137,"column":42}},{"start":{"line":137,"column":46},"end":{"line":137,"column":77}}],"line":137},"21":{"loc":{"start":{"line":142,"column":11},"end":{"line":143,"column":65}},"type":"binary-expr","locations":[{"start":{"line":142,"column":12},"end":{"line":142,"column":43}},{"start":{"line":142,"column":47},"end":{"line":142,"column":66}},{"start":{"line":143,"column":10},"end":{"line":143,"column":41}},{"start":{"line":143,"column":45},"end":{"line":143,"column":64}}],"line":142}},"s":{"0":62,"1":62,"2":62,"3":62,"4":62,"5":62,"6":62,"7":62,"8":19,"9":8,"10":19,"11":13,"12":19,"13":2,"14":19,"15":55,"16":38,"17":55,"18":22,"19":55,"20":21,"21":55,"22":22,"23":37,"24":22,"25":37,"26":29,"27":16,"28":151,"29":141,"30":10,"31":7,"32":41,"33":11,"34":4,"35":5,"36":51,"37":8,"38":3,"39":5,"40":1,"41":4,"42":2,"43":2,"44":2,"45":3,"46":3,"47":3,"48":8,"49":8,"50":8,"51":4,"52":4,"53":4,"54":8,"55":2,"56":6,"57":3,"58":3,"59":3,"60":5,"61":5,"62":12,"63":12,"64":0,"65":0,"66":3,"67":2,"68":2,"69":3},"f":{"0":62,"1":55,"2":37,"3":16,"4":151,"5":7,"6":41,"7":11,"8":4,"9":5,"10":51,"11":8,"12":3,"13":8,"14":8,"15":5,"16":5,"17":12,"18":0,"19":3,"20":2,"21":2,"22":3},"b":{"0":[19,43],"1":[8,11],"2":[13,6],"3":[2,17],"4":[38,17],"5":[22,33],"6":[21,34],"7":[22,33],"8":[22,15],"9":[29,8],"10":[141,10],"11":[3,5],"12":[1,4],"13":[2,2],"14":[1,1],"15":[4,4],"16":[2,2],"17":[1,3],"18":[2,6],"19":[3,3],"20":[5,3],"21":[12,6,11,6]},"_coverageSchema":"1a1c01bbd47fc00a2c39e90264f33305004495a9","hash":"6157e50319385393894f0a1bf010fe1f461a6ade"}
,"/media/ghost/Biggie/Sync/Mega/projects/WebStorm/fsd/Slider/src/slider/model/DefaultValidModel.ts": {"path":"/media/ghost/Biggie/Sync/Mega/projects/WebStorm/fsd/Slider/src/slider/model/DefaultValidModel.ts","statementMap":{"0":{"start":{"line":9,"column":4},"end":{"line":9,"column":12}},"1":{"start":{"line":10,"column":4},"end":{"line":29,"column":5}},"2":{"start":{"line":11,"column":6},"end":{"line":11,"column":29}},"3":{"start":{"line":12,"column":6},"end":{"line":17,"column":7}},"4":{"start":{"line":13,"column":8},"end":{"line":16,"column":10}},"5":{"start":{"line":18,"column":6},"end":{"line":25,"column":7}},"6":{"start":{"line":19,"column":8},"end":{"line":21,"column":9}},"7":{"start":{"line":20,"column":10},"end":{"line":20,"column":72}},"8":{"start":{"line":22,"column":8},"end":{"line":24,"column":9}},"9":{"start":{"line":23,"column":10},"end":{"line":23,"column":92}},"10":{"start":{"line":26,"column":6},"end":{"line":28,"column":7}},"11":{"start":{"line":27,"column":8},"end":{"line":27,"column":40}},"12":{"start":{"line":33,"column":4},"end":{"line":33,"column":43}},"13":{"start":{"line":34,"column":19},"end":{"line":34,"column":34}},"14":{"start":{"line":35,"column":4},"end":{"line":35,"column":33}},"15":{"start":{"line":36,"column":4},"end":{"line":41,"column":5}},"16":{"start":{"line":37,"column":6},"end":{"line":37,"column":27}},"17":{"start":{"line":38,"column":6},"end":{"line":38,"column":71}},"18":{"start":{"line":40,"column":6},"end":{"line":40,"column":71}},"19":{"start":{"line":42,"column":4},"end":{"line":42,"column":40}},"20":{"start":{"line":43,"column":4},"end":{"line":43,"column":36}},"21":{"start":{"line":47,"column":4},"end":{"line":47,"column":25}},"22":{"start":{"line":48,"column":4},"end":{"line":48,"column":46}},"23":{"start":{"line":49,"column":4},"end":{"line":49,"column":46}},"24":{"start":{"line":50,"column":22},"end":{"line":50,"column":40}},"25":{"start":{"line":51,"column":22},"end":{"line":51,"column":40}},"26":{"start":{"line":52,"column":4},"end":{"line":52,"column":36}},"27":{"start":{"line":53,"column":4},"end":{"line":53,"column":36}},"28":{"start":{"line":54,"column":4},"end":{"line":54,"column":60}},"29":{"start":{"line":55,"column":4},"end":{"line":55,"column":43}},"30":{"start":{"line":56,"column":4},"end":{"line":56,"column":43}},"31":{"start":{"line":57,"column":4},"end":{"line":57,"column":52}},"32":{"start":{"line":61,"column":4},"end":{"line":61,"column":40}},"33":{"start":{"line":62,"column":19},"end":{"line":62,"column":31}},"34":{"start":{"line":63,"column":4},"end":{"line":63,"column":29}},"35":{"start":{"line":64,"column":4},"end":{"line":64,"column":23}},"36":{"start":{"line":68,"column":4},"end":{"line":68,"column":41}},"37":{"start":{"line":69,"column":19},"end":{"line":69,"column":32}},"38":{"start":{"line":70,"column":4},"end":{"line":70,"column":41}},"39":{"start":{"line":71,"column":4},"end":{"line":71,"column":35}},"40":{"start":{"line":75,"column":4},"end":{"line":75,"column":45}},"41":{"start":{"line":76,"column":4},"end":{"line":76,"column":45}},"42":{"start":{"line":77,"column":16},"end":{"line":77,"column":33}},"43":{"start":{"line":78,"column":16},"end":{"line":78,"column":33}},"44":{"start":{"line":79,"column":4},"end":{"line":79,"column":47}},"45":{"start":{"line":80,"column":4},"end":{"line":80,"column":29}},"46":{"start":{"line":85,"column":4},"end":{"line":87,"column":5}},"47":{"start":{"line":86,"column":6},"end":{"line":86,"column":47}},"48":{"start":{"line":91,"column":4},"end":{"line":93,"column":5}},"49":{"start":{"line":92,"column":6},"end":{"line":92,"column":46}},"50":{"start":{"line":97,"column":4},"end":{"line":99,"column":5}},"51":{"start":{"line":98,"column":6},"end":{"line":98,"column":44}},"52":{"start":{"line":103,"column":4},"end":{"line":105,"column":5}},"53":{"start":{"line":104,"column":6},"end":{"line":104,"column":74}},"54":{"start":{"line":109,"column":4},"end":{"line":111,"column":5}},"55":{"start":{"line":110,"column":6},"end":{"line":110,"column":51}},"56":{"start":{"line":112,"column":4},"end":{"line":114,"column":5}},"57":{"start":{"line":113,"column":6},"end":{"line":113,"column":49}},"58":{"start":{"line":119,"column":4},"end":{"line":124,"column":5}},"59":{"start":{"line":123,"column":6},"end":{"line":123,"column":50}},"60":{"start":{"line":128,"column":4},"end":{"line":142,"column":5}},"61":{"start":{"line":129,"column":6},"end":{"line":131,"column":7}},"62":{"start":{"line":130,"column":8},"end":{"line":130,"column":59}},"63":{"start":{"line":132,"column":6},"end":{"line":134,"column":7}},"64":{"start":{"line":133,"column":8},"end":{"line":133,"column":60}},"65":{"start":{"line":136,"column":6},"end":{"line":138,"column":7}},"66":{"start":{"line":137,"column":8},"end":{"line":137,"column":59}},"67":{"start":{"line":139,"column":6},"end":{"line":141,"column":7}},"68":{"start":{"line":140,"column":8},"end":{"line":140,"column":60}},"69":{"start":{"line":146,"column":4},"end":{"line":148,"column":5}},"70":{"start":{"line":147,"column":6},"end":{"line":147,"column":57}},"71":{"start":{"line":149,"column":4},"end":{"line":151,"column":5}},"72":{"start":{"line":150,"column":6},"end":{"line":150,"column":58}}},"fnMap":{"0":{"name":"(anonymous_0)","decl":{"start":{"line":8,"column":2},"end":{"line":8,"column":3}},"loc":{"start":{"line":8,"column":39},"end":{"line":30,"column":3}},"line":8},"1":{"name":"(anonymous_1)","decl":{"start":{"line":32,"column":2},"end":{"line":32,"column":3}},"loc":{"start":{"line":32,"column":58},"end":{"line":44,"column":3}},"line":32},"2":{"name":"(anonymous_2)","decl":{"start":{"line":46,"column":2},"end":{"line":46,"column":3}},"loc":{"start":{"line":46,"column":53},"end":{"line":58,"column":3}},"line":46},"3":{"name":"(anonymous_3)","decl":{"start":{"line":60,"column":2},"end":{"line":60,"column":3}},"loc":{"start":{"line":60,"column":26},"end":{"line":65,"column":3}},"line":60},"4":{"name":"(anonymous_4)","decl":{"start":{"line":67,"column":2},"end":{"line":67,"column":3}},"loc":{"start":{"line":67,"column":55},"end":{"line":72,"column":3}},"line":67},"5":{"name":"(anonymous_5)","decl":{"start":{"line":74,"column":2},"end":{"line":74,"column":3}},"loc":{"start":{"line":74,"column":50},"end":{"line":81,"column":3}},"line":74},"6":{"name":"(anonymous_6)","decl":{"start":{"line":83,"column":2},"end":{"line":83,"column":3}},"loc":{"start":{"line":83,"column":41},"end":{"line":88,"column":3}},"line":83},"7":{"name":"(anonymous_7)","decl":{"start":{"line":90,"column":2},"end":{"line":90,"column":3}},"loc":{"start":{"line":90,"column":59},"end":{"line":94,"column":3}},"line":90},"8":{"name":"(anonymous_8)","decl":{"start":{"line":96,"column":2},"end":{"line":96,"column":3}},"loc":{"start":{"line":96,"column":43},"end":{"line":100,"column":3}},"line":96},"9":{"name":"(anonymous_9)","decl":{"start":{"line":102,"column":2},"end":{"line":102,"column":3}},"loc":{"start":{"line":102,"column":26},"end":{"line":106,"column":3}},"line":102},"10":{"name":"(anonymous_10)","decl":{"start":{"line":108,"column":2},"end":{"line":108,"column":3}},"loc":{"start":{"line":108,"column":36},"end":{"line":115,"column":3}},"line":108},"11":{"name":"(anonymous_11)","decl":{"start":{"line":117,"column":2},"end":{"line":117,"column":3}},"loc":{"start":{"line":117,"column":50},"end":{"line":125,"column":3}},"line":117},"12":{"name":"(anonymous_12)","decl":{"start":{"line":127,"column":2},"end":{"line":127,"column":3}},"loc":{"start":{"line":127,"column":65},"end":{"line":143,"column":3}},"line":127},"13":{"name":"(anonymous_13)","decl":{"start":{"line":145,"column":2},"end":{"line":145,"column":3}},"loc":{"start":{"line":145,"column":70},"end":{"line":152,"column":3}},"line":145}},"branchMap":{"0":{"loc":{"start":{"line":10,"column":4},"end":{"line":29,"column":5}},"type":"if","locations":[{"start":{"line":10,"column":4},"end":{"line":29,"column":5}},{"start":{"line":10,"column":4},"end":{"line":29,"column":5}}],"line":10},"1":{"loc":{"start":{"line":12,"column":6},"end":{"line":17,"column":7}},"type":"if","locations":[{"start":{"line":12,"column":6},"end":{"line":17,"column":7}},{"start":{"line":12,"column":6},"end":{"line":17,"column":7}}],"line":12},"2":{"loc":{"start":{"line":14,"column":10},"end":{"line":14,"column":47}},"type":"binary-expr","locations":[{"start":{"line":14,"column":10},"end":{"line":14,"column":28}},{"start":{"line":14,"column":32},"end":{"line":14,"column":47}}],"line":14},"3":{"loc":{"start":{"line":15,"column":10},"end":{"line":15,"column":47}},"type":"binary-expr","locations":[{"start":{"line":15,"column":10},"end":{"line":15,"column":28}},{"start":{"line":15,"column":32},"end":{"line":15,"column":47}}],"line":15},"4":{"loc":{"start":{"line":18,"column":6},"end":{"line":25,"column":7}},"type":"if","locations":[{"start":{"line":18,"column":6},"end":{"line":25,"column":7}},{"start":{"line":18,"column":6},"end":{"line":25,"column":7}}],"line":18},"5":{"loc":{"start":{"line":19,"column":8},"end":{"line":21,"column":9}},"type":"if","locations":[{"start":{"line":19,"column":8},"end":{"line":21,"column":9}},{"start":{"line":19,"column":8},"end":{"line":21,"column":9}}],"line":19},"6":{"loc":{"start":{"line":22,"column":8},"end":{"line":24,"column":9}},"type":"if","locations":[{"start":{"line":22,"column":8},"end":{"line":24,"column":9}},{"start":{"line":22,"column":8},"end":{"line":24,"column":9}}],"line":22},"7":{"loc":{"start":{"line":23,"column":31},"end":{"line":23,"column":70}},"type":"binary-expr","locations":[{"start":{"line":23,"column":31},"end":{"line":23,"column":50}},{"start":{"line":23,"column":54},"end":{"line":23,"column":70}}],"line":23},"8":{"loc":{"start":{"line":26,"column":6},"end":{"line":28,"column":7}},"type":"if","locations":[{"start":{"line":26,"column":6},"end":{"line":28,"column":7}},{"start":{"line":26,"column":6},"end":{"line":28,"column":7}}],"line":26},"9":{"loc":{"start":{"line":36,"column":4},"end":{"line":41,"column":5}},"type":"if","locations":[{"start":{"line":36,"column":4},"end":{"line":41,"column":5}},{"start":{"line":36,"column":4},"end":{"line":41,"column":5}}],"line":36},"10":{"loc":{"start":{"line":85,"column":4},"end":{"line":87,"column":5}},"type":"if","locations":[{"start":{"line":85,"column":4},"end":{"line":87,"column":5}},{"start":{"line":85,"column":4},"end":{"line":87,"column":5}}],"line":85},"11":{"loc":{"start":{"line":85,"column":8},"end":{"line":85,"column":92}},"type":"binary-expr","locations":[{"start":{"line":85,"column":8},"end":{"line":85,"column":27}},{"start":{"line":85,"column":31},"end":{"line":85,"column":45}},{"start":{"line":85,"column":49},"end":{"line":85,"column":61}},{"start":{"line":85,"column":65},"end":{"line":85,"column":92}}],"line":85},"12":{"loc":{"start":{"line":91,"column":4},"end":{"line":93,"column":5}},"type":"if","locations":[{"start":{"line":91,"column":4},"end":{"line":93,"column":5}},{"start":{"line":91,"column":4},"end":{"line":93,"column":5}}],"line":91},"13":{"loc":{"start":{"line":97,"column":4},"end":{"line":99,"column":5}},"type":"if","locations":[{"start":{"line":97,"column":4},"end":{"line":99,"column":5}},{"start":{"line":97,"column":4},"end":{"line":99,"column":5}}],"line":97},"14":{"loc":{"start":{"line":97,"column":8},"end":{"line":97,"column":62}},"type":"binary-expr","locations":[{"start":{"line":97,"column":8},"end":{"line":97,"column":33}},{"start":{"line":97,"column":37},"end":{"line":97,"column":62}}],"line":97},"15":{"loc":{"start":{"line":103,"column":4},"end":{"line":105,"column":5}},"type":"if","locations":[{"start":{"line":103,"column":4},"end":{"line":105,"column":5}},{"start":{"line":103,"column":4},"end":{"line":105,"column":5}}],"line":103},"16":{"loc":{"start":{"line":109,"column":4},"end":{"line":111,"column":5}},"type":"if","locations":[{"start":{"line":109,"column":4},"end":{"line":111,"column":5}},{"start":{"line":109,"column":4},"end":{"line":111,"column":5}}],"line":109},"17":{"loc":{"start":{"line":112,"column":4},"end":{"line":114,"column":5}},"type":"if","locations":[{"start":{"line":112,"column":4},"end":{"line":114,"column":5}},{"start":{"line":112,"column":4},"end":{"line":114,"column":5}}],"line":112},"18":{"loc":{"start":{"line":119,"column":4},"end":{"line":124,"column":5}},"type":"if","locations":[{"start":{"line":119,"column":4},"end":{"line":124,"column":5}},{"start":{"line":119,"column":4},"end":{"line":124,"column":5}}],"line":119},"19":{"loc":{"start":{"line":119,"column":8},"end":{"line":121,"column":36}},"type":"binary-expr","locations":[{"start":{"line":119,"column":8},"end":{"line":119,"column":53}},{"start":{"line":120,"column":9},"end":{"line":120,"column":36}},{"start":{"line":121,"column":9},"end":{"line":121,"column":36}}],"line":119},"20":{"loc":{"start":{"line":128,"column":4},"end":{"line":142,"column":5}},"type":"if","locations":[{"start":{"line":128,"column":4},"end":{"line":142,"column":5}},{"start":{"line":128,"column":4},"end":{"line":142,"column":5}}],"line":128},"21":{"loc":{"start":{"line":129,"column":6},"end":{"line":131,"column":7}},"type":"if","locations":[{"start":{"line":129,"column":6},"end":{"line":131,"column":7}},{"start":{"line":129,"column":6},"end":{"line":131,"column":7}}],"line":129},"22":{"loc":{"start":{"line":132,"column":6},"end":{"line":134,"column":7}},"type":"if","locations":[{"start":{"line":132,"column":6},"end":{"line":134,"column":7}},{"start":{"line":132,"column":6},"end":{"line":134,"column":7}}],"line":132},"23":{"loc":{"start":{"line":136,"column":6},"end":{"line":138,"column":7}},"type":"if","locations":[{"start":{"line":136,"column":6},"end":{"line":138,"column":7}},{"start":{"line":136,"column":6},"end":{"line":138,"column":7}}],"line":136},"24":{"loc":{"start":{"line":139,"column":6},"end":{"line":141,"column":7}},"type":"if","locations":[{"start":{"line":139,"column":6},"end":{"line":141,"column":7}},{"start":{"line":139,"column":6},"end":{"line":141,"column":7}}],"line":139},"25":{"loc":{"start":{"line":146,"column":4},"end":{"line":148,"column":5}},"type":"if","locations":[{"start":{"line":146,"column":4},"end":{"line":148,"column":5}},{"start":{"line":146,"column":4},"end":{"line":148,"column":5}}],"line":146},"26":{"loc":{"start":{"line":149,"column":4},"end":{"line":151,"column":5}},"type":"if","locations":[{"start":{"line":149,"column":4},"end":{"line":151,"column":5}},{"start":{"line":149,"column":4},"end":{"line":151,"column":5}}],"line":149}},"s":{"0":36,"1":36,"2":36,"3":36,"4":28,"5":36,"6":23,"7":23,"8":23,"9":23,"10":36,"11":21,"12":28,"13":27,"14":27,"15":26,"16":13,"17":12,"18":13,"19":24,"20":23,"21":14,"22":13,"23":11,"24":10,"25":10,"26":10,"27":9,"28":8,"29":7,"30":6,"31":5,"32":18,"33":17,"34":17,"35":14,"36":9,"37":8,"38":8,"39":4,"40":30,"41":28,"42":27,"43":27,"44":27,"45":26,"46":137,"47":9,"48":33,"49":2,"50":46,"51":3,"52":27,"53":2,"54":17,"55":2,"56":15,"57":1,"58":37,"59":3,"60":8,"61":5,"62":1,"63":4,"64":1,"65":3,"66":1,"67":2,"68":1,"69":27,"70":1,"71":26,"72":0},"f":{"0":36,"1":28,"2":14,"3":18,"4":9,"5":30,"6":137,"7":33,"8":46,"9":27,"10":17,"11":37,"12":8,"13":27},"b":{"0":[36,0],"1":[28,8],"2":[28,27],"3":[28,0],"4":[23,13],"5":[23,0],"6":[23,0],"7":[23,0],"8":[21,15],"9":[13,13],"10":[9,128],"11":[137,137,137,128],"12":[2,31],"13":[3,43],"14":[46,44],"15":[2,25],"16":[2,15],"17":[1,14],"18":[3,34],"19":[37,4,4],"20":[5,3],"21":[1,4],"22":[1,3],"23":[1,2],"24":[1,1],"25":[1,26],"26":[0,26]},"_coverageSchema":"1a1c01bbd47fc00a2c39e90264f33305004495a9","hash":"587380b737ac049f33aa23ca96de66c02f15070c"}
,"/media/ghost/Biggie/Sync/Mega/projects/WebStorm/fsd/Slider/src/slider/observer/Observer.ts": {"path":"/media/ghost/Biggie/Sync/Mega/projects/WebStorm/fsd/Slider/src/slider/observer/Observer.ts","statementMap":{"0":{"start":{"line":6,"column":19},"end":{"line":6,"column":66}},"1":{"start":{"line":9,"column":4},"end":{"line":11,"column":5}},"2":{"start":{"line":10,"column":6},"end":{"line":10,"column":33}},"3":{"start":{"line":12,"column":4},"end":{"line":12,"column":42}},"4":{"start":{"line":13,"column":4},"end":{"line":13,"column":16}},"5":{"start":{"line":17,"column":4},"end":{"line":21,"column":5}},"6":{"start":{"line":18,"column":6},"end":{"line":20,"column":10}},"7":{"start":{"line":19,"column":8},"end":{"line":19,"column":23}}},"fnMap":{"0":{"name":"(anonymous_0)","decl":{"start":{"line":8,"column":2},"end":{"line":8,"column":3}},"loc":{"start":{"line":8,"column":73},"end":{"line":14,"column":3}},"line":8},"1":{"name":"(anonymous_1)","decl":{"start":{"line":16,"column":2},"end":{"line":16,"column":3}},"loc":{"start":{"line":16,"column":41},"end":{"line":22,"column":3}},"line":16},"2":{"name":"(anonymous_2)","decl":{"start":{"line":18,"column":38},"end":{"line":18,"column":39}},"loc":{"start":{"line":18,"column":52},"end":{"line":20,"column":7}},"line":18}},"branchMap":{"0":{"loc":{"start":{"line":9,"column":4},"end":{"line":11,"column":5}},"type":"if","locations":[{"start":{"line":9,"column":4},"end":{"line":11,"column":5}},{"start":{"line":9,"column":4},"end":{"line":11,"column":5}}],"line":9},"1":{"loc":{"start":{"line":17,"column":4},"end":{"line":21,"column":5}},"type":"if","locations":[{"start":{"line":17,"column":4},"end":{"line":21,"column":5}},{"start":{"line":17,"column":4},"end":{"line":21,"column":5}}],"line":17}},"s":{"0":106,"1":70,"2":68,"3":70,"4":70,"5":16,"6":5,"7":7},"f":{"0":70,"1":16,"2":7},"b":{"0":[68,2],"1":[5,11]},"_coverageSchema":"1a1c01bbd47fc00a2c39e90264f33305004495a9","hash":"156431c804e78a9d5ec2249703b48df5228f72c5"}
,"/media/ghost/Biggie/Sync/Mega/projects/WebStorm/fsd/Slider/src/slider/observer/SliderEvent.ts": {"path":"/media/ghost/Biggie/Sync/Mega/projects/WebStorm/fsd/Slider/src/slider/observer/SliderEvent.ts","statementMap":{},"fnMap":{},"branchMap":{},"s":{},"f":{},"b":{},"_coverageSchema":"1a1c01bbd47fc00a2c39e90264f33305004495a9","hash":"cc0b4b6e27c71a307fcfb8b948e00472ac3f2026"}
,"/media/ghost/Biggie/Sync/Mega/projects/WebStorm/fsd/Slider/src/slider/presenter/Presenter.ts": {"path":"/media/ghost/Biggie/Sync/Mega/projects/WebStorm/fsd/Slider/src/slider/presenter/Presenter.ts","statementMap":{"0":{"start":{"line":16,"column":4},"end":{"line":16,"column":12}},"1":{"start":{"line":17,"column":4},"end":{"line":17,"column":23}},"2":{"start":{"line":18,"column":4},"end":{"line":18,"column":21}},"3":{"start":{"line":22,"column":4},"end":{"line":22,"column":80}},"4":{"start":{"line":22,"column":30},"end":{"line":22,"column":80}},"5":{"start":{"line":23,"column":4},"end":{"line":29,"column":6}},"6":{"start":{"line":30,"column":4},"end":{"line":33,"column":75}},"7":{"start":{"line":37,"column":4},"end":{"line":44,"column":5}},"8":{"start":{"line":38,"column":6},"end":{"line":38,"column":59}},"9":{"start":{"line":40,"column":6},"end":{"line":43,"column":7}},"10":{"start":{"line":41,"column":24},"end":{"line":41,"column":122}},"11":{"start":{"line":42,"column":8},"end":{"line":42,"column":57}},"12":{"start":{"line":48,"column":4},"end":{"line":48,"column":52}},"13":{"start":{"line":49,"column":4},"end":{"line":52,"column":6}},"14":{"start":{"line":53,"column":4},"end":{"line":53,"column":73}},"15":{"start":{"line":56,"column":30},"end":{"line":60,"column":3}},"16":{"start":{"line":57,"column":23},"end":{"line":57,"column":77}},"17":{"start":{"line":58,"column":4},"end":{"line":58,"column":53}},"18":{"start":{"line":58,"column":46},"end":{"line":58,"column":53}},"19":{"start":{"line":59,"column":4},"end":{"line":59,"column":75}},"20":{"start":{"line":62,"column":28},"end":{"line":65,"column":3}},"21":{"start":{"line":63,"column":30},"end":{"line":63,"column":62}},"22":{"start":{"line":64,"column":4},"end":{"line":64,"column":63}},"23":{"start":{"line":67,"column":35},"end":{"line":72,"column":3}},"24":{"start":{"line":68,"column":29},"end":{"line":68,"column":92}},"25":{"start":{"line":69,"column":23},"end":{"line":69,"column":113}},"26":{"start":{"line":70,"column":4},"end":{"line":70,"column":53}},"27":{"start":{"line":70,"column":46},"end":{"line":70,"column":53}},"28":{"start":{"line":71,"column":4},"end":{"line":71,"column":46}}},"fnMap":{"0":{"name":"(anonymous_0)","decl":{"start":{"line":15,"column":2},"end":{"line":15,"column":3}},"loc":{"start":{"line":15,"column":47},"end":{"line":19,"column":3}},"line":15},"1":{"name":"(anonymous_1)","decl":{"start":{"line":21,"column":2},"end":{"line":21,"column":3}},"loc":{"start":{"line":21,"column":28},"end":{"line":34,"column":3}},"line":21},"2":{"name":"(anonymous_2)","decl":{"start":{"line":36,"column":2},"end":{"line":36,"column":3}},"loc":{"start":{"line":36,"column":73},"end":{"line":45,"column":3}},"line":36},"3":{"name":"(anonymous_3)","decl":{"start":{"line":47,"column":2},"end":{"line":47,"column":3}},"loc":{"start":{"line":47,"column":82},"end":{"line":54,"column":3}},"line":47},"4":{"name":"(anonymous_4)","decl":{"start":{"line":56,"column":30},"end":{"line":56,"column":31}},"loc":{"start":{"line":56,"column":56},"end":{"line":60,"column":3}},"line":56},"5":{"name":"(anonymous_5)","decl":{"start":{"line":62,"column":28},"end":{"line":62,"column":29}},"loc":{"start":{"line":62,"column":54},"end":{"line":65,"column":3}},"line":62},"6":{"name":"(anonymous_6)","decl":{"start":{"line":67,"column":35},"end":{"line":67,"column":36}},"loc":{"start":{"line":67,"column":83},"end":{"line":72,"column":3}},"line":67}},"branchMap":{"0":{"loc":{"start":{"line":22,"column":4},"end":{"line":22,"column":80}},"type":"if","locations":[{"start":{"line":22,"column":4},"end":{"line":22,"column":80}},{"start":{"line":22,"column":4},"end":{"line":22,"column":80}}],"line":22},"1":{"loc":{"start":{"line":37,"column":4},"end":{"line":44,"column":5}},"type":"if","locations":[{"start":{"line":37,"column":4},"end":{"line":44,"column":5}},{"start":{"line":37,"column":4},"end":{"line":44,"column":5}}],"line":37},"2":{"loc":{"start":{"line":40,"column":6},"end":{"line":43,"column":7}},"type":"if","locations":[{"start":{"line":40,"column":6},"end":{"line":43,"column":7}},{"start":{"line":40,"column":6},"end":{"line":43,"column":7}}],"line":40},"3":{"loc":{"start":{"line":41,"column":48},"end":{"line":41,"column":121}},"type":"cond-expr","locations":[{"start":{"line":41,"column":82},"end":{"line":41,"column":100}},{"start":{"line":41,"column":103},"end":{"line":41,"column":121}}],"line":41},"4":{"loc":{"start":{"line":58,"column":4},"end":{"line":58,"column":53}},"type":"if","locations":[{"start":{"line":58,"column":4},"end":{"line":58,"column":53}},{"start":{"line":58,"column":4},"end":{"line":58,"column":53}}],"line":58},"5":{"loc":{"start":{"line":70,"column":4},"end":{"line":70,"column":53}},"type":"if","locations":[{"start":{"line":70,"column":4},"end":{"line":70,"column":53}},{"start":{"line":70,"column":4},"end":{"line":70,"column":53}}],"line":70}},"s":{"0":23,"1":23,"2":23,"3":5,"4":1,"5":4,"6":4,"7":6,"8":6,"9":0,"10":0,"11":0,"12":6,"13":6,"14":6,"15":23,"16":2,"17":2,"18":1,"19":1,"20":23,"21":1,"22":1,"23":23,"24":0,"25":0,"26":0,"27":0,"28":0},"f":{"0":23,"1":5,"2":6,"3":6,"4":2,"5":1,"6":0},"b":{"0":[1,4],"1":[6,0],"2":[0,0],"3":[0,0],"4":[1,1],"5":[0,0]},"_coverageSchema":"1a1c01bbd47fc00a2c39e90264f33305004495a9","hash":"e10127666279c4d676971447b48edc1c69b420e1"}
,"/media/ghost/Biggie/Sync/Mega/projects/WebStorm/fsd/Slider/src/slider/presenter/PresenterProxy.ts": {"path":"/media/ghost/Biggie/Sync/Mega/projects/WebStorm/fsd/Slider/src/slider/presenter/PresenterProxy.ts","statementMap":{"0":{"start":{"line":11,"column":4},"end":{"line":11,"column":35}},"1":{"start":{"line":15,"column":4},"end":{"line":15,"column":55}},"2":{"start":{"line":19,"column":4},"end":{"line":19,"column":52}},"3":{"start":{"line":20,"column":4},"end":{"line":20,"column":83}},"4":{"start":{"line":24,"column":4},"end":{"line":24,"column":58}},"5":{"start":{"line":25,"column":4},"end":{"line":28,"column":6}},"6":{"start":{"line":32,"column":4},"end":{"line":32,"column":58}},"7":{"start":{"line":33,"column":4},"end":{"line":36,"column":6}},"8":{"start":{"line":40,"column":4},"end":{"line":40,"column":35}},"9":{"start":{"line":44,"column":4},"end":{"line":44,"column":34}},"10":{"start":{"line":45,"column":4},"end":{"line":51,"column":5}},"11":{"start":{"line":46,"column":6},"end":{"line":50,"column":8}},"12":{"start":{"line":52,"column":4},"end":{"line":52,"column":47}},"13":{"start":{"line":53,"column":4},"end":{"line":55,"column":5}},"14":{"start":{"line":54,"column":6},"end":{"line":54,"column":49}},"15":{"start":{"line":59,"column":4},"end":{"line":59,"column":57}},"16":{"start":{"line":60,"column":4},"end":{"line":60,"column":94}},"17":{"start":{"line":60,"column":61},"end":{"line":60,"column":92}},"18":{"start":{"line":61,"column":4},"end":{"line":61,"column":28}},"19":{"start":{"line":65,"column":4},"end":{"line":65,"column":57}},"20":{"start":{"line":66,"column":4},"end":{"line":66,"column":94}},"21":{"start":{"line":66,"column":61},"end":{"line":66,"column":92}},"22":{"start":{"line":67,"column":4},"end":{"line":67,"column":28}},"23":{"start":{"line":71,"column":4},"end":{"line":71,"column":53}},"24":{"start":{"line":72,"column":4},"end":{"line":72,"column":94}},"25":{"start":{"line":72,"column":61},"end":{"line":72,"column":92}},"26":{"start":{"line":73,"column":4},"end":{"line":73,"column":94}},"27":{"start":{"line":73,"column":61},"end":{"line":73,"column":92}},"28":{"start":{"line":77,"column":4},"end":{"line":77,"column":29}},"29":{"start":{"line":78,"column":4},"end":{"line":78,"column":28}},"30":{"start":{"line":79,"column":4},"end":{"line":89,"column":5}},"31":{"start":{"line":80,"column":6},"end":{"line":80,"column":41}},"32":{"start":{"line":81,"column":6},"end":{"line":84,"column":8}},"33":{"start":{"line":85,"column":6},"end":{"line":88,"column":9}},"34":{"start":{"line":90,"column":4},"end":{"line":93,"column":6}},"35":{"start":{"line":97,"column":4},"end":{"line":97,"column":29}},"36":{"start":{"line":98,"column":4},"end":{"line":98,"column":28}},"37":{"start":{"line":99,"column":4},"end":{"line":101,"column":5}},"38":{"start":{"line":100,"column":6},"end":{"line":100,"column":30}},"39":{"start":{"line":105,"column":4},"end":{"line":105,"column":31}},"40":{"start":{"line":106,"column":4},"end":{"line":106,"column":30}},"41":{"start":{"line":110,"column":4},"end":{"line":110,"column":35}},"42":{"start":{"line":111,"column":4},"end":{"line":111,"column":34}},"43":{"start":{"line":112,"column":4},"end":{"line":112,"column":83}},"44":{"start":{"line":113,"column":4},"end":{"line":119,"column":5}},"45":{"start":{"line":114,"column":6},"end":{"line":118,"column":8}},"46":{"start":{"line":123,"column":20},"end":{"line":123,"column":53}},"47":{"start":{"line":124,"column":30},"end":{"line":124,"column":65}},"48":{"start":{"line":125,"column":4},"end":{"line":127,"column":5}},"49":{"start":{"line":126,"column":6},"end":{"line":126,"column":55}},"50":{"start":{"line":131,"column":24},"end":{"line":131,"column":51}},"51":{"start":{"line":132,"column":4},"end":{"line":135,"column":5}},"52":{"start":{"line":133,"column":6},"end":{"line":133,"column":43}},"53":{"start":{"line":134,"column":6},"end":{"line":134,"column":91}},"54":{"start":{"line":136,"column":4},"end":{"line":139,"column":5}},"55":{"start":{"line":137,"column":6},"end":{"line":137,"column":43}},"56":{"start":{"line":138,"column":6},"end":{"line":138,"column":91}},"57":{"start":{"line":140,"column":4},"end":{"line":140,"column":83}},"58":{"start":{"line":144,"column":4},"end":{"line":150,"column":5}},"59":{"start":{"line":145,"column":6},"end":{"line":149,"column":8}}},"fnMap":{"0":{"name":"(anonymous_0)","decl":{"start":{"line":10,"column":2},"end":{"line":10,"column":3}},"loc":{"start":{"line":10,"column":30},"end":{"line":12,"column":3}},"line":10},"1":{"name":"(anonymous_1)","decl":{"start":{"line":14,"column":2},"end":{"line":14,"column":3}},"loc":{"start":{"line":14,"column":90},"end":{"line":16,"column":3}},"line":14},"2":{"name":"(anonymous_2)","decl":{"start":{"line":18,"column":2},"end":{"line":18,"column":3}},"loc":{"start":{"line":18,"column":48},"end":{"line":21,"column":3}},"line":18},"3":{"name":"(anonymous_3)","decl":{"start":{"line":23,"column":2},"end":{"line":23,"column":3}},"loc":{"start":{"line":23,"column":33},"end":{"line":29,"column":3}},"line":23},"4":{"name":"(anonymous_4)","decl":{"start":{"line":31,"column":2},"end":{"line":31,"column":3}},"loc":{"start":{"line":31,"column":33},"end":{"line":37,"column":3}},"line":31},"5":{"name":"(anonymous_5)","decl":{"start":{"line":39,"column":2},"end":{"line":39,"column":3}},"loc":{"start":{"line":39,"column":25},"end":{"line":41,"column":3}},"line":39},"6":{"name":"(anonymous_6)","decl":{"start":{"line":43,"column":2},"end":{"line":43,"column":3}},"loc":{"start":{"line":43,"column":21},"end":{"line":56,"column":3}},"line":43},"7":{"name":"(anonymous_7)","decl":{"start":{"line":58,"column":2},"end":{"line":58,"column":3}},"loc":{"start":{"line":58,"column":27},"end":{"line":62,"column":3}},"line":58},"8":{"name":"(anonymous_8)","decl":{"start":{"line":60,"column":48},"end":{"line":60,"column":49}},"loc":{"start":{"line":60,"column":61},"end":{"line":60,"column":92}},"line":60},"9":{"name":"(anonymous_9)","decl":{"start":{"line":64,"column":2},"end":{"line":64,"column":3}},"loc":{"start":{"line":64,"column":27},"end":{"line":68,"column":3}},"line":64},"10":{"name":"(anonymous_10)","decl":{"start":{"line":66,"column":48},"end":{"line":66,"column":49}},"loc":{"start":{"line":66,"column":61},"end":{"line":66,"column":92}},"line":66},"11":{"name":"(anonymous_11)","decl":{"start":{"line":70,"column":2},"end":{"line":70,"column":3}},"loc":{"start":{"line":70,"column":45},"end":{"line":74,"column":3}},"line":70},"12":{"name":"(anonymous_12)","decl":{"start":{"line":72,"column":48},"end":{"line":72,"column":49}},"loc":{"start":{"line":72,"column":61},"end":{"line":72,"column":92}},"line":72},"13":{"name":"(anonymous_13)","decl":{"start":{"line":73,"column":48},"end":{"line":73,"column":49}},"loc":{"start":{"line":73,"column":61},"end":{"line":73,"column":92}},"line":73},"14":{"name":"(anonymous_14)","decl":{"start":{"line":76,"column":2},"end":{"line":76,"column":3}},"loc":{"start":{"line":76,"column":16},"end":{"line":94,"column":3}},"line":76},"15":{"name":"(anonymous_15)","decl":{"start":{"line":96,"column":2},"end":{"line":96,"column":3}},"loc":{"start":{"line":96,"column":16},"end":{"line":102,"column":3}},"line":96},"16":{"name":"(anonymous_16)","decl":{"start":{"line":104,"column":2},"end":{"line":104,"column":3}},"loc":{"start":{"line":104,"column":18},"end":{"line":107,"column":3}},"line":104},"17":{"name":"(anonymous_17)","decl":{"start":{"line":109,"column":2},"end":{"line":109,"column":3}},"loc":{"start":{"line":109,"column":22},"end":{"line":120,"column":3}},"line":109},"18":{"name":"(anonymous_18)","decl":{"start":{"line":122,"column":2},"end":{"line":122,"column":3}},"loc":{"start":{"line":122,"column":54},"end":{"line":128,"column":3}},"line":122},"19":{"name":"(anonymous_19)","decl":{"start":{"line":130,"column":2},"end":{"line":130,"column":3}},"loc":{"start":{"line":130,"column":89},"end":{"line":141,"column":3}},"line":130},"20":{"name":"(anonymous_20)","decl":{"start":{"line":143,"column":2},"end":{"line":143,"column":3}},"loc":{"start":{"line":143,"column":29},"end":{"line":151,"column":3}},"line":143}},"branchMap":{"0":{"loc":{"start":{"line":45,"column":4},"end":{"line":51,"column":5}},"type":"if","locations":[{"start":{"line":45,"column":4},"end":{"line":51,"column":5}},{"start":{"line":45,"column":4},"end":{"line":51,"column":5}}],"line":45},"1":{"loc":{"start":{"line":53,"column":4},"end":{"line":55,"column":5}},"type":"if","locations":[{"start":{"line":53,"column":4},"end":{"line":55,"column":5}},{"start":{"line":53,"column":4},"end":{"line":55,"column":5}}],"line":53},"2":{"loc":{"start":{"line":79,"column":4},"end":{"line":89,"column":5}},"type":"if","locations":[{"start":{"line":79,"column":4},"end":{"line":89,"column":5}},{"start":{"line":79,"column":4},"end":{"line":89,"column":5}}],"line":79},"3":{"loc":{"start":{"line":99,"column":4},"end":{"line":101,"column":5}},"type":"if","locations":[{"start":{"line":99,"column":4},"end":{"line":101,"column":5}},{"start":{"line":99,"column":4},"end":{"line":101,"column":5}}],"line":99},"4":{"loc":{"start":{"line":113,"column":4},"end":{"line":119,"column":5}},"type":"if","locations":[{"start":{"line":113,"column":4},"end":{"line":119,"column":5}},{"start":{"line":113,"column":4},"end":{"line":119,"column":5}}],"line":113},"5":{"loc":{"start":{"line":125,"column":4},"end":{"line":127,"column":5}},"type":"if","locations":[{"start":{"line":125,"column":4},"end":{"line":127,"column":5}},{"start":{"line":125,"column":4},"end":{"line":127,"column":5}}],"line":125},"6":{"loc":{"start":{"line":132,"column":4},"end":{"line":135,"column":5}},"type":"if","locations":[{"start":{"line":132,"column":4},"end":{"line":135,"column":5}},{"start":{"line":132,"column":4},"end":{"line":135,"column":5}}],"line":132},"7":{"loc":{"start":{"line":136,"column":4},"end":{"line":139,"column":5}},"type":"if","locations":[{"start":{"line":136,"column":4},"end":{"line":139,"column":5}},{"start":{"line":136,"column":4},"end":{"line":139,"column":5}}],"line":136},"8":{"loc":{"start":{"line":144,"column":4},"end":{"line":150,"column":5}},"type":"if","locations":[{"start":{"line":144,"column":4},"end":{"line":150,"column":5}},{"start":{"line":144,"column":4},"end":{"line":150,"column":5}}],"line":144}},"s":{"0":1,"1":1,"2":1,"3":1,"4":1,"5":1,"6":2,"7":2,"8":1,"9":3,"10":3,"11":1,"12":3,"13":3,"14":2,"15":1,"16":1,"17":2,"18":1,"19":1,"20":1,"21":2,"22":1,"23":1,"24":1,"25":2,"26":1,"27":2,"28":2,"29":2,"30":2,"31":1,"32":1,"33":1,"34":2,"35":2,"36":2,"37":2,"38":1,"39":1,"40":1,"41":1,"42":1,"43":1,"44":1,"45":1,"46":5,"47":5,"48":5,"49":4,"50":4,"51":4,"52":2,"53":2,"54":4,"55":1,"56":1,"57":4,"58":3,"59":3},"f":{"0":1,"1":1,"2":1,"3":1,"4":2,"5":1,"6":3,"7":1,"8":2,"9":1,"10":2,"11":1,"12":2,"13":2,"14":2,"15":2,"16":1,"17":1,"18":5,"19":4,"20":3},"b":{"0":[1,2],"1":[2,1],"2":[1,1],"3":[1,1],"4":[1,0],"5":[4,1],"6":[2,2],"7":[1,3],"8":[3,0]},"_coverageSchema":"1a1c01bbd47fc00a2c39e90264f33305004495a9","hash":"84a130c09bdd684ab43fe040c9e18accc76b9d84"}
,"/media/ghost/Biggie/Sync/Mega/projects/WebStorm/fsd/Slider/src/slider/types/MinMaxPosition.ts": {"path":"/media/ghost/Biggie/Sync/Mega/projects/WebStorm/fsd/Slider/src/slider/types/MinMaxPosition.ts","statementMap":{},"fnMap":{},"branchMap":{},"s":{},"f":{},"b":{},"_coverageSchema":"1a1c01bbd47fc00a2c39e90264f33305004495a9","hash":"fd4ab5d271b9347d15cb8592e8300e20786764cf"}
,"/media/ghost/Biggie/Sync/Mega/projects/WebStorm/fsd/Slider/src/slider/utils/ClassNames.ts": {"path":"/media/ghost/Biggie/Sync/Mega/projects/WebStorm/fsd/Slider/src/slider/utils/ClassNames.ts","statementMap":{},"fnMap":{},"branchMap":{},"s":{},"f":{},"b":{},"_coverageSchema":"1a1c01bbd47fc00a2c39e90264f33305004495a9","hash":"e5558af5aaac48a9b01003c59c02182c72073ca5"}
,"/media/ghost/Biggie/Sync/Mega/projects/WebStorm/fsd/Slider/src/slider/utils/CssClassUtil.ts": {"path":"/media/ghost/Biggie/Sync/Mega/projects/WebStorm/fsd/Slider/src/slider/utils/CssClassUtil.ts","statementMap":{"0":{"start":{"line":4,"column":32},"end":{"line":4,"column":40}},"1":{"start":{"line":7,"column":21},"end":{"line":7,"column":51}},"2":{"start":{"line":8,"column":4},"end":{"line":8,"column":91}},"3":{"start":{"line":12,"column":21},"end":{"line":12,"column":51}},"4":{"start":{"line":13,"column":4},"end":{"line":13,"column":53}},"5":{"start":{"line":14,"column":4},"end":{"line":14,"column":55}},"6":{"start":{"line":18,"column":4},"end":{"line":18,"column":73}},"7":{"start":{"line":22,"column":4},"end":{"line":22,"column":74}},"8":{"start":{"line":26,"column":4},"end":{"line":26,"column":60}},"9":{"start":{"line":30,"column":4},"end":{"line":30,"column":63}},"10":{"start":{"line":34,"column":4},"end":{"line":34,"column":124}}},"fnMap":{"0":{"name":"(anonymous_0)","decl":{"start":{"line":6,"column":2},"end":{"line":6,"column":3}},"loc":{"start":{"line":6,"column":81},"end":{"line":9,"column":3}},"line":6},"1":{"name":"(anonymous_1)","decl":{"start":{"line":11,"column":2},"end":{"line":11,"column":3}},"loc":{"start":{"line":11,"column":68},"end":{"line":15,"column":3}},"line":11},"2":{"name":"(anonymous_2)","decl":{"start":{"line":17,"column":2},"end":{"line":17,"column":3}},"loc":{"start":{"line":17,"column":63},"end":{"line":19,"column":3}},"line":17},"3":{"name":"(anonymous_3)","decl":{"start":{"line":21,"column":2},"end":{"line":21,"column":3}},"loc":{"start":{"line":21,"column":61},"end":{"line":23,"column":3}},"line":21},"4":{"name":"(anonymous_4)","decl":{"start":{"line":25,"column":2},"end":{"line":25,"column":3}},"loc":{"start":{"line":25,"column":22},"end":{"line":27,"column":3}},"line":25},"5":{"name":"(anonymous_5)","decl":{"start":{"line":29,"column":2},"end":{"line":29,"column":3}},"loc":{"start":{"line":29,"column":25},"end":{"line":31,"column":3}},"line":29},"6":{"name":"(anonymous_6)","decl":{"start":{"line":33,"column":2},"end":{"line":33,"column":3}},"loc":{"start":{"line":33,"column":48},"end":{"line":35,"column":3}},"line":33}},"branchMap":{"0":{"loc":{"start":{"line":8,"column":48},"end":{"line":8,"column":88}},"type":"cond-expr","locations":[{"start":{"line":8,"column":61},"end":{"line":8,"column":72}},{"start":{"line":8,"column":75},"end":{"line":8,"column":88}}],"line":8},"1":{"loc":{"start":{"line":34,"column":11},"end":{"line":34,"column":123}},"type":"cond-expr","locations":[{"start":{"line":34,"column":32},"end":{"line":34,"column":96}},{"start":{"line":34,"column":99},"end":{"line":34,"column":123}}],"line":34}},"s":{"0":8,"1":206,"2":206,"3":17,"4":17,"5":17,"6":15,"7":3,"8":3,"9":2,"10":241},"f":{"0":206,"1":17,"2":15,"3":3,"4":3,"5":2,"6":241},"b":{"0":[169,37],"1":[229,12]},"_coverageSchema":"1a1c01bbd47fc00a2c39e90264f33305004495a9","hash":"1cf4cfd170af7776fc98f168bb50686f8b62da28"}
,"/media/ghost/Biggie/Sync/Mega/projects/WebStorm/fsd/Slider/src/slider/utils/PositionUtil.ts": {"path":"/media/ghost/Biggie/Sync/Mega/projects/WebStorm/fsd/Slider/src/slider/utils/PositionUtil.ts","statementMap":{"0":{"start":{"line":3,"column":4},"end":{"line":7,"column":5}},"1":{"start":{"line":4,"column":6},"end":{"line":6,"column":66}},"2":{"start":{"line":8,"column":4},"end":{"line":8,"column":65}},"3":{"start":{"line":12,"column":39},"end":{"line":12,"column":70}},"4":{"start":{"line":13,"column":4},"end":{"line":15,"column":37}}},"fnMap":{"0":{"name":"(anonymous_0)","decl":{"start":{"line":2,"column":2},"end":{"line":2,"column":3}},"loc":{"start":{"line":2,"column":84},"end":{"line":9,"column":3}},"line":2},"1":{"name":"(anonymous_1)","decl":{"start":{"line":11,"column":2},"end":{"line":11,"column":3}},"loc":{"start":{"line":11,"column":99},"end":{"line":16,"column":3}},"line":11}},"branchMap":{"0":{"loc":{"start":{"line":3,"column":4},"end":{"line":7,"column":5}},"type":"if","locations":[{"start":{"line":3,"column":4},"end":{"line":7,"column":5}},{"start":{"line":3,"column":4},"end":{"line":7,"column":5}}],"line":3},"1":{"loc":{"start":{"line":4,"column":13},"end":{"line":6,"column":65}},"type":"cond-expr","locations":[{"start":{"line":5,"column":8},"end":{"line":5,"column":70}},{"start":{"line":6,"column":8},"end":{"line":6,"column":65}}],"line":4},"2":{"loc":{"start":{"line":13,"column":11},"end":{"line":15,"column":36}},"type":"cond-expr","locations":[{"start":{"line":14,"column":6},"end":{"line":14,"column":40}},{"start":{"line":15,"column":6},"end":{"line":15,"column":36}}],"line":13}},"s":{"0":3,"1":2,"2":1,"3":1,"4":1},"f":{"0":3,"1":1},"b":{"0":[2,1],"1":[1,1],"2":[0,1]},"_coverageSchema":"1a1c01bbd47fc00a2c39e90264f33305004495a9","hash":"84c76098b262e4471e14f6d6d9d56d33a5e474ad"}
,"/media/ghost/Biggie/Sync/Mega/projects/WebStorm/fsd/Slider/src/slider/view/DefaultView.ts": {"path":"/media/ghost/Biggie/Sync/Mega/projects/WebStorm/fsd/Slider/src/slider/view/DefaultView.ts","statementMap":{"0":{"start":{"line":16,"column":15},"end":{"line":16,"column":25}},"1":{"start":{"line":18,"column":17},"end":{"line":18,"column":28}},"2":{"start":{"line":30,"column":4},"end":{"line":30,"column":27}},"3":{"start":{"line":31,"column":21},"end":{"line":31,"column":54}},"4":{"start":{"line":32,"column":4},"end":{"line":32,"column":53}},"5":{"start":{"line":34,"column":4},"end":{"line":37,"column":6}},"6":{"start":{"line":39,"column":4},"end":{"line":41,"column":62}},"7":{"start":{"line":44,"column":4},"end":{"line":44,"column":73}},"8":{"start":{"line":45,"column":4},"end":{"line":45,"column":82}},"9":{"start":{"line":46,"column":4},"end":{"line":46,"column":87}},"10":{"start":{"line":48,"column":4},"end":{"line":48,"column":48}},"11":{"start":{"line":48,"column":22},"end":{"line":48,"column":48}},"12":{"start":{"line":49,"column":4},"end":{"line":49,"column":29}},"13":{"start":{"line":51,"column":4},"end":{"line":51,"column":44}},"14":{"start":{"line":52,"column":4},"end":{"line":52,"column":42}},"15":{"start":{"line":52,"column":18},"end":{"line":52,"column":42}},"16":{"start":{"line":53,"column":4},"end":{"line":54,"column":35}},"17":{"start":{"line":53,"column":19},"end":{"line":53,"column":66}},"18":{"start":{"line":54,"column":9},"end":{"line":54,"column":35}},"19":{"start":{"line":58,"column":4},"end":{"line":58,"column":28}},"20":{"start":{"line":62,"column":4},"end":{"line":62,"column":30}},"21":{"start":{"line":66,"column":4},"end":{"line":66,"column":30}},"22":{"start":{"line":70,"column":4},"end":{"line":70,"column":49}},"23":{"start":{"line":71,"column":4},"end":{"line":71,"column":34}},"24":{"start":{"line":72,"column":4},"end":{"line":72,"column":35}},"25":{"start":{"line":76,"column":4},"end":{"line":76,"column":51}},"26":{"start":{"line":80,"column":4},"end":{"line":80,"column":49}},"27":{"start":{"line":83,"column":28},"end":{"line":85,"column":3}},"28":{"start":{"line":84,"column":4},"end":{"line":84,"column":50}},"29":{"start":{"line":87,"column":29},"end":{"line":89,"column":3}},"30":{"start":{"line":88,"column":4},"end":{"line":88,"column":52}},"31":{"start":{"line":91,"column":28},"end":{"line":93,"column":3}},"32":{"start":{"line":92,"column":4},"end":{"line":92,"column":52}},"33":{"start":{"line":95,"column":33},"end":{"line":100,"column":3}},"34":{"start":{"line":96,"column":4},"end":{"line":99,"column":6}},"35":{"start":{"line":98,"column":49},"end":{"line":98,"column":114}},"36":{"start":{"line":103,"column":31},"end":{"line":103,"column":60}},"37":{"start":{"line":104,"column":4},"end":{"line":104,"column":61}},"38":{"start":{"line":104,"column":18},"end":{"line":104,"column":61}},"39":{"start":{"line":105,"column":4},"end":{"line":105,"column":98}},"40":{"start":{"line":108,"column":34},"end":{"line":110,"column":3}},"41":{"start":{"line":109,"column":4},"end":{"line":109,"column":33}}},"fnMap":{"0":{"name":"(anonymous_0)","decl":{"start":{"line":20,"column":2},"end":{"line":20,"column":3}},"loc":{"start":{"line":29,"column":29},"end":{"line":55,"column":3}},"line":29},"1":{"name":"(anonymous_1)","decl":{"start":{"line":57,"column":2},"end":{"line":57,"column":3}},"loc":{"start":{"line":57,"column":16},"end":{"line":59,"column":3}},"line":57},"2":{"name":"(anonymous_2)","decl":{"start":{"line":61,"column":2},"end":{"line":61,"column":3}},"loc":{"start":{"line":61,"column":18},"end":{"line":63,"column":3}},"line":61},"3":{"name":"(anonymous_3)","decl":{"start":{"line":65,"column":2},"end":{"line":65,"column":3}},"loc":{"start":{"line":65,"column":16},"end":{"line":67,"column":3}},"line":65},"4":{"name":"(anonymous_4)","decl":{"start":{"line":69,"column":2},"end":{"line":69,"column":3}},"loc":{"start":{"line":69,"column":22},"end":{"line":73,"column":3}},"line":69},"5":{"name":"(anonymous_5)","decl":{"start":{"line":75,"column":2},"end":{"line":75,"column":3}},"loc":{"start":{"line":75,"column":68},"end":{"line":77,"column":3}},"line":75},"6":{"name":"(anonymous_6)","decl":{"start":{"line":79,"column":2},"end":{"line":79,"column":3}},"loc":{"start":{"line":79,"column":65},"end":{"line":81,"column":3}},"line":79},"7":{"name":"(anonymous_7)","decl":{"start":{"line":83,"column":28},"end":{"line":83,"column":29}},"loc":{"start":{"line":83,"column":54},"end":{"line":85,"column":3}},"line":83},"8":{"name":"(anonymous_8)","decl":{"start":{"line":87,"column":29},"end":{"line":87,"column":30}},"loc":{"start":{"line":87,"column":55},"end":{"line":89,"column":3}},"line":87},"9":{"name":"(anonymous_9)","decl":{"start":{"line":91,"column":28},"end":{"line":91,"column":29}},"loc":{"start":{"line":91,"column":54},"end":{"line":93,"column":3}},"line":91},"10":{"name":"(anonymous_10)","decl":{"start":{"line":95,"column":33},"end":{"line":95,"column":34}},"loc":{"start":{"line":95,"column":70},"end":{"line":100,"column":3}},"line":95},"11":{"name":"(anonymous_11)","decl":{"start":{"line":98,"column":6},"end":{"line":98,"column":7}},"loc":{"start":{"line":98,"column":49},"end":{"line":98,"column":114}},"line":98},"12":{"name":"(anonymous_12)","decl":{"start":{"line":102,"column":2},"end":{"line":102,"column":3}},"loc":{"start":{"line":102,"column":122},"end":{"line":106,"column":3}},"line":102},"13":{"name":"(anonymous_13)","decl":{"start":{"line":108,"column":34},"end":{"line":108,"column":35}},"loc":{"start":{"line":108,"column":40},"end":{"line":110,"column":3}},"line":108}},"branchMap":{"0":{"loc":{"start":{"line":48,"column":4},"end":{"line":48,"column":48}},"type":"if","locations":[{"start":{"line":48,"column":4},"end":{"line":48,"column":48}},{"start":{"line":48,"column":4},"end":{"line":48,"column":48}}],"line":48},"1":{"loc":{"start":{"line":52,"column":4},"end":{"line":52,"column":42}},"type":"if","locations":[{"start":{"line":52,"column":4},"end":{"line":52,"column":42}},{"start":{"line":52,"column":4},"end":{"line":52,"column":42}}],"line":52},"2":{"loc":{"start":{"line":53,"column":4},"end":{"line":54,"column":35}},"type":"if","locations":[{"start":{"line":53,"column":4},"end":{"line":54,"column":35}},{"start":{"line":53,"column":4},"end":{"line":54,"column":35}}],"line":53},"3":{"loc":{"start":{"line":104,"column":4},"end":{"line":104,"column":61}},"type":"if","locations":[{"start":{"line":104,"column":4},"end":{"line":104,"column":61}},{"start":{"line":104,"column":4},"end":{"line":104,"column":61}}],"line":104}},"s":{"0":10,"1":10,"2":10,"3":10,"4":10,"5":10,"6":10,"7":10,"8":10,"9":10,"10":10,"11":1,"12":10,"13":10,"14":10,"15":1,"16":10,"17":9,"18":1,"19":1,"20":1,"21":1,"22":1,"23":1,"24":1,"25":1,"26":11,"27":10,"28":0,"29":10,"30":0,"31":10,"32":0,"33":10,"34":0,"35":0,"36":0,"37":0,"38":0,"39":0,"40":10,"41":0},"f":{"0":10,"1":1,"2":1,"3":1,"4":1,"5":1,"6":11,"7":0,"8":0,"9":0,"10":0,"11":0,"12":0,"13":0},"b":{"0":[1,9],"1":[1,9],"2":[9,1],"3":[0,0]},"_coverageSchema":"1a1c01bbd47fc00a2c39e90264f33305004495a9","hash":"a3872c721773450fef562d99ecb1d82464c450c5"}
,"/media/ghost/Biggie/Sync/Mega/projects/WebStorm/fsd/Slider/src/slider/view/MockView.ts": {"path":"/media/ghost/Biggie/Sync/Mega/projects/WebStorm/fsd/Slider/src/slider/view/MockView.ts","statementMap":{},"fnMap":{"0":{"name":"(anonymous_0)","decl":{"start":{"line":8,"column":2},"end":{"line":8,"column":3}},"loc":{"start":{"line":14,"column":10},"end":{"line":15,"column":3}},"line":14},"1":{"name":"(anonymous_1)","decl":{"start":{"line":17,"column":2},"end":{"line":17,"column":3}},"loc":{"start":{"line":17,"column":28},"end":{"line":18,"column":3}},"line":17},"2":{"name":"(anonymous_2)","decl":{"start":{"line":20,"column":2},"end":{"line":20,"column":3}},"loc":{"start":{"line":20,"column":22},"end":{"line":21,"column":3}},"line":20},"3":{"name":"(anonymous_3)","decl":{"start":{"line":23,"column":2},"end":{"line":23,"column":3}},"loc":{"start":{"line":23,"column":22},"end":{"line":24,"column":3}},"line":23},"4":{"name":"(anonymous_4)","decl":{"start":{"line":26,"column":2},"end":{"line":26,"column":3}},"loc":{"start":{"line":26,"column":24},"end":{"line":27,"column":3}},"line":26},"5":{"name":"(anonymous_5)","decl":{"start":{"line":29,"column":2},"end":{"line":29,"column":3}},"loc":{"start":{"line":29,"column":71},"end":{"line":30,"column":3}},"line":29},"6":{"name":"(anonymous_6)","decl":{"start":{"line":32,"column":2},"end":{"line":32,"column":3}},"loc":{"start":{"line":32,"column":74},"end":{"line":33,"column":3}},"line":32}},"branchMap":{},"s":{},"f":{"0":4,"1":1,"2":2,"3":2,"4":1,"5":3,"6":1},"b":{},"_coverageSchema":"1a1c01bbd47fc00a2c39e90264f33305004495a9","hash":"55b4ac558310b5892e50e00144362e6581bd08a5"}
,"/media/ghost/Biggie/Sync/Mega/projects/WebStorm/fsd/Slider/src/slider/view/body/Body.ts": {"path":"/media/ghost/Biggie/Sync/Mega/projects/WebStorm/fsd/Slider/src/slider/view/body/Body.ts","statementMap":{"0":{"start":{"line":17,"column":25},"end":{"line":17,"column":36}},"1":{"start":{"line":19,"column":34},"end":{"line":19,"column":70}},"2":{"start":{"line":21,"column":47},"end":{"line":21,"column":51}},"3":{"start":{"line":24,"column":4},"end":{"line":24,"column":24}},"4":{"start":{"line":28,"column":4},"end":{"line":28,"column":49}},"5":{"start":{"line":29,"column":4},"end":{"line":29,"column":70}},"6":{"start":{"line":31,"column":4},"end":{"line":31,"column":71}},"7":{"start":{"line":32,"column":4},"end":{"line":36,"column":6}},"8":{"start":{"line":38,"column":4},"end":{"line":38,"column":78}},"9":{"start":{"line":39,"column":4},"end":{"line":39,"column":78}},"10":{"start":{"line":40,"column":4},"end":{"line":40,"column":24}},"11":{"start":{"line":44,"column":4},"end":{"line":44,"column":35}},"12":{"start":{"line":48,"column":4},"end":{"line":48,"column":36}},"13":{"start":{"line":49,"column":4},"end":{"line":49,"column":36}},"14":{"start":{"line":53,"column":4},"end":{"line":53,"column":66}},"15":{"start":{"line":54,"column":4},"end":{"line":54,"column":40}},"16":{"start":{"line":55,"column":4},"end":{"line":55,"column":40}},"17":{"start":{"line":56,"column":4},"end":{"line":56,"column":35}},"18":{"start":{"line":60,"column":37},"end":{"line":60,"column":39}},"19":{"start":{"line":61,"column":4},"end":{"line":64,"column":5}},"20":{"start":{"line":62,"column":6},"end":{"line":62,"column":54}},"21":{"start":{"line":63,"column":6},"end":{"line":63,"column":33}},"22":{"start":{"line":65,"column":4},"end":{"line":68,"column":5}},"23":{"start":{"line":66,"column":6},"end":{"line":66,"column":54}},"24":{"start":{"line":67,"column":6},"end":{"line":67,"column":33}},"25":{"start":{"line":70,"column":4},"end":{"line":74,"column":6}},"26":{"start":{"line":77,"column":31},"end":{"line":79,"column":3}},"27":{"start":{"line":78,"column":4},"end":{"line":78,"column":39}},"28":{"start":{"line":81,"column":31},"end":{"line":83,"column":3}},"29":{"start":{"line":82,"column":4},"end":{"line":82,"column":59}},"30":{"start":{"line":85,"column":34},"end":{"line":89,"column":3}},"31":{"start":{"line":86,"column":4},"end":{"line":88,"column":5}},"32":{"start":{"line":87,"column":6},"end":{"line":87,"column":120}},"33":{"start":{"line":87,"column":68},"end":{"line":87,"column":118}},"34":{"start":{"line":92,"column":4},"end":{"line":92,"column":85}},"35":{"start":{"line":96,"column":4},"end":{"line":106,"column":5}},"36":{"start":{"line":97,"column":38},"end":{"line":100,"column":7}},"37":{"start":{"line":101,"column":6},"end":{"line":105,"column":7}},"38":{"start":{"line":102,"column":8},"end":{"line":102,"column":92}},"39":{"start":{"line":104,"column":8},"end":{"line":104,"column":92}},"40":{"start":{"line":107,"column":4},"end":{"line":107,"column":35}},"41":{"start":{"line":111,"column":4},"end":{"line":111,"column":35}},"42":{"start":{"line":114,"column":28},"end":{"line":123,"column":3}},"43":{"start":{"line":115,"column":4},"end":{"line":122,"column":6}},"44":{"start":{"line":117,"column":8},"end":{"line":120,"column":9}},"45":{"start":{"line":126,"column":39},"end":{"line":126,"column":75}},"46":{"start":{"line":127,"column":4},"end":{"line":127,"column":86}}},"fnMap":{"0":{"name":"(anonymous_0)","decl":{"start":{"line":23,"column":2},"end":{"line":23,"column":3}},"loc":{"start":{"line":23,"column":28},"end":{"line":25,"column":3}},"line":23},"1":{"name":"(anonymous_1)","decl":{"start":{"line":27,"column":2},"end":{"line":27,"column":3}},"loc":{"start":{"line":27,"column":46},"end":{"line":41,"column":3}},"line":27},"2":{"name":"(anonymous_2)","decl":{"start":{"line":43,"column":2},"end":{"line":43,"column":3}},"loc":{"start":{"line":43,"column":16},"end":{"line":45,"column":3}},"line":43},"3":{"name":"(anonymous_3)","decl":{"start":{"line":47,"column":2},"end":{"line":47,"column":3}},"loc":{"start":{"line":47,"column":18},"end":{"line":50,"column":3}},"line":47},"4":{"name":"(anonymous_4)","decl":{"start":{"line":52,"column":2},"end":{"line":52,"column":3}},"loc":{"start":{"line":52,"column":22},"end":{"line":57,"column":3}},"line":52},"5":{"name":"(anonymous_5)","decl":{"start":{"line":59,"column":2},"end":{"line":59,"column":3}},"loc":{"start":{"line":59,"column":69},"end":{"line":75,"column":3}},"line":59},"6":{"name":"(anonymous_6)","decl":{"start":{"line":77,"column":31},"end":{"line":77,"column":32}},"loc":{"start":{"line":77,"column":63},"end":{"line":79,"column":3}},"line":77},"7":{"name":"(anonymous_7)","decl":{"start":{"line":81,"column":31},"end":{"line":81,"column":32}},"loc":{"start":{"line":81,"column":63},"end":{"line":83,"column":3}},"line":81},"8":{"name":"(anonymous_8)","decl":{"start":{"line":85,"column":34},"end":{"line":85,"column":35}},"loc":{"start":{"line":85,"column":57},"end":{"line":89,"column":3}},"line":85},"9":{"name":"(anonymous_9)","decl":{"start":{"line":87,"column":43},"end":{"line":87,"column":44}},"loc":{"start":{"line":87,"column":68},"end":{"line":87,"column":118}},"line":87},"10":{"name":"(anonymous_10)","decl":{"start":{"line":91,"column":2},"end":{"line":91,"column":3}},"loc":{"start":{"line":91,"column":54},"end":{"line":93,"column":3}},"line":91},"11":{"name":"(anonymous_11)","decl":{"start":{"line":95,"column":2},"end":{"line":95,"column":3}},"loc":{"start":{"line":95,"column":90},"end":{"line":108,"column":3}},"line":95},"12":{"name":"(anonymous_12)","decl":{"start":{"line":110,"column":2},"end":{"line":110,"column":3}},"loc":{"start":{"line":110,"column":21},"end":{"line":112,"column":3}},"line":110},"13":{"name":"(anonymous_13)","decl":{"start":{"line":114,"column":28},"end":{"line":114,"column":29}},"loc":{"start":{"line":114,"column":91},"end":{"line":123,"column":3}},"line":114},"14":{"name":"(anonymous_14)","decl":{"start":{"line":116,"column":29},"end":{"line":116,"column":30}},"loc":{"start":{"line":116,"column":69},"end":{"line":121,"column":7}},"line":116},"15":{"name":"(anonymous_15)","decl":{"start":{"line":125,"column":2},"end":{"line":125,"column":3}},"loc":{"start":{"line":125,"column":61},"end":{"line":128,"column":3}},"line":125}},"branchMap":{"0":{"loc":{"start":{"line":61,"column":4},"end":{"line":64,"column":5}},"type":"if","locations":[{"start":{"line":61,"column":4},"end":{"line":64,"column":5}},{"start":{"line":61,"column":4},"end":{"line":64,"column":5}}],"line":61},"1":{"loc":{"start":{"line":65,"column":4},"end":{"line":68,"column":5}},"type":"if","locations":[{"start":{"line":65,"column":4},"end":{"line":68,"column":5}},{"start":{"line":65,"column":4},"end":{"line":68,"column":5}}],"line":65},"2":{"loc":{"start":{"line":73,"column":6},"end":{"line":73,"column":56}},"type":"cond-expr","locations":[{"start":{"line":73,"column":19},"end":{"line":73,"column":44}},{"start":{"line":73,"column":47},"end":{"line":73,"column":56}}],"line":73},"3":{"loc":{"start":{"line":86,"column":4},"end":{"line":88,"column":5}},"type":"if","locations":[{"start":{"line":86,"column":4},"end":{"line":88,"column":5}},{"start":{"line":86,"column":4},"end":{"line":88,"column":5}}],"line":86},"4":{"loc":{"start":{"line":92,"column":11},"end":{"line":92,"column":84}},"type":"binary-expr","locations":[{"start":{"line":92,"column":11},"end":{"line":92,"column":40}},{"start":{"line":92,"column":44},"end":{"line":92,"column":84}}],"line":92},"5":{"loc":{"start":{"line":96,"column":4},"end":{"line":106,"column":5}},"type":"if","locations":[{"start":{"line":96,"column":4},"end":{"line":106,"column":5}},{"start":{"line":96,"column":4},"end":{"line":106,"column":5}}],"line":96},"6":{"loc":{"start":{"line":101,"column":6},"end":{"line":105,"column":7}},"type":"if","locations":[{"start":{"line":101,"column":6},"end":{"line":105,"column":7}},{"start":{"line":101,"column":6},"end":{"line":105,"column":7}}],"line":101},"7":{"loc":{"start":{"line":102,"column":34},"end":{"line":102,"column":91}},"type":"cond-expr","locations":[{"start":{"line":102,"column":52},"end":{"line":102,"column":70}},{"start":{"line":102,"column":73},"end":{"line":102,"column":91}}],"line":102},"8":{"loc":{"start":{"line":104,"column":34},"end":{"line":104,"column":91}},"type":"cond-expr","locations":[{"start":{"line":104,"column":52},"end":{"line":104,"column":70}},{"start":{"line":104,"column":73},"end":{"line":104,"column":91}}],"line":104},"9":{"loc":{"start":{"line":114,"column":57},"end":{"line":114,"column":86}},"type":"default-arg","locations":[{"start":{"line":114,"column":68},"end":{"line":114,"column":86}}],"line":114},"10":{"loc":{"start":{"line":127,"column":11},"end":{"line":127,"column":85}},"type":"cond-expr","locations":[{"start":{"line":127,"column":24},"end":{"line":127,"column":55}},{"start":{"line":127,"column":58},"end":{"line":127,"column":85}}],"line":127}},"s":{"0":16,"1":16,"2":16,"3":0,"4":16,"5":16,"6":16,"7":16,"8":16,"9":16,"10":16,"11":3,"12":3,"13":3,"14":2,"15":2,"16":2,"17":2,"18":13,"19":13,"20":13,"21":13,"22":13,"23":11,"24":11,"25":13,"26":16,"27":0,"28":16,"29":0,"30":16,"31":0,"32":0,"33":0,"34":0,"35":5,"36":4,"37":4,"38":2,"39":2,"40":5,"41":3,"42":16,"43":0,"44":0,"45":0,"46":0},"f":{"0":0,"1":16,"2":3,"3":3,"4":2,"5":13,"6":0,"7":0,"8":0,"9":0,"10":0,"11":5,"12":3,"13":0,"14":0,"15":0},"b":{"0":[13,0],"1":[11,2],"2":[13,0],"3":[0,0],"4":[0,0],"5":[4,1],"6":[2,2],"7":[1,1],"8":[1,1],"9":[0],"10":[0,0]},"_coverageSchema":"1a1c01bbd47fc00a2c39e90264f33305004495a9","hash":"1fa549a236001ba1dfd5c09aa3fc48a173dd9513"}
,"/media/ghost/Biggie/Sync/Mega/projects/WebStorm/fsd/Slider/src/slider/view/point/Point.ts": {"path":"/media/ghost/Biggie/Sync/Mega/projects/WebStorm/fsd/Slider/src/slider/view/point/Point.ts","statementMap":{"0":{"start":{"line":12,"column":36},"end":{"line":12,"column":40}},"1":{"start":{"line":14,"column":20},"end":{"line":14,"column":33}},"2":{"start":{"line":17,"column":4},"end":{"line":17,"column":24}},"3":{"start":{"line":21,"column":4},"end":{"line":21,"column":49}},"4":{"start":{"line":22,"column":4},"end":{"line":22,"column":71}},"5":{"start":{"line":23,"column":4},"end":{"line":23,"column":74}},"6":{"start":{"line":24,"column":4},"end":{"line":24,"column":60}},"7":{"start":{"line":25,"column":4},"end":{"line":25,"column":24}},"8":{"start":{"line":28,"column":33},"end":{"line":34,"column":3}},"9":{"start":{"line":29,"column":4},"end":{"line":29,"column":31}},"10":{"start":{"line":30,"column":4},"end":{"line":30,"column":54}},"11":{"start":{"line":31,"column":4},"end":{"line":31,"column":60}},"12":{"start":{"line":32,"column":4},"end":{"line":32,"column":61}},"13":{"start":{"line":33,"column":4},"end":{"line":33,"column":65}},"14":{"start":{"line":37,"column":34},"end":{"line":37,"column":70}},"15":{"start":{"line":38,"column":4},"end":{"line":38,"column":78}},"16":{"start":{"line":41,"column":26},"end":{"line":46,"column":3}},"17":{"start":{"line":42,"column":4},"end":{"line":42,"column":34}},"18":{"start":{"line":43,"column":4},"end":{"line":43,"column":60}},"19":{"start":{"line":44,"column":4},"end":{"line":44,"column":64}},"20":{"start":{"line":45,"column":4},"end":{"line":45,"column":68}},"21":{"start":{"line":48,"column":28},"end":{"line":50,"column":3}},"22":{"start":{"line":49,"column":4},"end":{"line":49,"column":102}},"23":{"start":{"line":49,"column":64},"end":{"line":49,"column":100}},"24":{"start":{"line":53,"column":4},"end":{"line":53,"column":90}},"25":{"start":{"line":57,"column":19},"end":{"line":57,"column":47}},"26":{"start":{"line":58,"column":4},"end":{"line":58,"column":97}},"27":{"start":{"line":59,"column":4},"end":{"line":59,"column":84}},"28":{"start":{"line":59,"column":37},"end":{"line":59,"column":84}},"29":{"start":{"line":63,"column":4},"end":{"line":63,"column":62}},"30":{"start":{"line":67,"column":4},"end":{"line":67,"column":32}},"31":{"start":{"line":71,"column":4},"end":{"line":71,"column":42}},"32":{"start":{"line":72,"column":4},"end":{"line":72,"column":67}},"33":{"start":{"line":73,"column":4},"end":{"line":73,"column":37}},"34":{"start":{"line":77,"column":39},"end":{"line":77,"column":75}},"35":{"start":{"line":78,"column":4},"end":{"line":78,"column":60}}},"fnMap":{"0":{"name":"(anonymous_0)","decl":{"start":{"line":16,"column":2},"end":{"line":16,"column":3}},"loc":{"start":{"line":16,"column":28},"end":{"line":18,"column":3}},"line":16},"1":{"name":"(anonymous_1)","decl":{"start":{"line":20,"column":2},"end":{"line":20,"column":3}},"loc":{"start":{"line":20,"column":33},"end":{"line":26,"column":3}},"line":20},"2":{"name":"(anonymous_2)","decl":{"start":{"line":28,"column":33},"end":{"line":28,"column":34}},"loc":{"start":{"line":28,"column":56},"end":{"line":34,"column":3}},"line":28},"3":{"name":"(anonymous_3)","decl":{"start":{"line":36,"column":2},"end":{"line":36,"column":3}},"loc":{"start":{"line":36,"column":59},"end":{"line":39,"column":3}},"line":36},"4":{"name":"(anonymous_4)","decl":{"start":{"line":41,"column":26},"end":{"line":41,"column":27}},"loc":{"start":{"line":41,"column":32},"end":{"line":46,"column":3}},"line":41},"5":{"name":"(anonymous_5)","decl":{"start":{"line":48,"column":28},"end":{"line":48,"column":29}},"loc":{"start":{"line":48,"column":51},"end":{"line":50,"column":3}},"line":48},"6":{"name":"(anonymous_6)","decl":{"start":{"line":49,"column":39},"end":{"line":49,"column":40}},"loc":{"start":{"line":49,"column":64},"end":{"line":49,"column":100}},"line":49},"7":{"name":"(anonymous_7)","decl":{"start":{"line":52,"column":2},"end":{"line":52,"column":3}},"loc":{"start":{"line":52,"column":71},"end":{"line":54,"column":3}},"line":52},"8":{"name":"(anonymous_8)","decl":{"start":{"line":56,"column":2},"end":{"line":56,"column":3}},"loc":{"start":{"line":56,"column":56},"end":{"line":60,"column":3}},"line":56},"9":{"name":"(anonymous_9)","decl":{"start":{"line":62,"column":2},"end":{"line":62,"column":3}},"loc":{"start":{"line":62,"column":17},"end":{"line":64,"column":3}},"line":62},"10":{"name":"(anonymous_10)","decl":{"start":{"line":66,"column":2},"end":{"line":66,"column":3}},"loc":{"start":{"line":66,"column":18},"end":{"line":68,"column":3}},"line":66},"11":{"name":"(anonymous_11)","decl":{"start":{"line":70,"column":2},"end":{"line":70,"column":3}},"loc":{"start":{"line":70,"column":22},"end":{"line":74,"column":3}},"line":70},"12":{"name":"(anonymous_12)","decl":{"start":{"line":76,"column":2},"end":{"line":76,"column":3}},"loc":{"start":{"line":76,"column":50},"end":{"line":79,"column":3}},"line":76}},"branchMap":{"0":{"loc":{"start":{"line":53,"column":11},"end":{"line":53,"column":89}},"type":"cond-expr","locations":[{"start":{"line":53,"column":24},"end":{"line":53,"column":55}},{"start":{"line":53,"column":58},"end":{"line":53,"column":89}}],"line":53},"1":{"loc":{"start":{"line":58,"column":23},"end":{"line":58,"column":53}},"type":"cond-expr","locations":[{"start":{"line":58,"column":36},"end":{"line":58,"column":44}},{"start":{"line":58,"column":47},"end":{"line":58,"column":53}}],"line":58},"2":{"loc":{"start":{"line":59,"column":4},"end":{"line":59,"column":84}},"type":"if","locations":[{"start":{"line":59,"column":4},"end":{"line":59,"column":84}},{"start":{"line":59,"column":4},"end":{"line":59,"column":84}}],"line":59},"3":{"loc":{"start":{"line":78,"column":11},"end":{"line":78,"column":59}},"type":"cond-expr","locations":[{"start":{"line":78,"column":24},"end":{"line":78,"column":40}},{"start":{"line":78,"column":43},"end":{"line":78,"column":59}}],"line":78}},"s":{"0":43,"1":43,"2":11,"3":43,"4":43,"5":43,"6":43,"7":43,"8":43,"9":3,"10":3,"11":3,"12":3,"13":3,"14":3,"15":3,"16":43,"17":2,"18":2,"19":2,"20":2,"21":43,"22":1,"23":0,"24":0,"25":26,"26":26,"27":26,"28":21,"29":4,"30":7,"31":5,"32":5,"33":5,"34":8,"35":8},"f":{"0":11,"1":43,"2":3,"3":3,"4":2,"5":1,"6":0,"7":0,"8":26,"9":4,"10":7,"11":5,"12":8},"b":{"0":[0,0],"1":[25,1],"2":[21,5],"3":[4,4]},"_coverageSchema":"1a1c01bbd47fc00a2c39e90264f33305004495a9","hash":"86ed2ec587abb48fa0de563130a5a7a684cb980f"}
,"/media/ghost/Biggie/Sync/Mega/projects/WebStorm/fsd/Slider/src/slider/view/range/Range.ts": {"path":"/media/ghost/Biggie/Sync/Mega/projects/WebStorm/fsd/Slider/src/slider/view/range/Range.ts","statementMap":{"0":{"start":{"line":10,"column":4},"end":{"line":10,"column":24}},"1":{"start":{"line":14,"column":4},"end":{"line":14,"column":49}},"2":{"start":{"line":15,"column":4},"end":{"line":15,"column":71}},"3":{"start":{"line":16,"column":4},"end":{"line":16,"column":24}},"4":{"start":{"line":20,"column":4},"end":{"line":27,"column":5}},"5":{"start":{"line":21,"column":25},"end":{"line":21,"column":37}},"6":{"start":{"line":22,"column":6},"end":{"line":22,"column":103}},"7":{"start":{"line":22,"column":37},"end":{"line":22,"column":103}},"8":{"start":{"line":23,"column":6},"end":{"line":23,"column":108}},"9":{"start":{"line":23,"column":37},"end":{"line":23,"column":108}},"10":{"start":{"line":25,"column":6},"end":{"line":25,"column":87}},"11":{"start":{"line":25,"column":37},"end":{"line":25,"column":87}},"12":{"start":{"line":26,"column":6},"end":{"line":26,"column":94}},"13":{"start":{"line":26,"column":37},"end":{"line":26,"column":94}},"14":{"start":{"line":31,"column":4},"end":{"line":31,"column":42}}},"fnMap":{"0":{"name":"(anonymous_0)","decl":{"start":{"line":9,"column":2},"end":{"line":9,"column":3}},"loc":{"start":{"line":9,"column":28},"end":{"line":11,"column":3}},"line":9},"1":{"name":"(anonymous_1)","decl":{"start":{"line":13,"column":2},"end":{"line":13,"column":3}},"loc":{"start":{"line":13,"column":46},"end":{"line":17,"column":3}},"line":13},"2":{"name":"(anonymous_2)","decl":{"start":{"line":19,"column":2},"end":{"line":19,"column":3}},"loc":{"start":{"line":19,"column":79},"end":{"line":28,"column":3}},"line":19},"3":{"name":"(anonymous_3)","decl":{"start":{"line":30,"column":2},"end":{"line":30,"column":3}},"loc":{"start":{"line":30,"column":22},"end":{"line":32,"column":3}},"line":30}},"branchMap":{"0":{"loc":{"start":{"line":20,"column":4},"end":{"line":27,"column":5}},"type":"if","locations":[{"start":{"line":20,"column":4},"end":{"line":27,"column":5}},{"start":{"line":20,"column":4},"end":{"line":27,"column":5}}],"line":20},"1":{"loc":{"start":{"line":22,"column":6},"end":{"line":22,"column":103}},"type":"if","locations":[{"start":{"line":22,"column":6},"end":{"line":22,"column":103}},{"start":{"line":22,"column":6},"end":{"line":22,"column":103}}],"line":22},"2":{"loc":{"start":{"line":23,"column":6},"end":{"line":23,"column":108}},"type":"if","locations":[{"start":{"line":23,"column":6},"end":{"line":23,"column":108}},{"start":{"line":23,"column":6},"end":{"line":23,"column":108}}],"line":23},"3":{"loc":{"start":{"line":25,"column":6},"end":{"line":25,"column":87}},"type":"if","locations":[{"start":{"line":25,"column":6},"end":{"line":25,"column":87}},{"start":{"line":25,"column":6},"end":{"line":25,"column":87}}],"line":25},"4":{"loc":{"start":{"line":26,"column":6},"end":{"line":26,"column":94}},"type":"if","locations":[{"start":{"line":26,"column":6},"end":{"line":26,"column":94}},{"start":{"line":26,"column":6},"end":{"line":26,"column":94}}],"line":26}},"s":{"0":8,"1":21,"2":21,"3":21,"4":15,"5":14,"6":14,"7":14,"8":14,"9":12,"10":1,"11":1,"12":1,"13":1,"14":3},"f":{"0":8,"1":21,"2":15,"3":3},"b":{"0":[14,1],"1":[14,0],"2":[12,2],"3":[1,0],"4":[1,0]},"_coverageSchema":"1a1c01bbd47fc00a2c39e90264f33305004495a9","hash":"4de64348ddb8bb0c4fdf5a134cfcff5dbe7922fd"}
,"/media/ghost/Biggie/Sync/Mega/projects/WebStorm/fsd/Slider/src/slider/view/scale/Scale.ts": {"path":"/media/ghost/Biggie/Sync/Mega/projects/WebStorm/fsd/Slider/src/slider/view/scale/Scale.ts","statementMap":{"0":{"start":{"line":14,"column":4},"end":{"line":14,"column":49}},"1":{"start":{"line":15,"column":4},"end":{"line":15,"column":71}},"2":{"start":{"line":16,"column":4},"end":{"line":16,"column":73}},"3":{"start":{"line":17,"column":4},"end":{"line":17,"column":24}},"4":{"start":{"line":21,"column":4},"end":{"line":21,"column":24}},"5":{"start":{"line":25,"column":4},"end":{"line":25,"column":62}},"6":{"start":{"line":29,"column":4},"end":{"line":29,"column":67}},"7":{"start":{"line":30,"column":4},"end":{"line":34,"column":7}},"8":{"start":{"line":31,"column":6},"end":{"line":31,"column":76}},"9":{"start":{"line":32,"column":6},"end":{"line":32,"column":18}},"10":{"start":{"line":38,"column":4},"end":{"line":38,"column":32}},"11":{"start":{"line":39,"column":18},"end":{"line":39,"column":69}},"12":{"start":{"line":40,"column":4},"end":{"line":48,"column":5}},"13":{"start":{"line":41,"column":41},"end":{"line":41,"column":140}},"14":{"start":{"line":43,"column":23},"end":{"line":43,"column":56}},"15":{"start":{"line":44,"column":6},"end":{"line":46,"column":7}},"16":{"start":{"line":44,"column":19},"end":{"line":44,"column":20}},"17":{"start":{"line":45,"column":8},"end":{"line":45,"column":76}},"18":{"start":{"line":47,"column":6},"end":{"line":47,"column":36}},"19":{"start":{"line":52,"column":17},"end":{"line":52,"column":46}},"20":{"start":{"line":53,"column":4},"end":{"line":53,"column":67}},"21":{"start":{"line":54,"column":4},"end":{"line":54,"column":62}},"22":{"start":{"line":55,"column":4},"end":{"line":55,"column":16}},"23":{"start":{"line":64,"column":16},"end":{"line":64,"column":26}},"24":{"start":{"line":65,"column":16},"end":{"line":65,"column":53}},"25":{"start":{"line":66,"column":4},"end":{"line":69,"column":5}},"26":{"start":{"line":67,"column":6},"end":{"line":67,"column":17}},"27":{"start":{"line":68,"column":6},"end":{"line":68,"column":17}},"28":{"start":{"line":70,"column":4},"end":{"line":73,"column":6}},"29":{"start":{"line":76,"column":28},"end":{"line":82,"column":3}},"30":{"start":{"line":77,"column":4},"end":{"line":77,"column":31}},"31":{"start":{"line":78,"column":4},"end":{"line":78,"column":33}},"32":{"start":{"line":79,"column":4},"end":{"line":81,"column":5}},"33":{"start":{"line":80,"column":31},"end":{"line":80,"column":72}},"34":{"start":{"line":85,"column":4},"end":{"line":88,"column":5}},"35":{"start":{"line":85,"column":20},"end":{"line":88,"column":5}},"36":{"start":{"line":89,"column":4},"end":{"line":92,"column":5}},"37":{"start":{"line":95,"column":33},"end":{"line":99,"column":3}},"38":{"start":{"line":96,"column":4},"end":{"line":96,"column":32}},"39":{"start":{"line":97,"column":4},"end":{"line":97,"column":61}},"40":{"start":{"line":98,"column":4},"end":{"line":98,"column":65}},"41":{"start":{"line":101,"column":26},"end":{"line":110,"column":3}},"42":{"start":{"line":102,"column":4},"end":{"line":102,"column":34}},"43":{"start":{"line":103,"column":4},"end":{"line":107,"column":5}},"44":{"start":{"line":104,"column":6},"end":{"line":104,"column":120}},"45":{"start":{"line":104,"column":68},"end":{"line":104,"column":118}},"46":{"start":{"line":106,"column":6},"end":{"line":106,"column":52}},"47":{"start":{"line":108,"column":4},"end":{"line":108,"column":64}},"48":{"start":{"line":109,"column":4},"end":{"line":109,"column":68}}},"fnMap":{"0":{"name":"(anonymous_0)","decl":{"start":{"line":13,"column":2},"end":{"line":13,"column":3}},"loc":{"start":{"line":13,"column":46},"end":{"line":18,"column":3}},"line":13},"1":{"name":"(anonymous_1)","decl":{"start":{"line":20,"column":2},"end":{"line":20,"column":3}},"loc":{"start":{"line":20,"column":28},"end":{"line":22,"column":3}},"line":20},"2":{"name":"(anonymous_2)","decl":{"start":{"line":24,"column":2},"end":{"line":24,"column":3}},"loc":{"start":{"line":24,"column":17},"end":{"line":26,"column":3}},"line":24},"3":{"name":"(anonymous_3)","decl":{"start":{"line":28,"column":2},"end":{"line":28,"column":3}},"loc":{"start":{"line":28,"column":22},"end":{"line":35,"column":3}},"line":28},"4":{"name":"(anonymous_4)","decl":{"start":{"line":30,"column":36},"end":{"line":30,"column":37}},"loc":{"start":{"line":30,"column":58},"end":{"line":34,"column":5}},"line":30},"5":{"name":"(anonymous_5)","decl":{"start":{"line":37,"column":2},"end":{"line":37,"column":3}},"loc":{"start":{"line":37,"column":63},"end":{"line":49,"column":3}},"line":37},"6":{"name":"(anonymous_6)","decl":{"start":{"line":51,"column":2},"end":{"line":51,"column":3}},"loc":{"start":{"line":51,"column":96},"end":{"line":56,"column":3}},"line":51},"7":{"name":"(anonymous_7)","decl":{"start":{"line":58,"column":2},"end":{"line":58,"column":3}},"loc":{"start":{"line":63,"column":4},"end":{"line":74,"column":3}},"line":63},"8":{"name":"(anonymous_8)","decl":{"start":{"line":76,"column":28},"end":{"line":76,"column":29}},"loc":{"start":{"line":76,"column":51},"end":{"line":82,"column":3}},"line":76},"9":{"name":"(anonymous_9)","decl":{"start":{"line":80,"column":6},"end":{"line":80,"column":7}},"loc":{"start":{"line":80,"column":31},"end":{"line":80,"column":72}},"line":80},"10":{"name":"(anonymous_10)","decl":{"start":{"line":84,"column":2},"end":{"line":84,"column":3}},"loc":{"start":{"line":84,"column":88},"end":{"line":93,"column":3}},"line":84},"11":{"name":"(anonymous_11)","decl":{"start":{"line":95,"column":33},"end":{"line":95,"column":34}},"loc":{"start":{"line":95,"column":39},"end":{"line":99,"column":3}},"line":95},"12":{"name":"(anonymous_12)","decl":{"start":{"line":101,"column":26},"end":{"line":101,"column":27}},"loc":{"start":{"line":101,"column":49},"end":{"line":110,"column":3}},"line":101},"13":{"name":"(anonymous_13)","decl":{"start":{"line":104,"column":43},"end":{"line":104,"column":44}},"loc":{"start":{"line":104,"column":68},"end":{"line":104,"column":118}},"line":104}},"branchMap":{"0":{"loc":{"start":{"line":40,"column":4},"end":{"line":48,"column":5}},"type":"if","locations":[{"start":{"line":40,"column":4},"end":{"line":48,"column":5}},{"start":{"line":40,"column":4},"end":{"line":48,"column":5}}],"line":40},"1":{"loc":{"start":{"line":41,"column":83},"end":{"line":41,"column":126}},"type":"cond-expr","locations":[{"start":{"line":41,"column":96},"end":{"line":41,"column":110}},{"start":{"line":41,"column":113},"end":{"line":41,"column":126}}],"line":41},"2":{"loc":{"start":{"line":53,"column":15},"end":{"line":53,"column":45}},"type":"cond-expr","locations":[{"start":{"line":53,"column":28},"end":{"line":53,"column":36}},{"start":{"line":53,"column":39},"end":{"line":53,"column":45}}],"line":53},"3":{"loc":{"start":{"line":85,"column":4},"end":{"line":88,"column":5}},"type":"if","locations":[{"start":{"line":85,"column":4},"end":{"line":88,"column":5}},{"start":{"line":85,"column":4},"end":{"line":88,"column":5}}],"line":85},"4":{"loc":{"start":{"line":103,"column":4},"end":{"line":107,"column":5}},"type":"if","locations":[{"start":{"line":103,"column":4},"end":{"line":107,"column":5}},{"start":{"line":103,"column":4},"end":{"line":107,"column":5}}],"line":103}},"s":{"0":6,"1":6,"2":6,"3":6,"4":5,"5":1,"6":1,"7":1,"8":0,"9":0,"10":2,"11":2,"12":2,"13":2,"14":2,"15":2,"16":2,"17":55,"18":2,"19":55,"20":55,"21":55,"22":55,"23":2,"24":2,"25":2,"26":3,"27":3,"28":2,"29":6,"30":0,"31":0,"32":0,"33":0,"34":0,"35":0,"36":0,"37":6,"38":0,"39":0,"40":0,"41":6,"42":0,"43":0,"44":0,"45":0,"46":0,"47":0,"48":0},"f":{"0":6,"1":5,"2":1,"3":1,"4":0,"5":2,"6":55,"7":2,"8":0,"9":0,"10":0,"11":0,"12":0,"13":0},"b":{"0":[2,0],"1":[1,1],"2":[49,6],"3":[0,0],"4":[0,0]},"_coverageSchema":"1a1c01bbd47fc00a2c39e90264f33305004495a9","hash":"f9790fd212c9bc26f0289d809395b8003c20a678"}
,"/media/ghost/Biggie/Sync/Mega/projects/WebStorm/fsd/Slider/src/slider/view/tooltip/Tooltip.ts": {"path":"/media/ghost/Biggie/Sync/Mega/projects/WebStorm/fsd/Slider/src/slider/view/tooltip/Tooltip.ts","statementMap":{"0":{"start":{"line":9,"column":4},"end":{"line":9,"column":24}},"1":{"start":{"line":13,"column":4},"end":{"line":13,"column":49}},"2":{"start":{"line":14,"column":4},"end":{"line":14,"column":73}},"3":{"start":{"line":15,"column":4},"end":{"line":15,"column":24}},"4":{"start":{"line":19,"column":4},"end":{"line":19,"column":64}},"5":{"start":{"line":23,"column":4},"end":{"line":23,"column":45}},"6":{"start":{"line":24,"column":4},"end":{"line":34,"column":5}},"7":{"start":{"line":25,"column":6},"end":{"line":25,"column":35}},"8":{"start":{"line":26,"column":6},"end":{"line":26,"column":36}},"9":{"start":{"line":27,"column":19},"end":{"line":27,"column":55}},"10":{"start":{"line":28,"column":6},"end":{"line":30,"column":7}},"11":{"start":{"line":29,"column":8},"end":{"line":29,"column":38}},"12":{"start":{"line":31,"column":6},"end":{"line":33,"column":7}},"13":{"start":{"line":32,"column":8},"end":{"line":32,"column":39}},"14":{"start":{"line":38,"column":4},"end":{"line":38,"column":69}}},"fnMap":{"0":{"name":"(anonymous_0)","decl":{"start":{"line":8,"column":2},"end":{"line":8,"column":3}},"loc":{"start":{"line":8,"column":28},"end":{"line":10,"column":3}},"line":8},"1":{"name":"(anonymous_1)","decl":{"start":{"line":12,"column":2},"end":{"line":12,"column":3}},"loc":{"start":{"line":12,"column":46},"end":{"line":16,"column":3}},"line":12},"2":{"name":"(anonymous_2)","decl":{"start":{"line":18,"column":2},"end":{"line":18,"column":3}},"loc":{"start":{"line":18,"column":17},"end":{"line":20,"column":3}},"line":18},"3":{"name":"(anonymous_3)","decl":{"start":{"line":22,"column":2},"end":{"line":22,"column":3}},"loc":{"start":{"line":22,"column":41},"end":{"line":35,"column":3}},"line":22},"4":{"name":"(anonymous_4)","decl":{"start":{"line":37,"column":2},"end":{"line":37,"column":3}},"loc":{"start":{"line":37,"column":22},"end":{"line":39,"column":3}},"line":37}},"branchMap":{"0":{"loc":{"start":{"line":24,"column":4},"end":{"line":34,"column":5}},"type":"if","locations":[{"start":{"line":24,"column":4},"end":{"line":34,"column":5}},{"start":{"line":24,"column":4},"end":{"line":34,"column":5}}],"line":24},"1":{"loc":{"start":{"line":28,"column":6},"end":{"line":30,"column":7}},"type":"if","locations":[{"start":{"line":28,"column":6},"end":{"line":30,"column":7}},{"start":{"line":28,"column":6},"end":{"line":30,"column":7}}],"line":28},"2":{"loc":{"start":{"line":31,"column":6},"end":{"line":33,"column":7}},"type":"if","locations":[{"start":{"line":31,"column":6},"end":{"line":33,"column":7}},{"start":{"line":31,"column":6},"end":{"line":33,"column":7}}],"line":31}},"s":{"0":10,"1":50,"2":50,"3":50,"4":8,"5":24,"6":24,"7":3,"8":3,"9":3,"10":3,"11":1,"12":3,"13":1,"14":6},"f":{"0":10,"1":50,"2":8,"3":24,"4":6},"b":{"0":[3,21],"1":[1,2],"2":[1,2]},"_coverageSchema":"1a1c01bbd47fc00a2c39e90264f33305004495a9","hash":"a56865d1361d76f68379cf0fc81c3319c7e30518"}
}
