TN:
SF:src/slider/model/Model.ts
FN:17,(anonymous_0)
FN:22,(anonymous_1)
FN:27,(anonymous_2)
FN:31,(anonymous_3)
FN:39,(anonymous_4)
FN:43,(anonymous_5)
FN:48,(anonymous_6)
FN:52,(anonymous_7)
FN:64,(anonymous_8)
FN:68,(anonymous_9)
FN:72,(anonymous_10)
FN:76,(anonymous_11)
FN:80,(anonymous_12)
FN:87,(anonymous_13)
FN:94,(anonymous_14)
FN:98,(anonymous_15)
FN:102,(anonymous_16)
FN:106,(anonymous_17)
FN:110,(anonymous_18)
FN:114,(anonymous_19)
FN:118,(anonymous_20)
FN:122,(anonymous_21)
FN:126,(anonymous_22)
FN:130,(anonymous_23)
FN:134,(anonymous_24)
FN:142,(anonymous_25)
FN:150,(anonymous_26)
FNF:27
FNH:26
FNDA:49,(anonymous_0)
FNDA:8,(anonymous_1)
FNDA:2,(anonymous_2)
FNDA:11,(anonymous_3)
FNDA:3,(anonymous_4)
FNDA:6,(anonymous_5)
FNDA:0,(anonymous_6)
FNDA:7,(anonymous_7)
FNDA:2,(anonymous_8)
FNDA:2,(anonymous_9)
FNDA:4,(anonymous_10)
FNDA:5,(anonymous_11)
FNDA:34,(anonymous_12)
FNDA:11,(anonymous_13)
FNDA:3,(anonymous_14)
FNDA:74,(anonymous_15)
FNDA:27,(anonymous_16)
FNDA:5,(anonymous_17)
FNDA:2,(anonymous_18)
FNDA:10,(anonymous_19)
FNDA:2,(anonymous_20)
FNDA:18,(anonymous_21)
FNDA:8,(anonymous_22)
FNDA:2,(anonymous_23)
FNDA:6,(anonymous_24)
FNDA:7,(anonymous_25)
FNDA:2,(anonymous_26)
DA:6,49
DA:18,49
DA:19,49
DA:23,8
DA:24,5
DA:25,3
DA:27,2
DA:28,2
DA:32,11
DA:33,4
DA:35,2
DA:36,2
DA:40,3
DA:44,6
DA:49,0
DA:53,7
DA:54,5
DA:55,5
DA:57,2
DA:58,2
DA:60,7
DA:61,7
DA:65,2
DA:69,2
DA:73,4
DA:77,5
DA:81,34
DA:88,11
DA:95,3
DA:99,74
DA:103,27
DA:107,5
DA:111,2
DA:115,10
DA:119,2
DA:123,18
DA:127,8
DA:131,2
DA:135,6
DA:136,6
DA:137,6
DA:138,2
DA:139,2
DA:143,7
DA:144,1
DA:145,1
DA:146,1
DA:151,2
DA:152,2
DA:153,2
DA:154,0
LF:51
LH:49
BRDA:18,0,0,43
BRDA:18,0,1,6
BRDA:23,1,0,3
BRDA:23,1,1,5
BRDA:24,2,0,2
BRDA:24,2,1,3
BRDA:25,3,0,1
BRDA:25,3,1,2
BRDA:28,4,0,1
BRDA:28,4,1,1
BRDA:32,5,0,7
BRDA:32,5,1,4
BRDA:33,6,0,2
BRDA:33,6,1,2
BRDA:40,7,0,3
BRDA:40,7,1,2
BRDA:44,8,0,6
BRDA:44,8,1,3
BRDA:44,8,2,5
BRDA:44,8,3,3
BRDA:53,9,0,5
BRDA:53,9,1,2
BRDA:137,10,0,4
BRDA:137,10,1,2
BRDA:138,11,0,2
BRDA:138,11,1,0
BRDA:139,12,0,0
BRDA:139,12,1,2
BRDA:143,13,0,1
BRDA:143,13,1,6
BRDA:151,14,0,0
BRDA:151,14,1,2
BRDA:152,15,0,0
BRDA:152,15,1,2
BRDA:153,16,0,0
BRDA:153,16,1,2
BRF:36
BRH:31
end_of_record
TN:
SF:src/slider/model/ValidModel.ts
FN:8,(anonymous_0)
FN:13,(anonymous_1)
FN:25,(anonymous_2)
FN:35,(anonymous_3)
FN:42,(anonymous_4)
FN:55,(anonymous_5)
FN:66,(anonymous_6)
FN:72,(anonymous_7)
FN:76,(anonymous_8)
FN:82,(anonymous_9)
FN:91,(anonymous_10)
FN:97,(anonymous_11)
FN:103,(anonymous_12)
FN:109,(anonymous_13)
FNF:14
FNH:14
FNDA:26,(anonymous_0)
FNDA:7,(anonymous_1)
FNDA:10,(anonymous_2)
FNDA:5,(anonymous_3)
FNDA:3,(anonymous_4)
FNDA:26,(anonymous_5)
FNDA:76,(anonymous_6)
FNDA:76,(anonymous_7)
FNDA:30,(anonymous_8)
FNDA:31,(anonymous_9)
FNDA:67,(anonymous_10)
FNDA:67,(anonymous_11)
FNDA:38,(anonymous_12)
FNDA:29,(anonymous_13)
DA:9,26
DA:10,26
DA:14,7
DA:15,6
DA:16,3
DA:17,2
DA:19,3
DA:21,4
DA:22,3
DA:26,10
DA:27,9
DA:28,8
DA:29,7
DA:30,6
DA:31,5
DA:32,4
DA:36,5
DA:37,2
DA:38,2
DA:39,2
DA:43,3
DA:44,1
DA:45,1
DA:46,1
DA:47,1
DA:49,0
DA:51,1
DA:52,1
DA:56,26
DA:57,26
DA:58,26
DA:59,26
DA:60,26
DA:61,26
DA:62,26
DA:63,26
DA:67,76
DA:68,3
DA:73,76
DA:77,30
DA:78,2
DA:83,31
DA:84,2
DA:86,29
DA:87,1
DA:92,67
DA:93,3
DA:98,67
DA:104,38
DA:105,2
DA:110,29
DA:111,1
DA:113,28
DA:114,1
LF:54
LH:53
BRDA:15,0,0,3
BRDA:15,0,1,3
BRDA:45,1,0,1
BRDA:45,1,1,0
BRDA:46,2,0,0
BRDA:46,2,1,1
BRDA:47,3,0,0
BRDA:47,3,1,1
BRDA:51,4,0,0
BRDA:51,4,1,1
BRDA:52,5,0,0
BRDA:52,5,1,1
BRDA:60,6,0,17
BRDA:60,6,1,9
BRDA:67,7,0,3
BRDA:67,7,1,73
BRDA:73,8,0,76
BRDA:73,8,1,74
BRDA:77,9,0,2
BRDA:77,9,1,28
BRDA:83,10,0,2
BRDA:83,10,1,29
BRDA:86,11,0,1
BRDA:86,11,1,28
BRDA:92,12,0,3
BRDA:92,12,1,64
BRDA:98,13,0,67
BRDA:98,13,1,4
BRDA:98,13,2,4
BRDA:104,14,0,2
BRDA:104,14,1,36
BRDA:110,15,0,1
BRDA:110,15,1,28
BRDA:113,16,0,1
BRDA:113,16,1,27
BRF:35
BRH:30
end_of_record
TN:
SF:src/slider/observer/index.ts
FN:8,(anonymous_0)
FN:15,(anonymous_1)
FN:17,(anonymous_2)
FNF:3
FNH:3
FNDA:51,(anonymous_0)
FNDA:25,(anonymous_1)
FNDA:17,(anonymous_2)
DA:6,97
DA:9,51
DA:10,49
DA:12,51
DA:16,25
DA:17,15
DA:18,17
LF:7
LH:7
BRDA:9,0,0,49
BRDA:9,0,1,2
BRDA:16,1,0,15
BRDA:16,1,1,10
BRF:4
BRH:4
end_of_record
TN:
SF:src/slider/presenter/Presenter.ts
FN:9,(anonymous_0)
FN:13,(anonymous_1)
FN:29,(anonymous_2)
FN:33,(anonymous_3)
FN:41,(anonymous_4)
FN:47,(anonymous_5)
FNF:6
FNH:6
FNDA:17,(anonymous_0)
FNDA:3,(anonymous_1)
FNDA:13,(anonymous_2)
FNDA:3,(anonymous_3)
FNDA:2,(anonymous_4)
FNDA:3,(anonymous_5)
DA:10,17
DA:14,3
DA:15,2
DA:25,2
DA:26,2
DA:30,13
DA:34,3
DA:35,3
DA:38,3
DA:41,17
DA:42,2
DA:43,2
DA:44,1
DA:47,17
DA:48,3
DA:49,3
DA:50,3
DA:51,1
DA:52,2
DA:53,1
DA:58,1
LF:21
LH:21
BRDA:14,0,0,1
BRDA:14,0,1,2
BRDA:43,1,0,1
BRDA:43,1,1,1
BRDA:50,2,0,1
BRDA:50,2,1,2
BRDA:52,3,0,1
BRDA:52,3,1,1
BRDA:54,4,0,0
BRDA:54,4,1,1
BRF:10
BRH:9
end_of_record
TN:
SF:src/slider/presenter/PresenterProxy.ts
FN:10,(anonymous_0)
FN:14,(anonymous_1)
FN:18,(anonymous_2)
FN:24,(anonymous_3)
FN:32,(anonymous_4)
FN:40,(anonymous_5)
FN:44,(anonymous_6)
FN:51,(anonymous_7)
FN:58,(anonymous_8)
FN:65,(anonymous_9)
FN:72,(anonymous_10)
FN:79,(anonymous_11)
FN:85,(anonymous_12)
FN:90,(anonymous_13)
FN:97,(anonymous_14)
FNF:15
FNH:14
FNDA:0,(anonymous_0)
FNDA:1,(anonymous_1)
FNDA:1,(anonymous_2)
FNDA:1,(anonymous_3)
FNDA:2,(anonymous_4)
FNDA:1,(anonymous_5)
FNDA:2,(anonymous_6)
FNDA:1,(anonymous_7)
FNDA:1,(anonymous_8)
FNDA:1,(anonymous_9)
FNDA:1,(anonymous_10)
FNDA:2,(anonymous_11)
FNDA:1,(anonymous_12)
FNDA:1,(anonymous_13)
FNDA:8,(anonymous_14)
DA:11,0
DA:15,1
DA:19,1
DA:20,1
DA:21,1
DA:25,1
DA:26,1
DA:29,1
DA:33,2
DA:34,2
DA:37,2
DA:41,1
DA:45,2
DA:46,2
DA:47,2
DA:48,2
DA:52,1
DA:53,1
DA:54,1
DA:55,1
DA:59,1
DA:60,1
DA:61,1
DA:62,1
DA:66,1
DA:67,1
DA:68,1
DA:69,1
DA:73,1
DA:74,1
DA:75,1
DA:76,1
DA:80,2
DA:81,2
DA:82,2
DA:86,1
DA:87,1
DA:91,1
DA:92,1
DA:93,1
DA:94,1
DA:98,8
DA:99,6
LF:43
LH:42
BRDA:98,0,0,6
BRDA:98,0,1,2
BRF:2
BRH:2
end_of_record
TN:
SF:src/slider/support/enums.ts
FNF:0
FNH:0
LF:0
LH:0
BRF:0
BRH:0
end_of_record
TN:
SF:src/slider/support/errors.ts
FNF:0
FNH:0
DA:2,16
LF:1
LH:1
BRF:0
BRH:0
end_of_record
TN:
SF:src/slider/utils/CssClassUtil.ts
FN:6,(anonymous_0)
FN:18,(anonymous_1)
FN:24,(anonymous_2)
FN:28,(anonymous_3)
FN:32,(anonymous_4)
FN:36,(anonymous_5)
FNF:6
FNH:6
FNDA:265,(anonymous_0)
FNDA:113,(anonymous_1)
FNDA:9,(anonymous_2)
FNDA:6,(anonymous_3)
FNDA:2,(anonymous_4)
FNDA:387,(anonymous_5)
DA:4,11
DA:11,265
DA:12,265
DA:19,113
DA:20,113
DA:21,113
DA:25,9
DA:29,6
DA:33,2
DA:37,387
LF:10
LH:10
BRDA:14,0,0,228
BRDA:14,0,1,37
BRDA:37,1,0,375
BRDA:37,1,1,12
BRF:4
BRH:4
end_of_record
TN:
SF:src/slider/utils/ObjectsUtil.ts
FN:2,(anonymous_0)
FN:4,(anonymous_1)
FN:17,(anonymous_2)
FNF:3
FNH:3
FNDA:133,(anonymous_0)
FNDA:484,(anonymous_1)
FNDA:484,(anonymous_2)
DA:3,133
DA:4,133
DA:6,484
DA:8,89
DA:11,395
DA:14,133
DA:19,484
LF:7
LH:7
BRDA:6,0,0,89
BRDA:6,0,1,395
BRDA:11,1,0,219
BRDA:11,1,1,176
BRDA:19,2,0,484
BRDA:19,2,1,90
BRF:6
BRH:6
end_of_record
TN:
SF:src/slider/utils/PositionUtil.ts
FN:2,(anonymous_0)
FN:11,(anonymous_1)
FNF:2
FNH:2
FNDA:8,(anonymous_0)
FNDA:2,(anonymous_1)
DA:3,8
DA:4,6
DA:8,2
DA:18,2
DA:19,2
LF:5
LH:5
BRDA:3,0,0,6
BRDA:3,0,1,2
BRDA:4,1,0,3
BRDA:4,1,1,3
BRDA:19,2,0,1
BRDA:19,2,1,1
BRF:6
BRH:6
end_of_record
TN:
SF:src/slider/view/MockView.ts
FN:8,(anonymous_0)
FN:10,(anonymous_1)
FN:12,(anonymous_2)
FN:14,(anonymous_3)
FN:16,(anonymous_4)
FN:18,(anonymous_5)
FN:20,(anonymous_6)
FNF:7
FNH:6
FNDA:2,(anonymous_0)
FNDA:1,(anonymous_1)
FNDA:1,(anonymous_2)
FNDA:2,(anonymous_3)
FNDA:1,(anonymous_4)
FNDA:3,(anonymous_5)
FNDA:0,(anonymous_6)
LF:0
LH:0
BRF:0
BRH:0
end_of_record
TN:
SF:src/slider/view/index.ts
FN:16,(anonymous_0)
FN:41,(anonymous_1)
FN:45,(anonymous_2)
FN:49,(anonymous_3)
FN:53,(anonymous_4)
FN:59,(anonymous_5)
FN:63,(anonymous_6)
FN:67,(anonymous_7)
FN:71,(anonymous_8)
FN:76,(anonymous_9)
FNF:10
FNH:7
FNDA:10,(anonymous_0)
FNDA:1,(anonymous_1)
FNDA:1,(anonymous_2)
FNDA:1,(anonymous_3)
FNDA:1,(anonymous_4)
FNDA:1,(anonymous_5)
FNDA:11,(anonymous_6)
FNDA:0,(anonymous_7)
FNDA:0,(anonymous_8)
FNDA:0,(anonymous_9)
DA:13,14
DA:14,14
DA:19,10
DA:20,10
DA:21,10
DA:23,10
DA:28,10
DA:29,10
DA:30,10
DA:32,10
DA:33,10
DA:35,10
DA:36,10
DA:37,10
DA:38,7
DA:42,1
DA:46,1
DA:50,1
DA:54,1
DA:55,1
DA:56,1
DA:60,1
DA:64,11
DA:67,14
DA:68,0
DA:71,14
DA:72,0
DA:73,0
DA:76,14
DA:77,0
LF:30
LH:26
BRDA:32,0,0,9
BRDA:32,0,1,1
BRDA:36,1,0,8
BRDA:36,1,1,2
BRDA:37,2,0,3
BRDA:37,2,1,7
BRF:6
BRH:6
end_of_record
TN:
SF:src/slider/view/body/index.ts
FN:18,(anonymous_0)
FN:25,(anonymous_1)
FN:43,(anonymous_2)
FN:47,(anonymous_3)
FN:51,(anonymous_4)
FN:56,(anonymous_5)
FN:63,(anonymous_6)
FN:74,(anonymous_7)
FN:83,(anonymous_8)
FN:87,(anonymous_9)
FN:91,(anonymous_10)
FN:95,(anonymous_11)
FN:99,(anonymous_12)
FN:104,(anonymous_13)
FN:113,(anonymous_14)
FN:119,(anonymous_15)
FN:125,(anonymous_16)
FN:132,(anonymous_17)
FNF:18
FNH:18
FNDA:13,(anonymous_0)
FNDA:9,(anonymous_1)
FNDA:9,(anonymous_2)
FNDA:1,(anonymous_3)
FNDA:1,(anonymous_4)
FNDA:1,(anonymous_5)
FNDA:5,(anonymous_6)
FNDA:10,(anonymous_7)
FNDA:5,(anonymous_8)
FNDA:1,(anonymous_9)
FNDA:1,(anonymous_10)
FNDA:1,(anonymous_11)
FNDA:3,(anonymous_12)
FNDA:2,(anonymous_13)
FNDA:3,(anonymous_14)
FNDA:2,(anonymous_15)
FNDA:4,(anonymous_16)
FNDA:4,(anonymous_17)
DA:15,13
DA:16,13
DA:19,13
DA:20,13
DA:21,13
DA:22,13
DA:26,9
DA:27,9
DA:29,9
DA:30,9
DA:36,9
DA:37,9
DA:38,9
DA:39,9
DA:40,9
DA:44,9
DA:48,1
DA:52,1
DA:53,1
DA:57,1
DA:58,1
DA:59,1
DA:60,1
DA:64,5
DA:65,5
DA:66,5
DA:67,5
DA:75,10
DA:76,7
DA:77,7
DA:78,7
DA:80,3
DA:84,5
DA:87,13
DA:88,1
DA:91,13
DA:92,1
DA:95,13
DA:96,1
DA:99,13
DA:100,3
DA:101,3
DA:102,3
DA:104,2
DA:114,3
DA:119,13
DA:123,2
DA:125,4
DA:135,4
DA:136,4
LF:50
LH:50
BRDA:20,0,0,13
BRDA:20,0,1,12
BRDA:21,1,0,13
BRDA:21,1,1,10
BRDA:22,2,0,13
BRDA:22,2,1,10
BRDA:70,3,0,4
BRDA:70,3,1,1
BRDA:75,4,0,7
BRDA:75,4,1,3
BRDA:77,5,0,5
BRDA:77,5,1,2
BRDA:100,6,0,3
BRDA:100,6,1,0
BRDA:115,7,0,3
BRDA:115,7,1,0
BRDA:121,8,0,1
BRDA:136,9,0,2
BRDA:136,9,1,2
BRF:19
BRH:17
end_of_record
TN:
SF:src/slider/view/point/index.ts
FN:14,(anonymous_0)
FN:22,(anonymous_1)
FN:26,(anonymous_2)
FN:32,(anonymous_3)
FN:40,(anonymous_4)
FN:44,(anonymous_5)
FN:48,(anonymous_6)
FN:54,(anonymous_7)
FN:59,(anonymous_8)
FN:66,(anonymous_9)
FN:74,(anonymous_10)
FN:77,(anonymous_11)
FN:81,(anonymous_12)
FNF:13
FNH:13
FNDA:30,(anonymous_0)
FNDA:13,(anonymous_1)
FNDA:9,(anonymous_2)
FNDA:9,(anonymous_3)
FNDA:2,(anonymous_4)
FNDA:3,(anonymous_5)
FNDA:3,(anonymous_6)
FNDA:4,(anonymous_7)
FNDA:4,(anonymous_8)
FNDA:2,(anonymous_9)
FNDA:3,(anonymous_10)
FNDA:2,(anonymous_11)
FNDA:2,(anonymous_12)
DA:11,38
DA:12,38
DA:15,30
DA:16,30
DA:17,30
DA:18,30
DA:19,30
DA:23,13
DA:27,9
DA:28,9
DA:29,9
DA:33,9
DA:34,9
DA:37,9
DA:41,2
DA:45,3
DA:49,3
DA:50,3
DA:51,3
DA:54,38
DA:55,4
DA:56,4
DA:62,4
DA:63,4
DA:66,38
DA:67,2
DA:68,2
DA:69,2
DA:70,2
DA:71,2
DA:74,38
DA:75,3
DA:77,2
DA:82,2
LF:34
LH:34
BRDA:35,0,0,6
BRDA:35,0,1,3
BRDA:37,1,0,3
BRDA:37,1,1,6
BRDA:82,2,0,1
BRDA:82,2,1,1
BRF:6
BRH:6
end_of_record
TN:
SF:src/slider/view/range/index.ts
FN:8,(anonymous_0)
FN:14,(anonymous_1)
FN:18,(anonymous_2)
FN:33,(anonymous_3)
FNF:4
FNH:4
FNDA:14,(anonymous_0)
FNDA:17,(anonymous_1)
FNDA:11,(anonymous_2)
FNDA:2,(anonymous_3)
DA:9,14
DA:10,14
DA:11,14
DA:15,17
DA:23,11
DA:24,7
DA:25,7
DA:26,7
DA:28,4
DA:29,4
DA:34,2
LF:11
LH:11
BRDA:23,0,0,7
BRDA:23,0,1,4
BRDA:25,1,0,6
BRDA:25,1,1,1
BRDA:26,2,0,3
BRDA:26,2,1,4
BRDA:28,3,0,3
BRDA:28,3,1,1
BRDA:29,4,0,3
BRDA:29,4,1,1
BRF:10
BRH:10
end_of_record
TN:
SF:src/slider/view/scale/index.ts
FN:9,(anonymous_0)
FN:16,(anonymous_1)
FN:20,(anonymous_2)
FN:24,(anonymous_3)
FN:26,(anonymous_4)
FN:31,(anonymous_5)
FN:49,(anonymous_6)
FN:60,(anonymous_7)
FN:78,(anonymous_8)
FN:81,(anonymous_9)
FNF:10
FNH:10
FNDA:9,(anonymous_0)
FNDA:12,(anonymous_1)
FNDA:1,(anonymous_2)
FNDA:3,(anonymous_3)
FNDA:99,(anonymous_4)
FNDA:4,(anonymous_5)
FNDA:154,(anonymous_6)
FNDA:3,(anonymous_7)
FNDA:1,(anonymous_8)
FNDA:2,(anonymous_9)
DA:10,9
DA:11,9
DA:12,9
DA:13,9
DA:17,12
DA:21,1
DA:25,3
DA:26,3
DA:27,99
DA:32,4
DA:33,4
DA:34,4
DA:35,3
DA:41,3
DA:42,3
DA:43,154
DA:45,3
DA:54,154
DA:55,154
DA:56,154
DA:57,154
DA:66,3
DA:67,3
DA:68,3
DA:69,3
DA:70,3
DA:72,3
DA:78,13
DA:79,1
DA:81,2
LF:30
LH:30
BRDA:34,0,0,3
BRDA:34,0,1,1
BRDA:37,1,0,2
BRDA:37,1,1,1
BRDA:55,2,0,148
BRDA:55,2,1,6
BRF:6
BRH:6
end_of_record
TN:
SF:src/slider/view/tooltip/index.ts
FN:7,(anonymous_0)
FN:11,(anonymous_1)
FN:17,(anonymous_2)
FN:21,(anonymous_3)
FN:36,(anonymous_4)
FNF:5
FNH:5
FNDA:10,(anonymous_0)
FNDA:36,(anonymous_1)
FNDA:4,(anonymous_2)
FNDA:6,(anonymous_3)
FNDA:4,(anonymous_4)
DA:8,10
DA:12,36
DA:13,36
DA:14,36
DA:18,4
DA:22,6
DA:23,6
DA:24,3
DA:25,3
DA:26,3
DA:27,3
DA:28,1
DA:30,3
DA:31,1
DA:37,4
LF:15
LH:15
BRDA:23,0,0,3
BRDA:23,0,1,3
BRDA:27,1,0,1
BRDA:27,1,1,2
BRDA:30,2,0,1
BRDA:30,2,1,2
BRF:6
BRH:6
end_of_record
