TN:
SF:src/slider/SliderError.ts
FNF:0
FNH:0
DA:2,28
LF:1
LH:1
BRF:0
BRH:0
end_of_record
TN:
SF:src/slider/model/DefaultModel.ts
FN:23,(anonymous_0)
FN:32,(anonymous_1)
FN:39,(anonymous_2)
FN:46,(anonymous_3)
FN:50,(anonymous_4)
FN:58,(anonymous_5)
FN:62,(anonymous_6)
FN:69,(anonymous_7)
FN:76,(anonymous_8)
FN:88,(anonymous_9)
FN:97,(anonymous_10)
FN:101,(anonymous_11)
FN:110,(anonymous_12)
FN:116,(anonymous_13)
FN:124,(anonymous_14)
FN:132,(anonymous_15)
FN:136,(anonymous_16)
FN:140,(anonymous_17)
FN:146,(anonymous_18)
FN:151,(anonymous_19)
FN:155,(anonymous_20)
FN:159,(anonymous_21)
FN:163,(anonymous_22)
FNF:23
FNH:22
FNDA:62,(anonymous_0)
FNDA:55,(anonymous_1)
FNDA:37,(anonymous_2)
FNDA:16,(anonymous_3)
FNDA:151,(anonymous_4)
FNDA:7,(anonymous_5)
FNDA:41,(anonymous_6)
FNDA:11,(anonymous_7)
FNDA:4,(anonymous_8)
FNDA:5,(anonymous_9)
FNDA:51,(anonymous_10)
FNDA:8,(anonymous_11)
FNDA:3,(anonymous_12)
FNDA:8,(anonymous_13)
FNDA:8,(anonymous_14)
FNDA:5,(anonymous_15)
FNDA:5,(anonymous_16)
FNDA:12,(anonymous_17)
FNDA:0,(anonymous_18)
FNDA:3,(anonymous_19)
FNDA:2,(anonymous_20)
FNDA:2,(anonymous_21)
FNDA:3,(anonymous_22)
DA:9,62
DA:11,62
DA:13,62
DA:15,62
DA:17,62
DA:19,62
DA:21,62
DA:24,62
DA:25,19
DA:26,19
DA:27,19
DA:28,19
DA:33,55
DA:34,55
DA:35,55
DA:36,55
DA:41,37
DA:43,37
DA:47,16
DA:51,151
DA:52,10
DA:59,7
DA:63,41
DA:70,11
DA:77,4
DA:89,5
DA:98,51
DA:102,8
DA:103,5
DA:104,4
DA:106,2
DA:107,2
DA:111,3
DA:112,3
DA:113,3
DA:117,8
DA:118,8
DA:119,8
DA:120,4
DA:121,4
DA:125,8
DA:126,6
DA:128,3
DA:129,3
DA:133,5
DA:137,5
DA:141,12
DA:142,12
DA:147,0
DA:148,0
DA:152,3
DA:156,2
DA:160,2
DA:164,3
LF:54
LH:52
BRDA:24,0,0,19
BRDA:24,0,1,43
BRDA:25,1,0,8
BRDA:25,1,1,11
BRDA:26,2,0,13
BRDA:26,2,1,6
BRDA:27,3,0,2
BRDA:27,3,1,17
BRDA:33,4,0,38
BRDA:33,4,1,17
BRDA:34,5,0,22
BRDA:34,5,1,33
BRDA:35,6,0,21
BRDA:35,6,1,34
BRDA:36,7,0,22
BRDA:36,7,1,33
BRDA:41,8,0,22
BRDA:41,8,1,15
BRDA:43,9,0,29
BRDA:43,9,1,8
BRDA:51,10,0,141
BRDA:51,10,1,10
BRDA:102,11,0,3
BRDA:102,11,1,5
BRDA:103,12,0,1
BRDA:103,12,1,4
BRDA:104,13,0,2
BRDA:104,13,1,2
BRDA:107,14,0,1
BRDA:107,14,1,1
BRDA:119,15,0,4
BRDA:119,15,1,4
BRDA:120,16,0,2
BRDA:120,16,1,2
BRDA:121,17,0,1
BRDA:121,17,1,3
BRDA:125,18,0,2
BRDA:125,18,1,6
BRDA:126,19,0,3
BRDA:126,19,1,3
BRDA:137,20,0,5
BRDA:137,20,1,3
BRDA:142,21,0,12
BRDA:142,21,1,6
BRDA:142,21,2,11
BRDA:142,21,3,6
BRF:46
BRH:46
end_of_record
TN:
SF:src/slider/model/DefaultValidModel.ts
FN:8,(anonymous_0)
FN:32,(anonymous_1)
FN:46,(anonymous_2)
FN:60,(anonymous_3)
FN:67,(anonymous_4)
FN:74,(anonymous_5)
FN:83,(anonymous_6)
FN:90,(anonymous_7)
FN:96,(anonymous_8)
FN:102,(anonymous_9)
FN:108,(anonymous_10)
FN:117,(anonymous_11)
FN:127,(anonymous_12)
FN:145,(anonymous_13)
FNF:14
FNH:14
FNDA:36,(anonymous_0)
FNDA:28,(anonymous_1)
FNDA:14,(anonymous_2)
FNDA:18,(anonymous_3)
FNDA:9,(anonymous_4)
FNDA:30,(anonymous_5)
FNDA:137,(anonymous_6)
FNDA:33,(anonymous_7)
FNDA:46,(anonymous_8)
FNDA:27,(anonymous_9)
FNDA:17,(anonymous_10)
FNDA:37,(anonymous_11)
FNDA:8,(anonymous_12)
FNDA:27,(anonymous_13)
DA:9,36
DA:10,36
DA:11,36
DA:12,36
DA:13,28
DA:18,36
DA:19,23
DA:20,23
DA:22,23
DA:23,23
DA:26,36
DA:27,21
DA:33,28
DA:34,27
DA:35,27
DA:36,26
DA:37,13
DA:38,12
DA:40,13
DA:42,24
DA:43,23
DA:47,14
DA:48,13
DA:49,11
DA:50,10
DA:51,10
DA:52,10
DA:53,9
DA:54,8
DA:55,7
DA:56,6
DA:57,5
DA:61,18
DA:62,17
DA:63,17
DA:64,14
DA:68,9
DA:69,8
DA:70,8
DA:71,4
DA:75,30
DA:76,28
DA:77,27
DA:78,27
DA:79,27
DA:80,26
DA:85,137
DA:86,9
DA:91,33
DA:92,2
DA:97,46
DA:98,3
DA:103,27
DA:104,2
DA:109,17
DA:110,2
DA:112,15
DA:113,1
DA:119,37
DA:123,3
DA:128,8
DA:129,5
DA:130,1
DA:132,4
DA:133,1
DA:136,3
DA:137,1
DA:139,2
DA:140,1
DA:146,27
DA:147,1
DA:149,26
DA:150,0
LF:73
LH:72
BRDA:10,0,0,36
BRDA:10,0,1,0
BRDA:12,1,0,28
BRDA:12,1,1,8
BRDA:14,2,0,28
BRDA:14,2,1,27
BRDA:15,3,0,28
BRDA:15,3,1,0
BRDA:18,4,0,23
BRDA:18,4,1,13
BRDA:19,5,0,23
BRDA:19,5,1,0
BRDA:22,6,0,23
BRDA:22,6,1,0
BRDA:23,7,0,23
BRDA:23,7,1,0
BRDA:26,8,0,21
BRDA:26,8,1,15
BRDA:36,9,0,13
BRDA:36,9,1,13
BRDA:85,10,0,9
BRDA:85,10,1,128
BRDA:85,11,0,137
BRDA:85,11,1,137
BRDA:85,11,2,137
BRDA:85,11,3,128
BRDA:91,12,0,2
BRDA:91,12,1,31
BRDA:97,13,0,3
BRDA:97,13,1,43
BRDA:97,14,0,46
BRDA:97,14,1,44
BRDA:103,15,0,2
BRDA:103,15,1,25
BRDA:109,16,0,2
BRDA:109,16,1,15
BRDA:112,17,0,1
BRDA:112,17,1,14
BRDA:119,18,0,3
BRDA:119,18,1,34
BRDA:119,19,0,37
BRDA:119,19,1,4
BRDA:119,19,2,4
BRDA:128,20,0,5
BRDA:128,20,1,3
BRDA:129,21,0,1
BRDA:129,21,1,4
BRDA:132,22,0,1
BRDA:132,22,1,3
BRDA:136,23,0,1
BRDA:136,23,1,2
BRDA:139,24,0,1
BRDA:139,24,1,1
BRDA:146,25,0,1
BRDA:146,25,1,26
BRDA:149,26,0,0
BRDA:149,26,1,26
BRF:57
BRH:51
end_of_record
TN:
SF:src/slider/observer/Observer.ts
FN:8,(anonymous_0)
FN:16,(anonymous_1)
FN:18,(anonymous_2)
FNF:3
FNH:3
FNDA:70,(anonymous_0)
FNDA:16,(anonymous_1)
FNDA:7,(anonymous_2)
DA:6,106
DA:9,70
DA:10,68
DA:12,70
DA:13,70
DA:17,16
DA:18,5
DA:19,7
LF:8
LH:8
BRDA:9,0,0,68
BRDA:9,0,1,2
BRDA:17,1,0,5
BRDA:17,1,1,11
BRF:4
BRH:4
end_of_record
TN:
SF:src/slider/observer/SliderEvent.ts
FNF:0
FNH:0
LF:0
LH:0
BRF:0
BRH:0
end_of_record
TN:
SF:src/slider/presenter/Presenter.ts
FN:15,(anonymous_0)
FN:21,(anonymous_1)
FN:36,(anonymous_2)
FN:47,(anonymous_3)
FN:56,(anonymous_4)
FN:62,(anonymous_5)
FN:67,(anonymous_6)
FNF:7
FNH:6
FNDA:23,(anonymous_0)
FNDA:5,(anonymous_1)
FNDA:6,(anonymous_2)
FNDA:6,(anonymous_3)
FNDA:2,(anonymous_4)
FNDA:1,(anonymous_5)
FNDA:0,(anonymous_6)
DA:16,23
DA:17,23
DA:18,23
DA:22,5
DA:23,4
DA:30,4
DA:37,6
DA:38,6
DA:40,0
DA:41,0
DA:42,0
DA:48,6
DA:49,6
DA:53,6
DA:56,23
DA:57,2
DA:58,2
DA:59,1
DA:62,23
DA:63,1
DA:64,1
DA:67,23
DA:68,0
DA:69,0
DA:70,0
DA:71,0
LF:26
LH:19
BRDA:22,0,0,1
BRDA:22,0,1,4
BRDA:37,1,0,6
BRDA:37,1,1,0
BRDA:40,2,0,0
BRDA:40,2,1,0
BRDA:41,3,0,0
BRDA:41,3,1,0
BRDA:58,4,0,1
BRDA:58,4,1,1
BRDA:70,5,0,0
BRDA:70,5,1,0
BRF:12
BRH:5
end_of_record
TN:
SF:src/slider/presenter/PresenterProxy.ts
FN:10,(anonymous_0)
FN:14,(anonymous_1)
FN:18,(anonymous_2)
FN:23,(anonymous_3)
FN:31,(anonymous_4)
FN:39,(anonymous_5)
FN:43,(anonymous_6)
FN:58,(anonymous_7)
FN:60,(anonymous_8)
FN:64,(anonymous_9)
FN:66,(anonymous_10)
FN:70,(anonymous_11)
FN:72,(anonymous_12)
FN:73,(anonymous_13)
FN:76,(anonymous_14)
FN:96,(anonymous_15)
FN:104,(anonymous_16)
FN:109,(anonymous_17)
FN:122,(anonymous_18)
FN:130,(anonymous_19)
FN:143,(anonymous_20)
FNF:21
FNH:21
FNDA:1,(anonymous_0)
FNDA:1,(anonymous_1)
FNDA:1,(anonymous_2)
FNDA:1,(anonymous_3)
FNDA:2,(anonymous_4)
FNDA:1,(anonymous_5)
FNDA:3,(anonymous_6)
FNDA:1,(anonymous_7)
FNDA:2,(anonymous_8)
FNDA:1,(anonymous_9)
FNDA:2,(anonymous_10)
FNDA:1,(anonymous_11)
FNDA:2,(anonymous_12)
FNDA:2,(anonymous_13)
FNDA:2,(anonymous_14)
FNDA:2,(anonymous_15)
FNDA:1,(anonymous_16)
FNDA:1,(anonymous_17)
FNDA:5,(anonymous_18)
FNDA:4,(anonymous_19)
FNDA:3,(anonymous_20)
DA:11,1
DA:15,1
DA:19,1
DA:20,1
DA:24,1
DA:25,1
DA:32,2
DA:33,2
DA:40,1
DA:44,3
DA:45,3
DA:46,1
DA:52,3
DA:53,3
DA:54,2
DA:59,1
DA:60,2
DA:61,1
DA:65,1
DA:66,2
DA:67,1
DA:71,1
DA:72,2
DA:73,2
DA:77,2
DA:78,2
DA:79,2
DA:80,1
DA:81,1
DA:85,1
DA:90,2
DA:97,2
DA:98,2
DA:99,2
DA:100,1
DA:105,1
DA:106,1
DA:110,1
DA:111,1
DA:112,1
DA:113,1
DA:114,1
DA:123,5
DA:124,5
DA:125,5
DA:126,4
DA:131,4
DA:132,4
DA:133,2
DA:134,2
DA:136,4
DA:137,1
DA:138,1
DA:140,4
DA:144,3
DA:145,3
LF:56
LH:56
BRDA:45,0,0,1
BRDA:45,0,1,2
BRDA:53,1,0,2
BRDA:53,1,1,1
BRDA:79,2,0,1
BRDA:79,2,1,1
BRDA:99,3,0,1
BRDA:99,3,1,1
BRDA:113,4,0,1
BRDA:113,4,1,0
BRDA:125,5,0,4
BRDA:125,5,1,1
BRDA:132,6,0,2
BRDA:132,6,1,2
BRDA:136,7,0,1
BRDA:136,7,1,3
BRDA:144,8,0,3
BRDA:144,8,1,0
BRF:18
BRH:16
end_of_record
TN:
SF:src/slider/types/MinMaxPosition.ts
FNF:0
FNH:0
LF:0
LH:0
BRF:0
BRH:0
end_of_record
TN:
SF:src/slider/utils/ClassNames.ts
FNF:0
FNH:0
LF:0
LH:0
BRF:0
BRH:0
end_of_record
TN:
SF:src/slider/utils/CssClassUtil.ts
FN:6,(anonymous_0)
FN:11,(anonymous_1)
FN:17,(anonymous_2)
FN:21,(anonymous_3)
FN:25,(anonymous_4)
FN:29,(anonymous_5)
FN:33,(anonymous_6)
FNF:7
FNH:7
FNDA:206,(anonymous_0)
FNDA:17,(anonymous_1)
FNDA:15,(anonymous_2)
FNDA:3,(anonymous_3)
FNDA:3,(anonymous_4)
FNDA:2,(anonymous_5)
FNDA:241,(anonymous_6)
DA:4,8
DA:7,206
DA:8,206
DA:12,17
DA:13,17
DA:14,17
DA:18,15
DA:22,3
DA:26,3
DA:30,2
DA:34,241
LF:11
LH:11
BRDA:8,0,0,169
BRDA:8,0,1,37
BRDA:34,1,0,229
BRDA:34,1,1,12
BRF:4
BRH:4
end_of_record
TN:
SF:src/slider/utils/PositionUtil.ts
FN:2,(anonymous_0)
FN:11,(anonymous_1)
FNF:2
FNH:2
FNDA:3,(anonymous_0)
FNDA:1,(anonymous_1)
DA:3,3
DA:4,2
DA:8,1
DA:12,1
DA:13,1
LF:5
LH:5
BRDA:3,0,0,2
BRDA:3,0,1,1
BRDA:4,1,0,1
BRDA:4,1,1,1
BRDA:13,2,0,0
BRDA:13,2,1,1
BRF:6
BRH:5
end_of_record
TN:
SF:src/slider/view/DefaultView.ts
FN:20,(anonymous_0)
FN:57,(anonymous_1)
FN:61,(anonymous_2)
FN:65,(anonymous_3)
FN:69,(anonymous_4)
FN:75,(anonymous_5)
FN:79,(anonymous_6)
FN:83,(anonymous_7)
FN:87,(anonymous_8)
FN:91,(anonymous_9)
FN:95,(anonymous_10)
FN:98,(anonymous_11)
FN:102,(anonymous_12)
FN:108,(anonymous_13)
FNF:14
FNH:7
FNDA:10,(anonymous_0)
FNDA:1,(anonymous_1)
FNDA:1,(anonymous_2)
FNDA:1,(anonymous_3)
FNDA:1,(anonymous_4)
FNDA:1,(anonymous_5)
FNDA:11,(anonymous_6)
FNDA:0,(anonymous_7)
FNDA:0,(anonymous_8)
FNDA:0,(anonymous_9)
FNDA:0,(anonymous_10)
FNDA:0,(anonymous_11)
FNDA:0,(anonymous_12)
FNDA:0,(anonymous_13)
DA:16,10
DA:18,10
DA:30,10
DA:31,10
DA:32,10
DA:34,10
DA:39,10
DA:44,10
DA:45,10
DA:46,10
DA:48,10
DA:49,10
DA:51,10
DA:52,10
DA:53,10
DA:54,1
DA:58,1
DA:62,1
DA:66,1
DA:70,1
DA:71,1
DA:72,1
DA:76,1
DA:80,11
DA:83,10
DA:84,0
DA:87,10
DA:88,0
DA:91,10
DA:92,0
DA:95,10
DA:96,0
DA:98,0
DA:103,0
DA:104,0
DA:105,0
DA:108,10
DA:109,0
LF:38
LH:29
BRDA:48,0,0,1
BRDA:48,0,1,9
BRDA:52,1,0,1
BRDA:52,1,1,9
BRDA:53,2,0,9
BRDA:53,2,1,1
BRDA:104,3,0,0
BRDA:104,3,1,0
BRF:8
BRH:6
end_of_record
TN:
SF:src/slider/view/MockView.ts
FN:8,(anonymous_0)
FN:17,(anonymous_1)
FN:20,(anonymous_2)
FN:23,(anonymous_3)
FN:26,(anonymous_4)
FN:29,(anonymous_5)
FN:32,(anonymous_6)
FNF:7
FNH:7
FNDA:4,(anonymous_0)
FNDA:1,(anonymous_1)
FNDA:2,(anonymous_2)
FNDA:2,(anonymous_3)
FNDA:1,(anonymous_4)
FNDA:3,(anonymous_5)
FNDA:1,(anonymous_6)
LF:0
LH:0
BRF:0
BRH:0
end_of_record
TN:
SF:src/slider/view/body/Body.ts
FN:23,(anonymous_0)
FN:27,(anonymous_1)
FN:43,(anonymous_2)
FN:47,(anonymous_3)
FN:52,(anonymous_4)
FN:59,(anonymous_5)
FN:77,(anonymous_6)
FN:81,(anonymous_7)
FN:85,(anonymous_8)
FN:87,(anonymous_9)
FN:91,(anonymous_10)
FN:95,(anonymous_11)
FN:110,(anonymous_12)
FN:114,(anonymous_13)
FN:116,(anonymous_14)
FN:125,(anonymous_15)
FNF:16
FNH:7
FNDA:0,(anonymous_0)
FNDA:16,(anonymous_1)
FNDA:3,(anonymous_2)
FNDA:3,(anonymous_3)
FNDA:2,(anonymous_4)
FNDA:13,(anonymous_5)
FNDA:0,(anonymous_6)
FNDA:0,(anonymous_7)
FNDA:0,(anonymous_8)
FNDA:0,(anonymous_9)
FNDA:0,(anonymous_10)
FNDA:5,(anonymous_11)
FNDA:3,(anonymous_12)
FNDA:0,(anonymous_13)
FNDA:0,(anonymous_14)
FNDA:0,(anonymous_15)
DA:17,16
DA:19,16
DA:21,16
DA:24,0
DA:28,16
DA:29,16
DA:31,16
DA:32,16
DA:38,16
DA:39,16
DA:40,16
DA:44,3
DA:48,3
DA:49,3
DA:53,2
DA:54,2
DA:55,2
DA:56,2
DA:60,13
DA:61,13
DA:62,13
DA:63,13
DA:65,13
DA:66,11
DA:67,11
DA:70,13
DA:77,16
DA:78,0
DA:81,16
DA:82,0
DA:85,16
DA:86,0
DA:87,0
DA:92,0
DA:96,5
DA:97,4
DA:101,4
DA:102,2
DA:104,2
DA:107,5
DA:111,3
DA:114,16
DA:115,0
DA:117,0
DA:126,0
DA:127,0
LF:46
LH:36
BRDA:61,0,0,13
BRDA:61,0,1,0
BRDA:65,1,0,11
BRDA:65,1,1,2
BRDA:73,2,0,13
BRDA:73,2,1,0
BRDA:86,3,0,0
BRDA:86,3,1,0
BRDA:92,4,0,0
BRDA:92,4,1,0
BRDA:96,5,0,4
BRDA:96,5,1,1
BRDA:101,6,0,2
BRDA:101,6,1,2
BRDA:102,7,0,1
BRDA:102,7,1,1
BRDA:104,8,0,1
BRDA:104,8,1,1
BRDA:114,9,0,0
BRDA:127,10,0,0
BRDA:127,10,1,0
BRF:21
BRH:12
end_of_record
TN:
SF:src/slider/view/point/Point.ts
FN:16,(anonymous_0)
FN:20,(anonymous_1)
FN:28,(anonymous_2)
FN:36,(anonymous_3)
FN:41,(anonymous_4)
FN:48,(anonymous_5)
FN:49,(anonymous_6)
FN:52,(anonymous_7)
FN:56,(anonymous_8)
FN:62,(anonymous_9)
FN:66,(anonymous_10)
FN:70,(anonymous_11)
FN:76,(anonymous_12)
FNF:13
FNH:11
FNDA:11,(anonymous_0)
FNDA:43,(anonymous_1)
FNDA:3,(anonymous_2)
FNDA:3,(anonymous_3)
FNDA:2,(anonymous_4)
FNDA:1,(anonymous_5)
FNDA:0,(anonymous_6)
FNDA:0,(anonymous_7)
FNDA:26,(anonymous_8)
FNDA:4,(anonymous_9)
FNDA:7,(anonymous_10)
FNDA:5,(anonymous_11)
FNDA:8,(anonymous_12)
DA:12,43
DA:14,43
DA:17,11
DA:21,43
DA:22,43
DA:23,43
DA:24,43
DA:25,43
DA:28,43
DA:29,3
DA:30,3
DA:31,3
DA:32,3
DA:33,3
DA:37,3
DA:38,3
DA:41,43
DA:42,2
DA:43,2
DA:44,2
DA:45,2
DA:48,43
DA:49,1
DA:53,0
DA:57,26
DA:58,26
DA:59,26
DA:63,4
DA:67,7
DA:71,5
DA:72,5
DA:73,5
DA:77,8
DA:78,8
LF:34
LH:33
BRDA:53,0,0,0
BRDA:53,0,1,0
BRDA:58,1,0,25
BRDA:58,1,1,1
BRDA:59,2,0,21
BRDA:59,2,1,5
BRDA:78,3,0,4
BRDA:78,3,1,4
BRF:8
BRH:6
end_of_record
TN:
SF:src/slider/view/range/Range.ts
FN:9,(anonymous_0)
FN:13,(anonymous_1)
FN:19,(anonymous_2)
FN:30,(anonymous_3)
FNF:4
FNH:4
FNDA:8,(anonymous_0)
FNDA:21,(anonymous_1)
FNDA:15,(anonymous_2)
FNDA:3,(anonymous_3)
DA:10,8
DA:14,21
DA:15,21
DA:16,21
DA:20,15
DA:21,14
DA:22,14
DA:23,14
DA:25,1
DA:26,1
DA:31,3
LF:11
LH:11
BRDA:20,0,0,14
BRDA:20,0,1,1
BRDA:22,1,0,14
BRDA:22,1,1,0
BRDA:23,2,0,12
BRDA:23,2,1,2
BRDA:25,3,0,1
BRDA:25,3,1,0
BRDA:26,4,0,1
BRDA:26,4,1,0
BRF:10
BRH:7
end_of_record
TN:
SF:src/slider/view/scale/Scale.ts
FN:13,(anonymous_0)
FN:20,(anonymous_1)
FN:24,(anonymous_2)
FN:28,(anonymous_3)
FN:30,(anonymous_4)
FN:37,(anonymous_5)
FN:51,(anonymous_6)
FN:58,(anonymous_7)
FN:76,(anonymous_8)
FN:80,(anonymous_9)
FN:84,(anonymous_10)
FN:95,(anonymous_11)
FN:101,(anonymous_12)
FN:104,(anonymous_13)
FNF:14
FNH:7
FNDA:6,(anonymous_0)
FNDA:5,(anonymous_1)
FNDA:1,(anonymous_2)
FNDA:1,(anonymous_3)
FNDA:0,(anonymous_4)
FNDA:2,(anonymous_5)
FNDA:55,(anonymous_6)
FNDA:2,(anonymous_7)
FNDA:0,(anonymous_8)
FNDA:0,(anonymous_9)
FNDA:0,(anonymous_10)
FNDA:0,(anonymous_11)
FNDA:0,(anonymous_12)
FNDA:0,(anonymous_13)
DA:14,6
DA:15,6
DA:16,6
DA:17,6
DA:21,5
DA:25,1
DA:29,1
DA:30,1
DA:31,0
DA:32,0
DA:38,2
DA:39,2
DA:40,2
DA:41,2
DA:43,2
DA:44,2
DA:45,55
DA:47,2
DA:52,55
DA:53,55
DA:54,55
DA:55,55
DA:64,2
DA:65,2
DA:66,2
DA:67,3
DA:68,3
DA:70,2
DA:76,6
DA:77,0
DA:78,0
DA:79,0
DA:80,0
DA:85,0
DA:89,0
DA:95,6
DA:96,0
DA:97,0
DA:98,0
DA:101,6
DA:102,0
DA:103,0
DA:104,0
DA:106,0
DA:108,0
DA:109,0
LF:46
LH:29
BRDA:40,0,0,2
BRDA:40,0,1,0
BRDA:41,1,0,1
BRDA:41,1,1,1
BRDA:53,2,0,49
BRDA:53,2,1,6
BRDA:85,3,0,0
BRDA:85,3,1,0
BRDA:103,4,0,0
BRDA:103,4,1,0
BRF:10
BRH:5
end_of_record
TN:
SF:src/slider/view/tooltip/Tooltip.ts
FN:8,(anonymous_0)
FN:12,(anonymous_1)
FN:18,(anonymous_2)
FN:22,(anonymous_3)
FN:37,(anonymous_4)
FNF:5
FNH:5
FNDA:10,(anonymous_0)
FNDA:50,(anonymous_1)
FNDA:8,(anonymous_2)
FNDA:24,(anonymous_3)
FNDA:6,(anonymous_4)
DA:9,10
DA:13,50
DA:14,50
DA:15,50
DA:19,8
DA:23,24
DA:24,24
DA:25,3
DA:26,3
DA:27,3
DA:28,3
DA:29,1
DA:31,3
DA:32,1
DA:38,6
LF:15
LH:15
BRDA:24,0,0,3
BRDA:24,0,1,21
BRDA:28,1,0,1
BRDA:28,1,1,2
BRDA:31,2,0,1
BRDA:31,2,1,2
BRF:6
BRH:6
end_of_record
